{"C:\\Users\\torpi\\Documents\\GitHub\\OptIn\\js\\app.js": {"path":"C:\\Users\\torpi\\Documents\\GitHub\\OptIn\\js\\app.js","statementMap":{"0":{"start":{"line":3,"column":0},"end":{"line":12,"column":3}},"1":{"start":{"line":7,"column":4},"end":{"line":7,"column":16}},"2":{"start":{"line":10,"column":4},"end":{"line":10,"column":23}},"3":{"start":{"line":11,"column":4},"end":{"line":11,"column":28}},"4":{"start":{"line":16,"column":28},"end":{"line":16,"column":67}},"5":{"start":{"line":18,"column":4},"end":{"line":22,"column":5}},"6":{"start":{"line":20,"column":8},"end":{"line":20,"column":38}},"7":{"start":{"line":21,"column":8},"end":{"line":21,"column":21}},"8":{"start":{"line":24,"column":4},"end":{"line":24,"column":16}},"9":{"start":{"line":30,"column":24},"end":{"line":30,"column":64}},"10":{"start":{"line":31,"column":26},"end":{"line":31,"column":68}},"11":{"start":{"line":32,"column":28},"end":{"line":32,"column":72}},"12":{"start":{"line":33,"column":27},"end":{"line":33,"column":70}},"13":{"start":{"line":35,"column":4},"end":{"line":53,"column":5}},"14":{"start":{"line":36,"column":8},"end":{"line":38,"column":11}},"15":{"start":{"line":37,"column":12},"end":{"line":37,"column":50}},"16":{"start":{"line":40,"column":29},"end":{"line":42,"column":9}},"17":{"start":{"line":41,"column":12},"end":{"line":41,"column":53}},"18":{"start":{"line":44,"column":8},"end":{"line":44,"column":85}},"19":{"start":{"line":44,"column":29},"end":{"line":44,"column":85}},"20":{"start":{"line":45,"column":8},"end":{"line":45,"column":83}},"21":{"start":{"line":45,"column":28},"end":{"line":45,"column":83}},"22":{"start":{"line":48,"column":8},"end":{"line":52,"column":11}},"23":{"start":{"line":49,"column":12},"end":{"line":51,"column":13}},"24":{"start":{"line":50,"column":16},"end":{"line":50,"column":31}},"25":{"start":{"line":56,"column":24},"end":{"line":56,"column":63}},"26":{"start":{"line":57,"column":26},"end":{"line":57,"column":67}},"27":{"start":{"line":58,"column":31},"end":{"line":58,"column":78}},"28":{"start":{"line":60,"column":4},"end":{"line":76,"column":5}},"29":{"start":{"line":61,"column":8},"end":{"line":63,"column":11}},"30":{"start":{"line":62,"column":12},"end":{"line":62,"column":50}},"31":{"start":{"line":65,"column":29},"end":{"line":67,"column":9}},"32":{"start":{"line":66,"column":12},"end":{"line":66,"column":53}},"33":{"start":{"line":69,"column":8},"end":{"line":69,"column":91}},"34":{"start":{"line":69,"column":32},"end":{"line":69,"column":91}},"35":{"start":{"line":71,"column":8},"end":{"line":75,"column":11}},"36":{"start":{"line":72,"column":12},"end":{"line":74,"column":13}},"37":{"start":{"line":73,"column":16},"end":{"line":73,"column":31}},"38":{"start":{"line":79,"column":22},"end":{"line":79,"column":59}},"39":{"start":{"line":80,"column":4},"end":{"line":82,"column":5}},"40":{"start":{"line":81,"column":8},"end":{"line":81,"column":52}},"41":{"start":{"line":87,"column":4},"end":{"line":87,"column":47}},"42":{"start":{"line":88,"column":4},"end":{"line":88,"column":42}},"43":{"start":{"line":89,"column":4},"end":{"line":89,"column":41}},"44":{"start":{"line":90,"column":4},"end":{"line":90,"column":34}},"45":{"start":{"line":95,"column":4},"end":{"line":95,"column":31}},"46":{"start":{"line":100,"column":28},"end":{"line":100,"column":68}},"47":{"start":{"line":101,"column":33},"end":{"line":101,"column":79}},"48":{"start":{"line":104,"column":26},"end":{"line":104,"column":79}},"49":{"start":{"line":106,"column":4},"end":{"line":108,"column":5}},"50":{"start":{"line":107,"column":8},"end":{"line":107,"column":53}},"51":{"start":{"line":111,"column":4},"end":{"line":111,"column":30}},"52":{"start":{"line":114,"column":4},"end":{"line":116,"column":5}},"53":{"start":{"line":115,"column":8},"end":{"line":115,"column":68}},"54":{"start":{"line":118,"column":4},"end":{"line":127,"column":5}},"55":{"start":{"line":119,"column":8},"end":{"line":126,"column":11}},"56":{"start":{"line":120,"column":12},"end":{"line":120,"column":73}},"57":{"start":{"line":121,"column":12},"end":{"line":125,"column":13}},"58":{"start":{"line":122,"column":16},"end":{"line":122,"column":42}},"59":{"start":{"line":124,"column":16},"end":{"line":124,"column":64}},"60":{"start":{"line":130,"column":4},"end":{"line":130,"column":57}},"61":{"start":{"line":134,"column":26},"end":{"line":134,"column":79}},"62":{"start":{"line":136,"column":4},"end":{"line":139,"column":5}},"63":{"start":{"line":137,"column":8},"end":{"line":137,"column":56}},"64":{"start":{"line":138,"column":8},"end":{"line":138,"column":15}},"65":{"start":{"line":141,"column":16},"end":{"line":141,"column":26}},"66":{"start":{"line":142,"column":27},"end":{"line":142,"column":65}},"67":{"start":{"line":145,"column":21},"end":{"line":145,"column":67}},"68":{"start":{"line":146,"column":19},"end":{"line":146,"column":63}},"69":{"start":{"line":148,"column":37},"end":{"line":148,"column":68}},"70":{"start":{"line":149,"column":33},"end":{"line":149,"column":62}},"71":{"start":{"line":151,"column":25},"end":{"line":151,"column":53}},"72":{"start":{"line":152,"column":23},"end":{"line":152,"column":47}},"73":{"start":{"line":154,"column":24},"end":{"line":154,"column":29}},"74":{"start":{"line":156,"column":4},"end":{"line":162,"column":5}},"75":{"start":{"line":158,"column":8},"end":{"line":158,"column":86}},"76":{"start":{"line":161,"column":8},"end":{"line":161,"column":86}},"77":{"start":{"line":164,"column":4},"end":{"line":168,"column":5}},"78":{"start":{"line":165,"column":8},"end":{"line":165,"column":53}},"79":{"start":{"line":167,"column":8},"end":{"line":167,"column":56}},"80":{"start":{"line":172,"column":4},"end":{"line":172,"column":52}},"81":{"start":{"line":175,"column":21},"end":{"line":175,"column":70}},"82":{"start":{"line":176,"column":4},"end":{"line":176,"column":57}},"83":{"start":{"line":178,"column":19},"end":{"line":178,"column":65}},"84":{"start":{"line":179,"column":4},"end":{"line":181,"column":5}},"85":{"start":{"line":180,"column":8},"end":{"line":180,"column":34}},"86":{"start":{"line":186,"column":24},"end":{"line":186,"column":58}},"87":{"start":{"line":187,"column":4},"end":{"line":194,"column":5}},"88":{"start":{"line":188,"column":8},"end":{"line":193,"column":9}},"89":{"start":{"line":189,"column":12},"end":{"line":189,"column":43}},"90":{"start":{"line":191,"column":12},"end":{"line":191,"column":59}},"91":{"start":{"line":192,"column":12},"end":{"line":192,"column":24}},"92":{"start":{"line":195,"column":4},"end":{"line":195,"column":16}},"93":{"start":{"line":199,"column":0},"end":{"line":199,"column":39}},"94":{"start":{"line":200,"column":0},"end":{"line":200,"column":29}},"95":{"start":{"line":201,"column":0},"end":{"line":201,"column":23}},"96":{"start":{"line":202,"column":0},"end":{"line":202,"column":27}}},"fnMap":{"0":{"name":"(anonymous_0)","decl":{"start":{"line":3,"column":46},"end":{"line":3,"column":47}},"loc":{"start":{"line":3,"column":52},"end":{"line":12,"column":1}},"line":3},"1":{"name":"checkAuth","decl":{"start":{"line":15,"column":9},"end":{"line":15,"column":18}},"loc":{"start":{"line":15,"column":21},"end":{"line":25,"column":1}},"line":15},"2":{"name":"initializeModals","decl":{"start":{"line":28,"column":9},"end":{"line":28,"column":25}},"loc":{"start":{"line":28,"column":28},"end":{"line":83,"column":1}},"line":28},"3":{"name":"(anonymous_3)","decl":{"start":{"line":36,"column":46},"end":{"line":36,"column":47}},"loc":{"start":{"line":36,"column":52},"end":{"line":38,"column":9}},"line":36},"4":{"name":"(anonymous_4)","decl":{"start":{"line":40,"column":29},"end":{"line":40,"column":30}},"loc":{"start":{"line":40,"column":35},"end":{"line":42,"column":9}},"line":40},"5":{"name":"(anonymous_5)","decl":{"start":{"line":48,"column":48},"end":{"line":48,"column":49}},"loc":{"start":{"line":48,"column":55},"end":{"line":52,"column":9}},"line":48},"6":{"name":"(anonymous_6)","decl":{"start":{"line":61,"column":46},"end":{"line":61,"column":47}},"loc":{"start":{"line":61,"column":52},"end":{"line":63,"column":9}},"line":61},"7":{"name":"(anonymous_7)","decl":{"start":{"line":65,"column":29},"end":{"line":65,"column":30}},"loc":{"start":{"line":65,"column":35},"end":{"line":67,"column":9}},"line":65},"8":{"name":"(anonymous_8)","decl":{"start":{"line":71,"column":48},"end":{"line":71,"column":49}},"loc":{"start":{"line":71,"column":55},"end":{"line":75,"column":9}},"line":71},"9":{"name":"logout","decl":{"start":{"line":86,"column":9},"end":{"line":86,"column":15}},"loc":{"start":{"line":86,"column":18},"end":{"line":91,"column":1}},"line":86},"10":{"name":"navigate","decl":{"start":{"line":94,"column":9},"end":{"line":94,"column":17}},"loc":{"start":{"line":94,"column":23},"end":{"line":96,"column":1}},"line":94},"11":{"name":"initializeSunsetTimer","decl":{"start":{"line":99,"column":9},"end":{"line":99,"column":30}},"loc":{"start":{"line":99,"column":33},"end":{"line":131,"column":1}},"line":99},"12":{"name":"(anonymous_12)","decl":{"start":{"line":119,"column":56},"end":{"line":119,"column":57}},"loc":{"start":{"line":119,"column":63},"end":{"line":126,"column":9}},"line":119},"13":{"name":"checkAndApplySunsetMode","decl":{"start":{"line":133,"column":9},"end":{"line":133,"column":32}},"loc":{"start":{"line":133,"column":35},"end":{"line":169,"column":1}},"line":133},"14":{"name":"toggleSunsetMode","decl":{"start":{"line":171,"column":9},"end":{"line":171,"column":25}},"loc":{"start":{"line":171,"column":28},"end":{"line":182,"column":1}},"line":171},"15":{"name":"getCurrentUser","decl":{"start":{"line":185,"column":9},"end":{"line":185,"column":23}},"loc":{"start":{"line":185,"column":26},"end":{"line":196,"column":1}},"line":185}},"branchMap":{"0":{"loc":{"start":{"line":18,"column":4},"end":{"line":22,"column":5}},"type":"if","locations":[{"start":{"line":18,"column":4},"end":{"line":22,"column":5}},{"start":{},"end":{}}],"line":18},"1":{"loc":{"start":{"line":18,"column":8},"end":{"line":18,"column":54}},"type":"binary-expr","locations":[{"start":{"line":18,"column":8},"end":{"line":18,"column":24}},{"start":{"line":18,"column":28},"end":{"line":18,"column":54}}],"line":18},"2":{"loc":{"start":{"line":35,"column":4},"end":{"line":53,"column":5}},"type":"if","locations":[{"start":{"line":35,"column":4},"end":{"line":53,"column":5}},{"start":{},"end":{}}],"line":35},"3":{"loc":{"start":{"line":35,"column":8},"end":{"line":35,"column":36}},"type":"binary-expr","locations":[{"start":{"line":35,"column":8},"end":{"line":35,"column":19}},{"start":{"line":35,"column":23},"end":{"line":35,"column":36}}],"line":35},"4":{"loc":{"start":{"line":44,"column":8},"end":{"line":44,"column":85}},"type":"if","locations":[{"start":{"line":44,"column":8},"end":{"line":44,"column":85}},{"start":{},"end":{}}],"line":44},"5":{"loc":{"start":{"line":45,"column":8},"end":{"line":45,"column":83}},"type":"if","locations":[{"start":{"line":45,"column":8},"end":{"line":45,"column":83}},{"start":{},"end":{}}],"line":45},"6":{"loc":{"start":{"line":49,"column":12},"end":{"line":51,"column":13}},"type":"if","locations":[{"start":{"line":49,"column":12},"end":{"line":51,"column":13}},{"start":{},"end":{}}],"line":49},"7":{"loc":{"start":{"line":60,"column":4},"end":{"line":76,"column":5}},"type":"if","locations":[{"start":{"line":60,"column":4},"end":{"line":76,"column":5}},{"start":{},"end":{}}],"line":60},"8":{"loc":{"start":{"line":60,"column":8},"end":{"line":60,"column":36}},"type":"binary-expr","locations":[{"start":{"line":60,"column":8},"end":{"line":60,"column":19}},{"start":{"line":60,"column":23},"end":{"line":60,"column":36}}],"line":60},"9":{"loc":{"start":{"line":69,"column":8},"end":{"line":69,"column":91}},"type":"if","locations":[{"start":{"line":69,"column":8},"end":{"line":69,"column":91}},{"start":{},"end":{}}],"line":69},"10":{"loc":{"start":{"line":72,"column":12},"end":{"line":74,"column":13}},"type":"if","locations":[{"start":{"line":72,"column":12},"end":{"line":74,"column":13}},{"start":{},"end":{}}],"line":72},"11":{"loc":{"start":{"line":80,"column":4},"end":{"line":82,"column":5}},"type":"if","locations":[{"start":{"line":80,"column":4},"end":{"line":82,"column":5}},{"start":{},"end":{}}],"line":80},"12":{"loc":{"start":{"line":106,"column":4},"end":{"line":108,"column":5}},"type":"if","locations":[{"start":{"line":106,"column":4},"end":{"line":108,"column":5}},{"start":{},"end":{}}],"line":106},"13":{"loc":{"start":{"line":114,"column":4},"end":{"line":116,"column":5}},"type":"if","locations":[{"start":{"line":114,"column":4},"end":{"line":116,"column":5}},{"start":{},"end":{}}],"line":114},"14":{"loc":{"start":{"line":118,"column":4},"end":{"line":127,"column":5}},"type":"if","locations":[{"start":{"line":118,"column":4},"end":{"line":127,"column":5}},{"start":{},"end":{}}],"line":118},"15":{"loc":{"start":{"line":121,"column":12},"end":{"line":125,"column":13}},"type":"if","locations":[{"start":{"line":121,"column":12},"end":{"line":125,"column":13}},{"start":{"line":123,"column":19},"end":{"line":125,"column":13}}],"line":121},"16":{"loc":{"start":{"line":136,"column":4},"end":{"line":139,"column":5}},"type":"if","locations":[{"start":{"line":136,"column":4},"end":{"line":139,"column":5}},{"start":{},"end":{}}],"line":136},"17":{"loc":{"start":{"line":145,"column":21},"end":{"line":145,"column":67}},"type":"binary-expr","locations":[{"start":{"line":145,"column":21},"end":{"line":145,"column":56}},{"start":{"line":145,"column":60},"end":{"line":145,"column":67}}],"line":145},"18":{"loc":{"start":{"line":146,"column":19},"end":{"line":146,"column":63}},"type":"binary-expr","locations":[{"start":{"line":146,"column":19},"end":{"line":146,"column":52}},{"start":{"line":146,"column":56},"end":{"line":146,"column":63}}],"line":146},"19":{"loc":{"start":{"line":156,"column":4},"end":{"line":162,"column":5}},"type":"if","locations":[{"start":{"line":156,"column":4},"end":{"line":162,"column":5}},{"start":{"line":159,"column":11},"end":{"line":162,"column":5}}],"line":156},"20":{"loc":{"start":{"line":158,"column":24},"end":{"line":158,"column":85}},"type":"binary-expr","locations":[{"start":{"line":158,"column":24},"end":{"line":158,"column":54}},{"start":{"line":158,"column":58},"end":{"line":158,"column":85}}],"line":158},"21":{"loc":{"start":{"line":161,"column":24},"end":{"line":161,"column":85}},"type":"binary-expr","locations":[{"start":{"line":161,"column":24},"end":{"line":161,"column":54}},{"start":{"line":161,"column":58},"end":{"line":161,"column":85}}],"line":161},"22":{"loc":{"start":{"line":164,"column":4},"end":{"line":168,"column":5}},"type":"if","locations":[{"start":{"line":164,"column":4},"end":{"line":168,"column":5}},{"start":{"line":166,"column":11},"end":{"line":168,"column":5}}],"line":164},"23":{"loc":{"start":{"line":179,"column":4},"end":{"line":181,"column":5}},"type":"if","locations":[{"start":{"line":179,"column":4},"end":{"line":181,"column":5}},{"start":{},"end":{}}],"line":179},"24":{"loc":{"start":{"line":187,"column":4},"end":{"line":194,"column":5}},"type":"if","locations":[{"start":{"line":187,"column":4},"end":{"line":194,"column":5}},{"start":{},"end":{}}],"line":187}},"s":{"0":1,"1":1,"2":1,"3":1,"4":3,"5":3,"6":2,"7":2,"8":1,"9":1,"10":1,"11":1,"12":1,"13":1,"14":1,"15":1,"16":1,"17":1,"18":1,"19":1,"20":1,"21":1,"22":1,"23":0,"24":0,"25":1,"26":1,"27":1,"28":1,"29":1,"30":0,"31":1,"32":0,"33":1,"34":1,"35":1,"36":0,"37":0,"38":1,"39":1,"40":1,"41":1,"42":1,"43":1,"44":1,"45":0,"46":1,"47":1,"48":1,"49":1,"50":1,"51":1,"52":1,"53":1,"54":1,"55":1,"56":0,"57":0,"58":0,"59":0,"60":1,"61":3,"62":3,"63":0,"64":0,"65":3,"66":3,"67":3,"68":3,"69":3,"70":3,"71":3,"72":3,"73":3,"74":3,"75":0,"76":3,"77":3,"78":2,"79":1,"80":0,"81":0,"82":0,"83":0,"84":0,"85":0,"86":1,"87":1,"88":1,"89":1,"90":0,"91":0,"92":0,"93":1,"94":1,"95":1,"96":1},"f":{"0":1,"1":3,"2":1,"3":1,"4":1,"5":0,"6":0,"7":0,"8":0,"9":1,"10":0,"11":1,"12":0,"13":3,"14":0,"15":1},"b":{"0":[2,1],"1":[3,1],"2":[1,0],"3":[1,1],"4":[1,0],"5":[1,0],"6":[0,0],"7":[1,0],"8":[1,1],"9":[1,0],"10":[0,0],"11":[1,0],"12":[1,0],"13":[1,0],"14":[1,0],"15":[0,0],"16":[0,3],"17":[3,0],"18":[3,0],"19":[0,3],"20":[0,0],"21":[3,1],"22":[2,1],"23":[0,0],"24":[1,0]},"meta":{"lastBranch":25,"lastFunction":16,"lastStatement":97,"seen":{"s:3:0:12:3":0,"f:3:46:3:47":0,"s:7:4:7:16":1,"s:10:4:10:23":2,"s:11:4:11:28":3,"f:15:9:15:18":1,"s:16:28:16:67":4,"b:18:4:22:5:undefined:undefined:undefined:undefined":0,"s:18:4:22:5":5,"b:18:8:18:24:18:28:18:54":1,"s:20:8:20:38":6,"s:21:8:21:21":7,"s:24:4:24:16":8,"f:28:9:28:25":2,"s:30:24:30:64":9,"s:31:26:31:68":10,"s:32:28:32:72":11,"s:33:27:33:70":12,"b:35:4:53:5:undefined:undefined:undefined:undefined":2,"s:35:4:53:5":13,"b:35:8:35:19:35:23:35:36":3,"s:36:8:38:11":14,"f:36:46:36:47":3,"s:37:12:37:50":15,"s:40:29:42:9":16,"f:40:29:40:30":4,"s:41:12:41:53":17,"b:44:8:44:85:undefined:undefined:undefined:undefined":4,"s:44:8:44:85":18,"s:44:29:44:85":19,"b:45:8:45:83:undefined:undefined:undefined:undefined":5,"s:45:8:45:83":20,"s:45:28:45:83":21,"s:48:8:52:11":22,"f:48:48:48:49":5,"b:49:12:51:13:undefined:undefined:undefined:undefined":6,"s:49:12:51:13":23,"s:50:16:50:31":24,"s:56:24:56:63":25,"s:57:26:57:67":26,"s:58:31:58:78":27,"b:60:4:76:5:undefined:undefined:undefined:undefined":7,"s:60:4:76:5":28,"b:60:8:60:19:60:23:60:36":8,"s:61:8:63:11":29,"f:61:46:61:47":6,"s:62:12:62:50":30,"s:65:29:67:9":31,"f:65:29:65:30":7,"s:66:12:66:53":32,"b:69:8:69:91:undefined:undefined:undefined:undefined":9,"s:69:8:69:91":33,"s:69:32:69:91":34,"s:71:8:75:11":35,"f:71:48:71:49":8,"b:72:12:74:13:undefined:undefined:undefined:undefined":10,"s:72:12:74:13":36,"s:73:16:73:31":37,"s:79:22:79:59":38,"b:80:4:82:5:undefined:undefined:undefined:undefined":11,"s:80:4:82:5":39,"s:81:8:81:52":40,"f:86:9:86:15":9,"s:87:4:87:47":41,"s:88:4:88:42":42,"s:89:4:89:41":43,"s:90:4:90:34":44,"f:94:9:94:17":10,"s:95:4:95:31":45,"f:99:9:99:30":11,"s:100:28:100:68":46,"s:101:33:101:79":47,"s:104:26:104:79":48,"b:106:4:108:5:undefined:undefined:undefined:undefined":12,"s:106:4:108:5":49,"s:107:8:107:53":50,"s:111:4:111:30":51,"b:114:4:116:5:undefined:undefined:undefined:undefined":13,"s:114:4:116:5":52,"s:115:8:115:68":53,"b:118:4:127:5:undefined:undefined:undefined:undefined":14,"s:118:4:127:5":54,"s:119:8:126:11":55,"f:119:56:119:57":12,"s:120:12:120:73":56,"b:121:12:125:13:123:19:125:13":15,"s:121:12:125:13":57,"s:122:16:122:42":58,"s:124:16:124:64":59,"s:130:4:130:57":60,"f:133:9:133:32":13,"s:134:26:134:79":61,"b:136:4:139:5:undefined:undefined:undefined:undefined":16,"s:136:4:139:5":62,"s:137:8:137:56":63,"s:138:8:138:15":64,"s:141:16:141:26":65,"s:142:27:142:65":66,"s:145:21:145:67":67,"b:145:21:145:56:145:60:145:67":17,"s:146:19:146:63":68,"b:146:19:146:52:146:56:146:63":18,"s:148:37:148:68":69,"s:149:33:149:62":70,"s:151:25:151:53":71,"s:152:23:152:47":72,"s:154:24:154:29":73,"b:156:4:162:5:159:11:162:5":19,"s:156:4:162:5":74,"s:158:8:158:86":75,"b:158:24:158:54:158:58:158:85":20,"s:161:8:161:86":76,"b:161:24:161:54:161:58:161:85":21,"b:164:4:168:5:166:11:168:5":22,"s:164:4:168:5":77,"s:165:8:165:53":78,"s:167:8:167:56":79,"f:171:9:171:25":14,"s:172:4:172:52":80,"s:175:21:175:70":81,"s:176:4:176:57":82,"s:178:19:178:65":83,"b:179:4:181:5:undefined:undefined:undefined:undefined":23,"s:179:4:181:5":84,"s:180:8:180:34":85,"f:185:9:185:23":15,"s:186:24:186:58":86,"b:187:4:194:5:undefined:undefined:undefined:undefined":24,"s:187:4:194:5":87,"s:188:8:193:9":88,"s:189:12:189:43":89,"s:191:12:191:59":90,"s:192:12:192:24":91,"s:195:4:195:16":92,"s:199:0:199:39":93,"s:200:0:200:29":94,"s:201:0:201:23":95,"s:202:0:202:27":96}}}
,"C:\\Users\\torpi\\Documents\\GitHub\\OptIn\\js\\parlor.js": {"path":"C:\\Users\\torpi\\Documents\\GitHub\\OptIn\\js\\parlor.js","statementMap":{"0":{"start":{"line":3,"column":20},"end":{"line":3,"column":22}},"1":{"start":{"line":4,"column":28},"end":{"line":4,"column":32}},"2":{"start":{"line":5,"column":23},"end":{"line":5,"column":27}},"3":{"start":{"line":7,"column":0},"end":{"line":15,"column":3}},"4":{"start":{"line":8,"column":4},"end":{"line":8,"column":26}},"5":{"start":{"line":9,"column":4},"end":{"line":9,"column":24}},"6":{"start":{"line":10,"column":4},"end":{"line":10,"column":34}},"7":{"start":{"line":11,"column":4},"end":{"line":11,"column":28}},"8":{"start":{"line":14,"column":4},"end":{"line":14,"column":32}},"9":{"start":{"line":19,"column":24},"end":{"line":19,"column":61}},"10":{"start":{"line":20,"column":24},"end":{"line":20,"column":63}},"11":{"start":{"line":23,"column":4},"end":{"line":23,"column":76}},"12":{"start":{"line":25,"column":4},"end":{"line":36,"column":5}},"13":{"start":{"line":26,"column":8},"end":{"line":26,"column":47}},"14":{"start":{"line":28,"column":8},"end":{"line":35,"column":11}},"15":{"start":{"line":29,"column":12},"end":{"line":29,"column":48}},"16":{"start":{"line":30,"column":12},"end":{"line":30,"column":71}},"17":{"start":{"line":32,"column":12},"end":{"line":34,"column":13}},"18":{"start":{"line":33,"column":16},"end":{"line":33,"column":79}},"19":{"start":{"line":38,"column":4},"end":{"line":40,"column":5}},"20":{"start":{"line":39,"column":8},"end":{"line":39,"column":71}},"21":{"start":{"line":45,"column":18},"end":{"line":45,"column":61}},"22":{"start":{"line":47,"column":4},"end":{"line":56,"column":5}},"23":{"start":{"line":48,"column":8},"end":{"line":53,"column":9}},"24":{"start":{"line":49,"column":12},"end":{"line":49,"column":46}},"25":{"start":{"line":51,"column":12},"end":{"line":51,"column":63}},"26":{"start":{"line":52,"column":12},"end":{"line":52,"column":53}},"27":{"start":{"line":55,"column":8},"end":{"line":55,"column":49}},"28":{"start":{"line":58,"column":4},"end":{"line":58,"column":30}},"29":{"start":{"line":63,"column":24},"end":{"line":63,"column":78}},"30":{"start":{"line":64,"column":21},"end":{"line":64,"column":66}},"31":{"start":{"line":66,"column":4},"end":{"line":111,"column":6}},"32":{"start":{"line":116,"column":26},"end":{"line":116,"column":71}},"33":{"start":{"line":117,"column":23},"end":{"line":117,"column":69}},"34":{"start":{"line":119,"column":4},"end":{"line":119,"column":31}},"35":{"start":{"line":119,"column":24},"end":{"line":119,"column":31}},"36":{"start":{"line":121,"column":4},"end":{"line":125,"column":5}},"37":{"start":{"line":122,"column":8},"end":{"line":122,"column":45}},"38":{"start":{"line":123,"column":8},"end":{"line":123,"column":59}},"39":{"start":{"line":123,"column":24},"end":{"line":123,"column":59}},"40":{"start":{"line":124,"column":8},"end":{"line":124,"column":15}},"41":{"start":{"line":127,"column":4},"end":{"line":127,"column":41}},"42":{"start":{"line":128,"column":4},"end":{"line":128,"column":54}},"43":{"start":{"line":128,"column":20},"end":{"line":128,"column":54}},"44":{"start":{"line":131,"column":19},"end":{"line":131,"column":85}},"45":{"start":{"line":131,"column":53},"end":{"line":131,"column":84}},"46":{"start":{"line":133,"column":4},"end":{"line":133,"column":33}},"47":{"start":{"line":135,"column":4},"end":{"line":138,"column":7}},"48":{"start":{"line":136,"column":21},"end":{"line":136,"column":53}},"49":{"start":{"line":137,"column":8},"end":{"line":137,"column":40}},"50":{"start":{"line":143,"column":16},"end":{"line":143,"column":45}},"51":{"start":{"line":144,"column":4},"end":{"line":144,"column":76}},"52":{"start":{"line":145,"column":4},"end":{"line":145,"column":50}},"53":{"start":{"line":145,"column":24},"end":{"line":145,"column":49}},"54":{"start":{"line":147,"column":30},"end":{"line":150,"column":6}},"55":{"start":{"line":148,"column":28},"end":{"line":148,"column":82}},"56":{"start":{"line":149,"column":8},"end":{"line":149,"column":72}},"57":{"start":{"line":152,"column":24},"end":{"line":152,"column":65}},"58":{"start":{"line":153,"column":24},"end":{"line":153,"column":63}},"59":{"start":{"line":155,"column":4},"end":{"line":170,"column":4}},"60":{"start":{"line":159,"column":52},"end":{"line":161,"column":11}},"61":{"start":{"line":172,"column":4},"end":{"line":172,"column":15}},"62":{"start":{"line":177,"column":4},"end":{"line":177,"column":43}},"63":{"start":{"line":178,"column":25},"end":{"line":178,"column":73}},"64":{"start":{"line":178,"column":49},"end":{"line":178,"column":72}},"65":{"start":{"line":180,"column":4},"end":{"line":180,"column":30}},"66":{"start":{"line":180,"column":23},"end":{"line":180,"column":30}},"67":{"start":{"line":183,"column":4},"end":{"line":183,"column":32}},"68":{"start":{"line":184,"column":4},"end":{"line":184,"column":24}},"69":{"start":{"line":187,"column":30},"end":{"line":187,"column":75}},"70":{"start":{"line":188,"column":29},"end":{"line":188,"column":73}},"71":{"start":{"line":190,"column":4},"end":{"line":190,"column":68}},"72":{"start":{"line":190,"column":27},"end":{"line":190,"column":68}},"73":{"start":{"line":191,"column":4},"end":{"line":191,"column":67}},"74":{"start":{"line":191,"column":26},"end":{"line":191,"column":67}},"75":{"start":{"line":194,"column":30},"end":{"line":197,"column":6}},"76":{"start":{"line":195,"column":28},"end":{"line":195,"column":82}},"77":{"start":{"line":196,"column":8},"end":{"line":196,"column":72}},"78":{"start":{"line":199,"column":24},"end":{"line":199,"column":73}},"79":{"start":{"line":200,"column":19},"end":{"line":200,"column":63}},"80":{"start":{"line":201,"column":20},"end":{"line":201,"column":72}},"81":{"start":{"line":203,"column":4},"end":{"line":203,"column":49}},"82":{"start":{"line":203,"column":16},"end":{"line":203,"column":49}},"83":{"start":{"line":204,"column":4},"end":{"line":204,"column":139}},"84":{"start":{"line":204,"column":17},"end":{"line":204,"column":139}},"85":{"start":{"line":207,"column":4},"end":{"line":207,"column":33}},"86":{"start":{"line":210,"column":4},"end":{"line":215,"column":12}},"87":{"start":{"line":211,"column":26},"end":{"line":211,"column":71}},"88":{"start":{"line":212,"column":8},"end":{"line":214,"column":9}},"89":{"start":{"line":213,"column":12},"end":{"line":213,"column":57}},"90":{"start":{"line":220,"column":22},"end":{"line":220,"column":67}},"91":{"start":{"line":221,"column":4},"end":{"line":221,"column":27}},"92":{"start":{"line":221,"column":20},"end":{"line":221,"column":27}},"93":{"start":{"line":223,"column":24},"end":{"line":223,"column":78}},"94":{"start":{"line":224,"column":26},"end":{"line":224,"column":40}},"95":{"start":{"line":226,"column":4},"end":{"line":226,"column":29}},"96":{"start":{"line":228,"column":4},"end":{"line":251,"column":7}},"97":{"start":{"line":229,"column":20},"end":{"line":229,"column":49}},"98":{"start":{"line":230,"column":8},"end":{"line":230,"column":89}},"99":{"start":{"line":232,"column":8},"end":{"line":248,"column":6}},"100":{"start":{"line":250,"column":8},"end":{"line":250,"column":35}},"101":{"start":{"line":255,"column":0},"end":{"line":260,"column":3}},"102":{"start":{"line":256,"column":4},"end":{"line":256,"column":72}},"103":{"start":{"line":257,"column":4},"end":{"line":257,"column":74}},"104":{"start":{"line":258,"column":4},"end":{"line":258,"column":33}},"105":{"start":{"line":259,"column":4},"end":{"line":259,"column":30}},"106":{"start":{"line":264,"column":17},"end":{"line":264,"column":56}},"107":{"start":{"line":265,"column":24},"end":{"line":265,"column":63}},"108":{"start":{"line":266,"column":25},"end":{"line":266,"column":65}},"109":{"start":{"line":267,"column":28},"end":{"line":267,"column":72}},"110":{"start":{"line":268,"column":27},"end":{"line":268,"column":66}},"111":{"start":{"line":270,"column":24},"end":{"line":270,"column":28}},"112":{"start":{"line":272,"column":4},"end":{"line":285,"column":5}},"113":{"start":{"line":273,"column":8},"end":{"line":284,"column":11}},"114":{"start":{"line":274,"column":25},"end":{"line":274,"column":42}},"115":{"start":{"line":275,"column":12},"end":{"line":275,"column":30}},"116":{"start":{"line":275,"column":23},"end":{"line":275,"column":30}},"117":{"start":{"line":277,"column":27},"end":{"line":277,"column":43}},"118":{"start":{"line":278,"column":12},"end":{"line":282,"column":14}},"119":{"start":{"line":279,"column":16},"end":{"line":279,"column":48}},"120":{"start":{"line":280,"column":16},"end":{"line":280,"column":73}},"121":{"start":{"line":280,"column":37},"end":{"line":280,"column":73}},"122":{"start":{"line":281,"column":16},"end":{"line":281,"column":70}},"123":{"start":{"line":281,"column":34},"end":{"line":281,"column":70}},"124":{"start":{"line":283,"column":12},"end":{"line":283,"column":39}},"125":{"start":{"line":287,"column":4},"end":{"line":293,"column":5}},"126":{"start":{"line":288,"column":8},"end":{"line":292,"column":11}},"127":{"start":{"line":289,"column":12},"end":{"line":289,"column":33}},"128":{"start":{"line":290,"column":12},"end":{"line":290,"column":52}},"129":{"start":{"line":290,"column":29},"end":{"line":290,"column":52}},"130":{"start":{"line":291,"column":12},"end":{"line":291,"column":66}},"131":{"start":{"line":291,"column":30},"end":{"line":291,"column":66}},"132":{"start":{"line":295,"column":4},"end":{"line":304,"column":5}},"133":{"start":{"line":296,"column":8},"end":{"line":303,"column":11}},"134":{"start":{"line":297,"column":12},"end":{"line":297,"column":31}},"135":{"start":{"line":298,"column":12},"end":{"line":298,"column":39}},"136":{"start":{"line":300,"column":12},"end":{"line":300,"column":33}},"137":{"start":{"line":301,"column":12},"end":{"line":301,"column":52}},"138":{"start":{"line":301,"column":29},"end":{"line":301,"column":52}},"139":{"start":{"line":302,"column":12},"end":{"line":302,"column":66}},"140":{"start":{"line":302,"column":30},"end":{"line":302,"column":66}},"141":{"start":{"line":309,"column":18},"end":{"line":309,"column":58}},"142":{"start":{"line":310,"column":29},"end":{"line":310,"column":72}},"143":{"start":{"line":311,"column":4},"end":{"line":311,"column":23}},"144":{"start":{"line":311,"column":16},"end":{"line":311,"column":23}},"145":{"start":{"line":313,"column":20},"end":{"line":313,"column":38}},"146":{"start":{"line":315,"column":4},"end":{"line":315,"column":38}},"147":{"start":{"line":315,"column":31},"end":{"line":315,"column":38}},"148":{"start":{"line":316,"column":4},"end":{"line":316,"column":39}},"149":{"start":{"line":316,"column":32},"end":{"line":316,"column":39}},"150":{"start":{"line":318,"column":25},"end":{"line":318,"column":80}},"151":{"start":{"line":318,"column":49},"end":{"line":318,"column":79}},"152":{"start":{"line":319,"column":4},"end":{"line":319,"column":30}},"153":{"start":{"line":319,"column":23},"end":{"line":319,"column":30}},"154":{"start":{"line":322,"column":25},"end":{"line":322,"column":29}},"155":{"start":{"line":323,"column":4},"end":{"line":334,"column":5}},"156":{"start":{"line":324,"column":32},"end":{"line":324,"column":54}},"157":{"start":{"line":325,"column":8},"end":{"line":333,"column":9}},"158":{"start":{"line":326,"column":24},"end":{"line":326,"column":34}},"159":{"start":{"line":327,"column":27},"end":{"line":327,"column":28}},"160":{"start":{"line":328,"column":12},"end":{"line":330,"column":68}},"161":{"start":{"line":328,"column":42},"end":{"line":328,"column":61}},"162":{"start":{"line":329,"column":17},"end":{"line":330,"column":68}},"163":{"start":{"line":329,"column":48},"end":{"line":329,"column":68}},"164":{"start":{"line":330,"column":17},"end":{"line":330,"column":68}},"165":{"start":{"line":330,"column":47},"end":{"line":330,"column":68}},"166":{"start":{"line":332,"column":12},"end":{"line":332,"column":44}},"167":{"start":{"line":336,"column":24},"end":{"line":336,"column":78}},"168":{"start":{"line":337,"column":23},"end":{"line":345,"column":5}},"169":{"start":{"line":347,"column":4},"end":{"line":347,"column":43}},"170":{"start":{"line":348,"column":4},"end":{"line":348,"column":43}},"171":{"start":{"line":350,"column":4},"end":{"line":350,"column":24}},"172":{"start":{"line":351,"column":4},"end":{"line":351,"column":33}},"173":{"start":{"line":353,"column":4},"end":{"line":353,"column":21}},"174":{"start":{"line":356,"column":4},"end":{"line":361,"column":11}},"175":{"start":{"line":357,"column":26},"end":{"line":357,"column":71}},"176":{"start":{"line":358,"column":8},"end":{"line":360,"column":9}},"177":{"start":{"line":359,"column":12},"end":{"line":359,"column":57}},"178":{"start":{"line":366,"column":23},"end":{"line":366,"column":70}},"179":{"start":{"line":367,"column":18},"end":{"line":367,"column":67}},"180":{"start":{"line":368,"column":21},"end":{"line":368,"column":72}},"181":{"start":{"line":369,"column":22},"end":{"line":369,"column":72}},"182":{"start":{"line":370,"column":17},"end":{"line":370,"column":65}},"183":{"start":{"line":372,"column":22},"end":{"line":372,"column":58}},"184":{"start":{"line":372,"column":28},"end":{"line":372,"column":58}},"185":{"start":{"line":373,"column":23},"end":{"line":376,"column":5}},"186":{"start":{"line":374,"column":8},"end":{"line":374,"column":42}},"187":{"start":{"line":375,"column":8},"end":{"line":375,"column":22}},"188":{"start":{"line":378,"column":4},"end":{"line":378,"column":53}},"189":{"start":{"line":379,"column":4},"end":{"line":379,"column":52}},"190":{"start":{"line":380,"column":4},"end":{"line":380,"column":53}},"191":{"start":{"line":382,"column":4},"end":{"line":384,"column":7}},"192":{"start":{"line":383,"column":8},"end":{"line":383,"column":45}},"193":{"start":{"line":383,"column":32},"end":{"line":383,"column":45}},"194":{"start":{"line":386,"column":4},"end":{"line":390,"column":7}},"195":{"start":{"line":387,"column":8},"end":{"line":387,"column":27}},"196":{"start":{"line":388,"column":8},"end":{"line":388,"column":32}},"197":{"start":{"line":389,"column":8},"end":{"line":389,"column":21}},"198":{"start":{"line":395,"column":24},"end":{"line":396,"column":28}},"199":{"start":{"line":396,"column":19},"end":{"line":396,"column":27}},"200":{"start":{"line":398,"column":4},"end":{"line":401,"column":5}},"201":{"start":{"line":399,"column":8},"end":{"line":399,"column":76}},"202":{"start":{"line":400,"column":8},"end":{"line":400,"column":15}},"203":{"start":{"line":403,"column":22},"end":{"line":403,"column":72}},"204":{"start":{"line":404,"column":29},"end":{"line":404,"column":60}},"205":{"start":{"line":406,"column":24},"end":{"line":406,"column":78}},"206":{"start":{"line":407,"column":25},"end":{"line":407,"column":57}},"207":{"start":{"line":408,"column":29},"end":{"line":415,"column":5}},"208":{"start":{"line":411,"column":12},"end":{"line":411,"column":53}},"209":{"start":{"line":411,"column":38},"end":{"line":411,"column":53}},"210":{"start":{"line":412,"column":12},"end":{"line":412,"column":52}},"211":{"start":{"line":412,"column":38},"end":{"line":412,"column":52}},"212":{"start":{"line":413,"column":12},"end":{"line":413,"column":29}},"213":{"start":{"line":417,"column":28},"end":{"line":425,"column":5}},"214":{"start":{"line":427,"column":4},"end":{"line":427,"column":40}},"215":{"start":{"line":428,"column":4},"end":{"line":428,"column":24}},"216":{"start":{"line":429,"column":4},"end":{"line":429,"column":30}},"217":{"start":{"line":432,"column":4},"end":{"line":432,"column":41}},"218":{"start":{"line":437,"column":4},"end":{"line":437,"column":79}},"219":{"start":{"line":442,"column":20},"end":{"line":442,"column":66}},"220":{"start":{"line":443,"column":4},"end":{"line":443,"column":25}},"221":{"start":{"line":443,"column":18},"end":{"line":443,"column":25}},"222":{"start":{"line":445,"column":4},"end":{"line":473,"column":5}},"223":{"start":{"line":446,"column":50},"end":{"line":446,"column":69}},"224":{"start":{"line":447,"column":8},"end":{"line":447,"column":58}},"225":{"start":{"line":450,"column":27},"end":{"line":452,"column":9}},"226":{"start":{"line":451,"column":12},"end":{"line":451,"column":76}},"227":{"start":{"line":454,"column":8},"end":{"line":468,"column":9}},"228":{"start":{"line":456,"column":32},"end":{"line":456,"column":86}},"229":{"start":{"line":457,"column":12},"end":{"line":465,"column":14}},"230":{"start":{"line":466,"column":12},"end":{"line":466,"column":45}},"231":{"start":{"line":467,"column":12},"end":{"line":467,"column":32}},"232":{"start":{"line":470,"column":8},"end":{"line":470,"column":42}},"233":{"start":{"line":472,"column":8},"end":{"line":472,"column":70}},"234":{"start":{"line":478,"column":20},"end":{"line":482,"column":5}},"235":{"start":{"line":483,"column":4},"end":{"line":483,"column":35}},"236":{"start":{"line":488,"column":16},"end":{"line":488,"column":26}},"237":{"start":{"line":489,"column":17},"end":{"line":489,"column":32}},"238":{"start":{"line":491,"column":20},"end":{"line":491,"column":44}},"239":{"start":{"line":492,"column":18},"end":{"line":492,"column":44}},"240":{"start":{"line":493,"column":17},"end":{"line":493,"column":44}},"241":{"start":{"line":495,"column":4},"end":{"line":495,"column":39}},"242":{"start":{"line":495,"column":21},"end":{"line":495,"column":39}},"243":{"start":{"line":496,"column":4},"end":{"line":496,"column":47}},"244":{"start":{"line":496,"column":22},"end":{"line":496,"column":47}},"245":{"start":{"line":497,"column":4},"end":{"line":497,"column":43}},"246":{"start":{"line":497,"column":20},"end":{"line":497,"column":43}},"247":{"start":{"line":498,"column":4},"end":{"line":498,"column":40}},"248":{"start":{"line":498,"column":18},"end":{"line":498,"column":40}},"249":{"start":{"line":499,"column":4},"end":{"line":499,"column":52}},"250":{"start":{"line":504,"column":16},"end":{"line":504,"column":45}},"251":{"start":{"line":505,"column":4},"end":{"line":505,"column":27}},"252":{"start":{"line":506,"column":4},"end":{"line":506,"column":25}},"253":{"start":{"line":510,"column":0},"end":{"line":510,"column":33}},"254":{"start":{"line":511,"column":0},"end":{"line":511,"column":43}},"255":{"start":{"line":512,"column":0},"end":{"line":512,"column":63}},"256":{"start":{"line":513,"column":0},"end":{"line":513,"column":61}},"257":{"start":{"line":514,"column":0},"end":{"line":514,"column":53}}},"fnMap":{"0":{"name":"(anonymous_0)","decl":{"start":{"line":7,"column":46},"end":{"line":7,"column":47}},"loc":{"start":{"line":7,"column":52},"end":{"line":15,"column":1}},"line":7},"1":{"name":"initializeQuietMode","decl":{"start":{"line":18,"column":9},"end":{"line":18,"column":28}},"loc":{"start":{"line":18,"column":31},"end":{"line":41,"column":1}},"line":18},"2":{"name":"(anonymous_2)","decl":{"start":{"line":28,"column":47},"end":{"line":28,"column":48}},"loc":{"start":{"line":28,"column":54},"end":{"line":35,"column":9}},"line":28},"3":{"name":"loadConversations","decl":{"start":{"line":44,"column":9},"end":{"line":44,"column":26}},"loc":{"start":{"line":44,"column":29},"end":{"line":59,"column":1}},"line":44},"4":{"name":"getSampleConversations","decl":{"start":{"line":62,"column":9},"end":{"line":62,"column":31}},"loc":{"start":{"line":62,"column":34},"end":{"line":112,"column":1}},"line":62},"5":{"name":"renderConversationsList","decl":{"start":{"line":115,"column":9},"end":{"line":115,"column":32}},"loc":{"start":{"line":115,"column":35},"end":{"line":139,"column":1}},"line":115},"6":{"name":"(anonymous_6)","decl":{"start":{"line":131,"column":43},"end":{"line":131,"column":44}},"loc":{"start":{"line":131,"column":53},"end":{"line":131,"column":84}},"line":131},"7":{"name":"(anonymous_7)","decl":{"start":{"line":135,"column":19},"end":{"line":135,"column":23}},"loc":{"start":{"line":135,"column":27},"end":{"line":138,"column":5}},"line":135},"8":{"name":"createConversationListItem","decl":{"start":{"line":142,"column":9},"end":{"line":142,"column":35}},"loc":{"start":{"line":142,"column":42},"end":{"line":173,"column":1}},"line":142},"9":{"name":"(anonymous_9)","decl":{"start":{"line":145,"column":18},"end":{"line":145,"column":19}},"loc":{"start":{"line":145,"column":24},"end":{"line":145,"column":49}},"line":145},"10":{"name":"(anonymous_10)","decl":{"start":{"line":147,"column":59},"end":{"line":147,"column":63}},"loc":{"start":{"line":147,"column":67},"end":{"line":150,"column":5}},"line":147},"11":{"name":"(anonymous_11)","decl":{"start":{"line":159,"column":46},"end":{"line":159,"column":48}},"loc":{"start":{"line":159,"column":52},"end":{"line":161,"column":11}},"line":159},"12":{"name":"openConversation","decl":{"start":{"line":176,"column":9},"end":{"line":176,"column":25}},"loc":{"start":{"line":176,"column":42},"end":{"line":216,"column":1}},"line":176},"13":{"name":"(anonymous_13)","decl":{"start":{"line":178,"column":44},"end":{"line":178,"column":45}},"loc":{"start":{"line":178,"column":49},"end":{"line":178,"column":72}},"line":178},"14":{"name":"(anonymous_14)","decl":{"start":{"line":194,"column":67},"end":{"line":194,"column":71}},"loc":{"start":{"line":194,"column":75},"end":{"line":197,"column":5}},"line":194},"15":{"name":"(anonymous_15)","decl":{"start":{"line":210,"column":15},"end":{"line":210,"column":16}},"loc":{"start":{"line":210,"column":21},"end":{"line":215,"column":5}},"line":210},"16":{"name":"renderMessages","decl":{"start":{"line":219,"column":9},"end":{"line":219,"column":23}},"loc":{"start":{"line":219,"column":38},"end":{"line":252,"column":1}},"line":219},"17":{"name":"(anonymous_17)","decl":{"start":{"line":228,"column":34},"end":{"line":228,"column":37}},"loc":{"start":{"line":228,"column":41},"end":{"line":251,"column":5}},"line":228},"18":{"name":"(anonymous_18)","decl":{"start":{"line":255,"column":76},"end":{"line":255,"column":77}},"loc":{"start":{"line":255,"column":82},"end":{"line":260,"column":1}},"line":255},"19":{"name":"initializeMessageForm","decl":{"start":{"line":263,"column":9},"end":{"line":263,"column":30}},"loc":{"start":{"line":263,"column":33},"end":{"line":305,"column":1}},"line":263},"20":{"name":"(anonymous_20)","decl":{"start":{"line":273,"column":47},"end":{"line":273,"column":48}},"loc":{"start":{"line":273,"column":54},"end":{"line":284,"column":9}},"line":273},"21":{"name":"(anonymous_21)","decl":{"start":{"line":278,"column":28},"end":{"line":278,"column":29}},"loc":{"start":{"line":278,"column":35},"end":{"line":282,"column":13}},"line":278},"22":{"name":"(anonymous_22)","decl":{"start":{"line":288,"column":49},"end":{"line":288,"column":50}},"loc":{"start":{"line":288,"column":55},"end":{"line":292,"column":9}},"line":288},"23":{"name":"(anonymous_23)","decl":{"start":{"line":296,"column":40},"end":{"line":296,"column":41}},"loc":{"start":{"line":296,"column":47},"end":{"line":303,"column":9}},"line":296},"24":{"name":"sendMessage","decl":{"start":{"line":308,"column":9},"end":{"line":308,"column":20}},"loc":{"start":{"line":308,"column":38},"end":{"line":362,"column":1}},"line":308},"25":{"name":"(anonymous_25)","decl":{"start":{"line":318,"column":44},"end":{"line":318,"column":45}},"loc":{"start":{"line":318,"column":49},"end":{"line":318,"column":79}},"line":318},"26":{"name":"(anonymous_26)","decl":{"start":{"line":356,"column":15},"end":{"line":356,"column":16}},"loc":{"start":{"line":356,"column":21},"end":{"line":361,"column":5}},"line":356},"27":{"name":"initializeConversationModal","decl":{"start":{"line":365,"column":9},"end":{"line":365,"column":36}},"loc":{"start":{"line":365,"column":39},"end":{"line":391,"column":1}},"line":365},"28":{"name":"(anonymous_28)","decl":{"start":{"line":372,"column":22},"end":{"line":372,"column":23}},"loc":{"start":{"line":372,"column":28},"end":{"line":372,"column":58}},"line":372},"29":{"name":"(anonymous_29)","decl":{"start":{"line":373,"column":23},"end":{"line":373,"column":24}},"loc":{"start":{"line":373,"column":29},"end":{"line":376,"column":5}},"line":373},"30":{"name":"(anonymous_30)","decl":{"start":{"line":382,"column":37},"end":{"line":382,"column":38}},"loc":{"start":{"line":382,"column":44},"end":{"line":384,"column":5}},"line":382},"31":{"name":"(anonymous_31)","decl":{"start":{"line":386,"column":37},"end":{"line":386,"column":38}},"loc":{"start":{"line":386,"column":44},"end":{"line":390,"column":5}},"line":386},"32":{"name":"createNewConversation","decl":{"start":{"line":394,"column":9},"end":{"line":394,"column":30}},"loc":{"start":{"line":394,"column":33},"end":{"line":433,"column":1}},"line":394},"33":{"name":"(anonymous_33)","decl":{"start":{"line":396,"column":13},"end":{"line":396,"column":15}},"loc":{"start":{"line":396,"column":19},"end":{"line":396,"column":27}},"line":396},"34":{"name":"(anonymous_34)","decl":{"start":{"line":410,"column":27},"end":{"line":410,"column":29}},"loc":{"start":{"line":410,"column":33},"end":{"line":414,"column":9}},"line":410},"35":{"name":"saveConversations","decl":{"start":{"line":436,"column":9},"end":{"line":436,"column":26}},"loc":{"start":{"line":436,"column":29},"end":{"line":438,"column":1}},"line":436},"36":{"name":"checkPulseResponseContext","decl":{"start":{"line":441,"column":9},"end":{"line":441,"column":34}},"loc":{"start":{"line":441,"column":37},"end":{"line":474,"column":1}},"line":441},"37":{"name":"(anonymous_37)","decl":{"start":{"line":450,"column":46},"end":{"line":450,"column":47}},"loc":{"start":{"line":451,"column":12},"end":{"line":451,"column":76}},"line":451},"38":{"name":"getAvatarEmoji","decl":{"start":{"line":477,"column":9},"end":{"line":477,"column":23}},"loc":{"start":{"line":477,"column":32},"end":{"line":484,"column":1}},"line":477},"39":{"name":"getRelativeTime","decl":{"start":{"line":487,"column":9},"end":{"line":487,"column":24}},"loc":{"start":{"line":487,"column":36},"end":{"line":500,"column":1}},"line":487},"40":{"name":"escapeHtml","decl":{"start":{"line":503,"column":9},"end":{"line":503,"column":19}},"loc":{"start":{"line":503,"column":26},"end":{"line":507,"column":1}},"line":503}},"branchMap":{"0":{"loc":{"start":{"line":25,"column":4},"end":{"line":36,"column":5}},"type":"if","locations":[{"start":{"line":25,"column":4},"end":{"line":36,"column":5}},{"start":{},"end":{}}],"line":25},"1":{"loc":{"start":{"line":32,"column":12},"end":{"line":34,"column":13}},"type":"if","locations":[{"start":{"line":32,"column":12},"end":{"line":34,"column":13}},{"start":{},"end":{}}],"line":32},"2":{"loc":{"start":{"line":33,"column":44},"end":{"line":33,"column":78}},"type":"cond-expr","locations":[{"start":{"line":33,"column":63},"end":{"line":33,"column":69}},{"start":{"line":33,"column":72},"end":{"line":33,"column":78}}],"line":33},"3":{"loc":{"start":{"line":38,"column":4},"end":{"line":40,"column":5}},"type":"if","locations":[{"start":{"line":38,"column":4},"end":{"line":40,"column":5}},{"start":{},"end":{}}],"line":38},"4":{"loc":{"start":{"line":39,"column":36},"end":{"line":39,"column":70}},"type":"cond-expr","locations":[{"start":{"line":39,"column":55},"end":{"line":39,"column":61}},{"start":{"line":39,"column":64},"end":{"line":39,"column":70}}],"line":39},"5":{"loc":{"start":{"line":47,"column":4},"end":{"line":56,"column":5}},"type":"if","locations":[{"start":{"line":47,"column":4},"end":{"line":56,"column":5}},{"start":{"line":54,"column":11},"end":{"line":56,"column":5}}],"line":47},"6":{"loc":{"start":{"line":63,"column":24},"end":{"line":63,"column":78}},"type":"cond-expr","locations":[{"start":{"line":63,"column":48},"end":{"line":63,"column":71}},{"start":{"line":63,"column":74},"end":{"line":63,"column":78}}],"line":63},"7":{"loc":{"start":{"line":64,"column":21},"end":{"line":64,"column":66}},"type":"cond-expr","locations":[{"start":{"line":64,"column":35},"end":{"line":64,"column":58}},{"start":{"line":64,"column":61},"end":{"line":64,"column":66}}],"line":64},"8":{"loc":{"start":{"line":119,"column":4},"end":{"line":119,"column":31}},"type":"if","locations":[{"start":{"line":119,"column":4},"end":{"line":119,"column":31}},{"start":{},"end":{}}],"line":119},"9":{"loc":{"start":{"line":121,"column":4},"end":{"line":125,"column":5}},"type":"if","locations":[{"start":{"line":121,"column":4},"end":{"line":125,"column":5}},{"start":{},"end":{}}],"line":121},"10":{"loc":{"start":{"line":123,"column":8},"end":{"line":123,"column":59}},"type":"if","locations":[{"start":{"line":123,"column":8},"end":{"line":123,"column":59}},{"start":{},"end":{}}],"line":123},"11":{"loc":{"start":{"line":128,"column":4},"end":{"line":128,"column":54}},"type":"if","locations":[{"start":{"line":128,"column":4},"end":{"line":128,"column":54}},{"start":{},"end":{}}],"line":128},"12":{"loc":{"start":{"line":144,"column":46},"end":{"line":144,"column":73}},"type":"cond-expr","locations":[{"start":{"line":144,"column":60},"end":{"line":144,"column":68}},{"start":{"line":144,"column":71},"end":{"line":144,"column":73}}],"line":144},"13":{"loc":{"start":{"line":148,"column":28},"end":{"line":148,"column":82}},"type":"cond-expr","locations":[{"start":{"line":148,"column":52},"end":{"line":148,"column":75}},{"start":{"line":148,"column":78},"end":{"line":148,"column":82}}],"line":148},"14":{"loc":{"start":{"line":149,"column":25},"end":{"line":149,"column":70}},"type":"cond-expr","locations":[{"start":{"line":149,"column":39},"end":{"line":149,"column":62}},{"start":{"line":149,"column":65},"end":{"line":149,"column":70}}],"line":149},"15":{"loc":{"start":{"line":152,"column":24},"end":{"line":152,"column":65}},"type":"binary-expr","locations":[{"start":{"line":152,"column":24},"end":{"line":152,"column":33}},{"start":{"line":152,"column":37},"end":{"line":152,"column":65}}],"line":152},"16":{"loc":{"start":{"line":167,"column":37},"end":{"line":167,"column":64}},"type":"cond-expr","locations":[{"start":{"line":167,"column":51},"end":{"line":167,"column":59}},{"start":{"line":167,"column":62},"end":{"line":167,"column":64}}],"line":167},"17":{"loc":{"start":{"line":168,"column":8},"end":{"line":168,"column":93}},"type":"cond-expr","locations":[{"start":{"line":168,"column":22},"end":{"line":168,"column":73}},{"start":{"line":168,"column":76},"end":{"line":168,"column":93}}],"line":168},"18":{"loc":{"start":{"line":180,"column":4},"end":{"line":180,"column":30}},"type":"if","locations":[{"start":{"line":180,"column":4},"end":{"line":180,"column":30}},{"start":{},"end":{}}],"line":180},"19":{"loc":{"start":{"line":190,"column":4},"end":{"line":190,"column":68}},"type":"if","locations":[{"start":{"line":190,"column":4},"end":{"line":190,"column":68}},{"start":{},"end":{}}],"line":190},"20":{"loc":{"start":{"line":191,"column":4},"end":{"line":191,"column":67}},"type":"if","locations":[{"start":{"line":191,"column":4},"end":{"line":191,"column":67}},{"start":{},"end":{}}],"line":191},"21":{"loc":{"start":{"line":195,"column":28},"end":{"line":195,"column":82}},"type":"cond-expr","locations":[{"start":{"line":195,"column":52},"end":{"line":195,"column":75}},{"start":{"line":195,"column":78},"end":{"line":195,"column":82}}],"line":195},"22":{"loc":{"start":{"line":196,"column":25},"end":{"line":196,"column":70}},"type":"cond-expr","locations":[{"start":{"line":196,"column":39},"end":{"line":196,"column":62}},{"start":{"line":196,"column":65},"end":{"line":196,"column":70}}],"line":196},"23":{"loc":{"start":{"line":199,"column":24},"end":{"line":199,"column":73}},"type":"binary-expr","locations":[{"start":{"line":199,"column":24},"end":{"line":199,"column":41}},{"start":{"line":199,"column":45},"end":{"line":199,"column":73}}],"line":199},"24":{"loc":{"start":{"line":203,"column":4},"end":{"line":203,"column":49}},"type":"if","locations":[{"start":{"line":203,"column":4},"end":{"line":203,"column":49}},{"start":{},"end":{}}],"line":203},"25":{"loc":{"start":{"line":204,"column":4},"end":{"line":204,"column":139}},"type":"if","locations":[{"start":{"line":204,"column":4},"end":{"line":204,"column":139}},{"start":{},"end":{}}],"line":204},"26":{"loc":{"start":{"line":204,"column":89},"end":{"line":204,"column":136}},"type":"cond-expr","locations":[{"start":{"line":204,"column":128},"end":{"line":204,"column":131}},{"start":{"line":204,"column":134},"end":{"line":204,"column":136}}],"line":204},"27":{"loc":{"start":{"line":212,"column":8},"end":{"line":214,"column":9}},"type":"if","locations":[{"start":{"line":212,"column":8},"end":{"line":214,"column":9}},{"start":{},"end":{}}],"line":212},"28":{"loc":{"start":{"line":221,"column":4},"end":{"line":221,"column":27}},"type":"if","locations":[{"start":{"line":221,"column":4},"end":{"line":221,"column":27}},{"start":{},"end":{}}],"line":221},"29":{"loc":{"start":{"line":223,"column":24},"end":{"line":223,"column":78}},"type":"cond-expr","locations":[{"start":{"line":223,"column":48},"end":{"line":223,"column":71}},{"start":{"line":223,"column":74},"end":{"line":223,"column":78}}],"line":223},"30":{"loc":{"start":{"line":230,"column":35},"end":{"line":230,"column":86}},"type":"cond-expr","locations":[{"start":{"line":230,"column":68},"end":{"line":230,"column":81}},{"start":{"line":230,"column":84},"end":{"line":230,"column":86}}],"line":230},"31":{"loc":{"start":{"line":237,"column":12},"end":{"line":241,"column":16}},"type":"cond-expr","locations":[{"start":{"line":237,"column":27},"end":{"line":241,"column":11}},{"start":{"line":241,"column":14},"end":{"line":241,"column":16}}],"line":237},"32":{"loc":{"start":{"line":244,"column":12},"end":{"line":244,"column":105}},"type":"cond-expr","locations":[{"start":{"line":244,"column":45},"end":{"line":244,"column":100}},{"start":{"line":244,"column":103},"end":{"line":244,"column":105}}],"line":244},"33":{"loc":{"start":{"line":272,"column":4},"end":{"line":285,"column":5}},"type":"if","locations":[{"start":{"line":272,"column":4},"end":{"line":285,"column":5}},{"start":{},"end":{}}],"line":272},"34":{"loc":{"start":{"line":275,"column":12},"end":{"line":275,"column":30}},"type":"if","locations":[{"start":{"line":275,"column":12},"end":{"line":275,"column":30}},{"start":{},"end":{}}],"line":275},"35":{"loc":{"start":{"line":280,"column":16},"end":{"line":280,"column":73}},"type":"if","locations":[{"start":{"line":280,"column":16},"end":{"line":280,"column":73}},{"start":{},"end":{}}],"line":280},"36":{"loc":{"start":{"line":281,"column":16},"end":{"line":281,"column":70}},"type":"if","locations":[{"start":{"line":281,"column":16},"end":{"line":281,"column":70}},{"start":{},"end":{}}],"line":281},"37":{"loc":{"start":{"line":287,"column":4},"end":{"line":293,"column":5}},"type":"if","locations":[{"start":{"line":287,"column":4},"end":{"line":293,"column":5}},{"start":{},"end":{}}],"line":287},"38":{"loc":{"start":{"line":290,"column":12},"end":{"line":290,"column":52}},"type":"if","locations":[{"start":{"line":290,"column":12},"end":{"line":290,"column":52}},{"start":{},"end":{}}],"line":290},"39":{"loc":{"start":{"line":291,"column":12},"end":{"line":291,"column":66}},"type":"if","locations":[{"start":{"line":291,"column":12},"end":{"line":291,"column":66}},{"start":{},"end":{}}],"line":291},"40":{"loc":{"start":{"line":295,"column":4},"end":{"line":304,"column":5}},"type":"if","locations":[{"start":{"line":295,"column":4},"end":{"line":304,"column":5}},{"start":{},"end":{}}],"line":295},"41":{"loc":{"start":{"line":301,"column":12},"end":{"line":301,"column":52}},"type":"if","locations":[{"start":{"line":301,"column":12},"end":{"line":301,"column":52}},{"start":{},"end":{}}],"line":301},"42":{"loc":{"start":{"line":302,"column":12},"end":{"line":302,"column":66}},"type":"if","locations":[{"start":{"line":302,"column":12},"end":{"line":302,"column":66}},{"start":{},"end":{}}],"line":302},"43":{"loc":{"start":{"line":308,"column":21},"end":{"line":308,"column":36}},"type":"default-arg","locations":[{"start":{"line":308,"column":32},"end":{"line":308,"column":36}}],"line":308},"44":{"loc":{"start":{"line":311,"column":4},"end":{"line":311,"column":23}},"type":"if","locations":[{"start":{"line":311,"column":4},"end":{"line":311,"column":23}},{"start":{},"end":{}}],"line":311},"45":{"loc":{"start":{"line":315,"column":4},"end":{"line":315,"column":38}},"type":"if","locations":[{"start":{"line":315,"column":4},"end":{"line":315,"column":38}},{"start":{},"end":{}}],"line":315},"46":{"loc":{"start":{"line":315,"column":8},"end":{"line":315,"column":29}},"type":"binary-expr","locations":[{"start":{"line":315,"column":8},"end":{"line":315,"column":16}},{"start":{"line":315,"column":20},"end":{"line":315,"column":29}}],"line":315},"47":{"loc":{"start":{"line":316,"column":4},"end":{"line":316,"column":39}},"type":"if","locations":[{"start":{"line":316,"column":4},"end":{"line":316,"column":39}},{"start":{},"end":{}}],"line":316},"48":{"loc":{"start":{"line":319,"column":4},"end":{"line":319,"column":30}},"type":"if","locations":[{"start":{"line":319,"column":4},"end":{"line":319,"column":30}},{"start":{},"end":{}}],"line":319},"49":{"loc":{"start":{"line":323,"column":4},"end":{"line":334,"column":5}},"type":"if","locations":[{"start":{"line":323,"column":4},"end":{"line":334,"column":5}},{"start":{},"end":{}}],"line":323},"50":{"loc":{"start":{"line":323,"column":8},"end":{"line":323,"column":36}},"type":"binary-expr","locations":[{"start":{"line":323,"column":8},"end":{"line":323,"column":16}},{"start":{"line":323,"column":20},"end":{"line":323,"column":36}}],"line":323},"51":{"loc":{"start":{"line":325,"column":8},"end":{"line":333,"column":9}},"type":"if","locations":[{"start":{"line":325,"column":8},"end":{"line":333,"column":9}},{"start":{},"end":{}}],"line":325},"52":{"loc":{"start":{"line":328,"column":12},"end":{"line":330,"column":68}},"type":"if","locations":[{"start":{"line":328,"column":12},"end":{"line":330,"column":68}},{"start":{"line":329,"column":17},"end":{"line":330,"column":68}}],"line":328},"53":{"loc":{"start":{"line":329,"column":17},"end":{"line":330,"column":68}},"type":"if","locations":[{"start":{"line":329,"column":17},"end":{"line":330,"column":68}},{"start":{"line":330,"column":17},"end":{"line":330,"column":68}}],"line":329},"54":{"loc":{"start":{"line":330,"column":17},"end":{"line":330,"column":68}},"type":"if","locations":[{"start":{"line":330,"column":17},"end":{"line":330,"column":68}},{"start":{},"end":{}}],"line":330},"55":{"loc":{"start":{"line":336,"column":24},"end":{"line":336,"column":78}},"type":"cond-expr","locations":[{"start":{"line":336,"column":48},"end":{"line":336,"column":71}},{"start":{"line":336,"column":74},"end":{"line":336,"column":78}}],"line":336},"56":{"loc":{"start":{"line":340,"column":20},"end":{"line":340,"column":65}},"type":"cond-expr","locations":[{"start":{"line":340,"column":34},"end":{"line":340,"column":57}},{"start":{"line":340,"column":60},"end":{"line":340,"column":65}}],"line":340},"57":{"loc":{"start":{"line":358,"column":8},"end":{"line":360,"column":9}},"type":"if","locations":[{"start":{"line":358,"column":8},"end":{"line":360,"column":9}},{"start":{},"end":{}}],"line":358},"58":{"loc":{"start":{"line":383,"column":8},"end":{"line":383,"column":45}},"type":"if","locations":[{"start":{"line":383,"column":8},"end":{"line":383,"column":45}},{"start":{},"end":{}}],"line":383},"59":{"loc":{"start":{"line":398,"column":4},"end":{"line":401,"column":5}},"type":"if","locations":[{"start":{"line":398,"column":4},"end":{"line":401,"column":5}},{"start":{},"end":{}}],"line":398},"60":{"loc":{"start":{"line":404,"column":29},"end":{"line":404,"column":60}},"type":"binary-expr","locations":[{"start":{"line":404,"column":29},"end":{"line":404,"column":52}},{"start":{"line":404,"column":56},"end":{"line":404,"column":60}}],"line":404},"61":{"loc":{"start":{"line":406,"column":24},"end":{"line":406,"column":78}},"type":"cond-expr","locations":[{"start":{"line":406,"column":48},"end":{"line":406,"column":71}},{"start":{"line":406,"column":74},"end":{"line":406,"column":78}}],"line":406},"62":{"loc":{"start":{"line":409,"column":8},"end":{"line":409,"column":53}},"type":"cond-expr","locations":[{"start":{"line":409,"column":22},"end":{"line":409,"column":45}},{"start":{"line":409,"column":48},"end":{"line":409,"column":53}}],"line":409},"63":{"loc":{"start":{"line":411,"column":12},"end":{"line":411,"column":53}},"type":"if","locations":[{"start":{"line":411,"column":12},"end":{"line":411,"column":53}},{"start":{},"end":{}}],"line":411},"64":{"loc":{"start":{"line":412,"column":12},"end":{"line":412,"column":52}},"type":"if","locations":[{"start":{"line":412,"column":12},"end":{"line":412,"column":52}},{"start":{},"end":{}}],"line":412},"65":{"loc":{"start":{"line":443,"column":4},"end":{"line":443,"column":25}},"type":"if","locations":[{"start":{"line":443,"column":4},"end":{"line":443,"column":25}},{"start":{},"end":{}}],"line":443},"66":{"loc":{"start":{"line":451,"column":12},"end":{"line":451,"column":76}},"type":"binary-expr","locations":[{"start":{"line":451,"column":12},"end":{"line":451,"column":45}},{"start":{"line":451,"column":49},"end":{"line":451,"column":76}}],"line":451},"67":{"loc":{"start":{"line":454,"column":8},"end":{"line":468,"column":9}},"type":"if","locations":[{"start":{"line":454,"column":8},"end":{"line":468,"column":9}},{"start":{},"end":{}}],"line":454},"68":{"loc":{"start":{"line":456,"column":32},"end":{"line":456,"column":86}},"type":"cond-expr","locations":[{"start":{"line":456,"column":56},"end":{"line":456,"column":79}},{"start":{"line":456,"column":82},"end":{"line":456,"column":86}}],"line":456},"69":{"loc":{"start":{"line":460,"column":35},"end":{"line":460,"column":80}},"type":"cond-expr","locations":[{"start":{"line":460,"column":49},"end":{"line":460,"column":72}},{"start":{"line":460,"column":75},"end":{"line":460,"column":80}}],"line":460},"70":{"loc":{"start":{"line":483,"column":11},"end":{"line":483,"column":34}},"type":"binary-expr","locations":[{"start":{"line":483,"column":11},"end":{"line":483,"column":26}},{"start":{"line":483,"column":30},"end":{"line":483,"column":34}}],"line":483},"71":{"loc":{"start":{"line":495,"column":4},"end":{"line":495,"column":39}},"type":"if","locations":[{"start":{"line":495,"column":4},"end":{"line":495,"column":39}},{"start":{},"end":{}}],"line":495},"72":{"loc":{"start":{"line":496,"column":4},"end":{"line":496,"column":47}},"type":"if","locations":[{"start":{"line":496,"column":4},"end":{"line":496,"column":47}},{"start":{},"end":{}}],"line":496},"73":{"loc":{"start":{"line":497,"column":4},"end":{"line":497,"column":43}},"type":"if","locations":[{"start":{"line":497,"column":4},"end":{"line":497,"column":43}},{"start":{},"end":{}}],"line":497},"74":{"loc":{"start":{"line":498,"column":4},"end":{"line":498,"column":40}},"type":"if","locations":[{"start":{"line":498,"column":4},"end":{"line":498,"column":40}},{"start":{},"end":{}}],"line":498}},"s":{"0":1,"1":1,"2":1,"3":1,"4":0,"5":0,"6":0,"7":0,"8":0,"9":0,"10":0,"11":0,"12":0,"13":0,"14":0,"15":0,"16":0,"17":0,"18":0,"19":0,"20":0,"21":3,"22":3,"23":3,"24":3,"25":0,"26":0,"27":0,"28":3,"29":0,"30":0,"31":0,"32":4,"33":4,"34":4,"35":0,"36":4,"37":2,"38":2,"39":2,"40":2,"41":2,"42":2,"43":2,"44":2,"45":0,"46":2,"47":2,"48":2,"49":2,"50":3,"51":3,"52":3,"53":0,"54":3,"55":6,"56":6,"57":3,"58":3,"59":3,"60":6,"61":3,"62":3,"63":3,"64":3,"65":3,"66":0,"67":3,"68":3,"69":3,"70":3,"71":3,"72":3,"73":3,"74":3,"75":3,"76":6,"77":6,"78":3,"79":3,"80":3,"81":3,"82":3,"83":3,"84":3,"85":3,"86":3,"87":0,"88":0,"89":0,"90":4,"91":4,"92":0,"93":4,"94":4,"95":4,"96":4,"97":1,"98":1,"99":1,"100":1,"101":1,"102":0,"103":0,"104":0,"105":0,"106":0,"107":0,"108":0,"109":0,"110":0,"111":0,"112":0,"113":0,"114":0,"115":0,"116":0,"117":0,"118":0,"119":0,"120":0,"121":0,"122":0,"123":0,"124":0,"125":0,"126":0,"127":0,"128":0,"129":0,"130":0,"131":0,"132":0,"133":0,"134":0,"135":0,"136":0,"137":0,"138":0,"139":0,"140":0,"141":1,"142":1,"143":1,"144":0,"145":1,"146":1,"147":0,"148":1,"149":0,"150":1,"151":1,"152":1,"153":0,"154":1,"155":1,"156":0,"157":0,"158":0,"159":0,"160":0,"161":0,"162":0,"163":0,"164":0,"165":0,"166":0,"167":1,"168":1,"169":1,"170":1,"171":1,"172":1,"173":1,"174":1,"175":0,"176":0,"177":0,"178":0,"179":0,"180":0,"181":0,"182":0,"183":0,"184":0,"185":0,"186":0,"187":0,"188":0,"189":0,"190":0,"191":0,"192":0,"193":0,"194":0,"195":0,"196":0,"197":0,"198":1,"199":1,"200":1,"201":0,"202":0,"203":1,"204":1,"205":1,"206":1,"207":1,"208":1,"209":0,"210":1,"211":0,"212":1,"213":1,"214":1,"215":1,"216":1,"217":1,"218":6,"219":1,"220":1,"221":0,"222":1,"223":1,"224":1,"225":1,"226":0,"227":1,"228":1,"229":1,"230":1,"231":1,"232":1,"233":0,"234":7,"235":7,"236":4,"237":4,"238":4,"239":4,"240":4,"241":4,"242":4,"243":0,"244":0,"245":0,"246":0,"247":0,"248":0,"249":0,"250":1,"251":1,"252":1,"253":1,"254":1,"255":1,"256":1,"257":1},"f":{"0":0,"1":0,"2":0,"3":3,"4":0,"5":4,"6":0,"7":2,"8":3,"9":0,"10":6,"11":6,"12":3,"13":3,"14":6,"15":0,"16":4,"17":1,"18":0,"19":0,"20":0,"21":0,"22":0,"23":0,"24":1,"25":1,"26":0,"27":0,"28":0,"29":0,"30":0,"31":0,"32":1,"33":1,"34":1,"35":6,"36":1,"37":0,"38":7,"39":4,"40":1},"b":{"0":[0,0],"1":[0,0],"2":[0,0],"3":[0,0],"4":[0,0],"5":[3,0],"6":[0,0],"7":[0,0],"8":[0,4],"9":[2,2],"10":[2,0],"11":[2,0],"12":[1,2],"13":[6,0],"14":[6,0],"15":[3,2],"16":[1,2],"17":[1,2],"18":[0,3],"19":[3,0],"20":[3,0],"21":[6,0],"22":[6,0],"23":[3,2],"24":[3,0],"25":[3,0],"26":[3,0],"27":[0,0],"28":[0,4],"29":[4,0],"30":[1,0],"31":[0,1],"32":[0,1],"33":[0,0],"34":[0,0],"35":[0,0],"36":[0,0],"37":[0,0],"38":[0,0],"39":[0,0],"40":[0,0],"41":[0,0],"42":[0,0],"43":[1],"44":[0,1],"45":[0,1],"46":[1,0],"47":[0,1],"48":[0,1],"49":[0,1],"50":[1,0],"51":[0,0],"52":[0,0],"53":[0,0],"54":[0,0],"55":[1,0],"56":[1,0],"57":[0,0],"58":[0,0],"59":[0,1],"60":[1,0],"61":[1,0],"62":[1,0],"63":[0,1],"64":[0,1],"65":[0,1],"66":[0,0],"67":[1,0],"68":[1,0],"69":[1,0],"70":[7,3],"71":[4,0],"72":[0,0],"73":[0,0],"74":[0,0]},"meta":{"lastBranch":75,"lastFunction":41,"lastStatement":258,"seen":{"s:3:20:3:22":0,"s:4:28:4:32":1,"s:5:23:5:27":2,"s:7:0:15:3":3,"f:7:46:7:47":0,"s:8:4:8:26":4,"s:9:4:9:24":5,"s:10:4:10:34":6,"s:11:4:11:28":7,"s:14:4:14:32":8,"f:18:9:18:28":1,"s:19:24:19:61":9,"s:20:24:20:63":10,"s:23:4:23:76":11,"b:25:4:36:5:undefined:undefined:undefined:undefined":0,"s:25:4:36:5":12,"s:26:8:26:47":13,"s:28:8:35:11":14,"f:28:47:28:48":2,"s:29:12:29:48":15,"s:30:12:30:71":16,"b:32:12:34:13:undefined:undefined:undefined:undefined":1,"s:32:12:34:13":17,"s:33:16:33:79":18,"b:33:63:33:69:33:72:33:78":2,"b:38:4:40:5:undefined:undefined:undefined:undefined":3,"s:38:4:40:5":19,"s:39:8:39:71":20,"b:39:55:39:61:39:64:39:70":4,"f:44:9:44:26":3,"s:45:18:45:61":21,"b:47:4:56:5:54:11:56:5":5,"s:47:4:56:5":22,"s:48:8:53:9":23,"s:49:12:49:46":24,"s:51:12:51:63":25,"s:52:12:52:53":26,"s:55:8:55:49":27,"s:58:4:58:30":28,"f:62:9:62:31":4,"s:63:24:63:78":29,"b:63:48:63:71:63:74:63:78":6,"s:64:21:64:66":30,"b:64:35:64:58:64:61:64:66":7,"s:66:4:111:6":31,"f:115:9:115:32":5,"s:116:26:116:71":32,"s:117:23:117:69":33,"b:119:4:119:31:undefined:undefined:undefined:undefined":8,"s:119:4:119:31":34,"s:119:24:119:31":35,"b:121:4:125:5:undefined:undefined:undefined:undefined":9,"s:121:4:125:5":36,"s:122:8:122:45":37,"b:123:8:123:59:undefined:undefined:undefined:undefined":10,"s:123:8:123:59":38,"s:123:24:123:59":39,"s:124:8:124:15":40,"s:127:4:127:41":41,"b:128:4:128:54:undefined:undefined:undefined:undefined":11,"s:128:4:128:54":42,"s:128:20:128:54":43,"s:131:19:131:85":44,"f:131:43:131:44":6,"s:131:53:131:84":45,"s:133:4:133:33":46,"s:135:4:138:7":47,"f:135:19:135:23":7,"s:136:21:136:53":48,"s:137:8:137:40":49,"f:142:9:142:35":8,"s:143:16:143:45":50,"s:144:4:144:76":51,"b:144:60:144:68:144:71:144:73":12,"s:145:4:145:50":52,"f:145:18:145:19":9,"s:145:24:145:49":53,"s:147:30:150:6":54,"f:147:59:147:63":10,"s:148:28:148:82":55,"b:148:52:148:75:148:78:148:82":13,"s:149:8:149:72":56,"b:149:39:149:62:149:65:149:70":14,"s:152:24:152:65":57,"b:152:24:152:33:152:37:152:65":15,"s:153:24:153:63":58,"s:155:4:170:4":59,"f:159:46:159:48":11,"s:159:52:161:11":60,"b:167:51:167:59:167:62:167:64":16,"b:168:22:168:73:168:76:168:93":17,"s:172:4:172:15":61,"f:176:9:176:25":12,"s:177:4:177:43":62,"s:178:25:178:73":63,"f:178:44:178:45":13,"s:178:49:178:72":64,"b:180:4:180:30:undefined:undefined:undefined:undefined":18,"s:180:4:180:30":65,"s:180:23:180:30":66,"s:183:4:183:32":67,"s:184:4:184:24":68,"s:187:30:187:75":69,"s:188:29:188:73":70,"b:190:4:190:68:undefined:undefined:undefined:undefined":19,"s:190:4:190:68":71,"s:190:27:190:68":72,"b:191:4:191:67:undefined:undefined:undefined:undefined":20,"s:191:4:191:67":73,"s:191:26:191:67":74,"s:194:30:197:6":75,"f:194:67:194:71":14,"s:195:28:195:82":76,"b:195:52:195:75:195:78:195:82":21,"s:196:8:196:72":77,"b:196:39:196:62:196:65:196:70":22,"s:199:24:199:73":78,"b:199:24:199:41:199:45:199:73":23,"s:200:19:200:63":79,"s:201:20:201:72":80,"b:203:4:203:49:undefined:undefined:undefined:undefined":24,"s:203:4:203:49":81,"s:203:16:203:49":82,"b:204:4:204:139:undefined:undefined:undefined:undefined":25,"s:204:4:204:139":83,"s:204:17:204:139":84,"b:204:128:204:131:204:134:204:136":26,"s:207:4:207:33":85,"s:210:4:215:12":86,"f:210:15:210:16":15,"s:211:26:211:71":87,"b:212:8:214:9:undefined:undefined:undefined:undefined":27,"s:212:8:214:9":88,"s:213:12:213:57":89,"f:219:9:219:23":16,"s:220:22:220:67":90,"b:221:4:221:27:undefined:undefined:undefined:undefined":28,"s:221:4:221:27":91,"s:221:20:221:27":92,"s:223:24:223:78":93,"b:223:48:223:71:223:74:223:78":29,"s:224:26:224:40":94,"s:226:4:226:29":95,"s:228:4:251:7":96,"f:228:34:228:37":17,"s:229:20:229:49":97,"s:230:8:230:89":98,"b:230:68:230:81:230:84:230:86":30,"s:232:8:248:6":99,"b:237:27:241:11:241:14:241:16":31,"b:244:45:244:100:244:103:244:105":32,"s:250:8:250:35":100,"s:255:0:260:3":101,"f:255:76:255:77":18,"s:256:4:256:72":102,"s:257:4:257:74":103,"s:258:4:258:33":104,"s:259:4:259:30":105,"f:263:9:263:30":19,"s:264:17:264:56":106,"s:265:24:265:63":107,"s:266:25:266:65":108,"s:267:28:267:72":109,"s:268:27:268:66":110,"s:270:24:270:28":111,"b:272:4:285:5:undefined:undefined:undefined:undefined":33,"s:272:4:285:5":112,"s:273:8:284:11":113,"f:273:47:273:48":20,"s:274:25:274:42":114,"b:275:12:275:30:undefined:undefined:undefined:undefined":34,"s:275:12:275:30":115,"s:275:23:275:30":116,"s:277:27:277:43":117,"s:278:12:282:14":118,"f:278:28:278:29":21,"s:279:16:279:48":119,"b:280:16:280:73:undefined:undefined:undefined:undefined":35,"s:280:16:280:73":120,"s:280:37:280:73":121,"b:281:16:281:70:undefined:undefined:undefined:undefined":36,"s:281:16:281:70":122,"s:281:34:281:70":123,"s:283:12:283:39":124,"b:287:4:293:5:undefined:undefined:undefined:undefined":37,"s:287:4:293:5":125,"s:288:8:292:11":126,"f:288:49:288:50":22,"s:289:12:289:33":127,"b:290:12:290:52:undefined:undefined:undefined:undefined":38,"s:290:12:290:52":128,"s:290:29:290:52":129,"b:291:12:291:66:undefined:undefined:undefined:undefined":39,"s:291:12:291:66":130,"s:291:30:291:66":131,"b:295:4:304:5:undefined:undefined:undefined:undefined":40,"s:295:4:304:5":132,"s:296:8:303:11":133,"f:296:40:296:41":23,"s:297:12:297:31":134,"s:298:12:298:39":135,"s:300:12:300:33":136,"b:301:12:301:52:undefined:undefined:undefined:undefined":41,"s:301:12:301:52":137,"s:301:29:301:52":138,"b:302:12:302:66:undefined:undefined:undefined:undefined":42,"s:302:12:302:66":139,"s:302:30:302:66":140,"f:308:9:308:20":24,"b:308:32:308:36":43,"s:309:18:309:58":141,"s:310:29:310:72":142,"b:311:4:311:23:undefined:undefined:undefined:undefined":44,"s:311:4:311:23":143,"s:311:16:311:23":144,"s:313:20:313:38":145,"b:315:4:315:38:undefined:undefined:undefined:undefined":45,"s:315:4:315:38":146,"b:315:8:315:16:315:20:315:29":46,"s:315:31:315:38":147,"b:316:4:316:39:undefined:undefined:undefined:undefined":47,"s:316:4:316:39":148,"s:316:32:316:39":149,"s:318:25:318:80":150,"f:318:44:318:45":25,"s:318:49:318:79":151,"b:319:4:319:30:undefined:undefined:undefined:undefined":48,"s:319:4:319:30":152,"s:319:23:319:30":153,"s:322:25:322:29":154,"b:323:4:334:5:undefined:undefined:undefined:undefined":49,"s:323:4:334:5":155,"b:323:8:323:16:323:20:323:36":50,"s:324:32:324:54":156,"b:325:8:333:9:undefined:undefined:undefined:undefined":51,"s:325:8:333:9":157,"s:326:24:326:34":158,"s:327:27:327:28":159,"b:328:12:330:68:329:17:330:68":52,"s:328:12:330:68":160,"s:328:42:328:61":161,"b:329:17:330:68:330:17:330:68":53,"s:329:17:330:68":162,"s:329:48:329:68":163,"b:330:17:330:68:undefined:undefined:undefined:undefined":54,"s:330:17:330:68":164,"s:330:47:330:68":165,"s:332:12:332:44":166,"s:336:24:336:78":167,"b:336:48:336:71:336:74:336:78":55,"s:337:23:345:5":168,"b:340:34:340:57:340:60:340:65":56,"s:347:4:347:43":169,"s:348:4:348:43":170,"s:350:4:350:24":171,"s:351:4:351:33":172,"s:353:4:353:21":173,"s:356:4:361:11":174,"f:356:15:356:16":26,"s:357:26:357:71":175,"b:358:8:360:9:undefined:undefined:undefined:undefined":57,"s:358:8:360:9":176,"s:359:12:359:57":177,"f:365:9:365:36":27,"s:366:23:366:70":178,"s:367:18:367:67":179,"s:368:21:368:72":180,"s:369:22:369:72":181,"s:370:17:370:65":182,"s:372:22:372:58":183,"f:372:22:372:23":28,"s:372:28:372:58":184,"s:373:23:376:5":185,"f:373:23:373:24":29,"s:374:8:374:42":186,"s:375:8:375:22":187,"s:378:4:378:53":188,"s:379:4:379:52":189,"s:380:4:380:53":190,"s:382:4:384:7":191,"f:382:37:382:38":30,"b:383:8:383:45:undefined:undefined:undefined:undefined":58,"s:383:8:383:45":192,"s:383:32:383:45":193,"s:386:4:390:7":194,"f:386:37:386:38":31,"s:387:8:387:27":195,"s:388:8:388:32":196,"s:389:8:389:21":197,"f:394:9:394:30":32,"s:395:24:396:28":198,"f:396:13:396:15":33,"s:396:19:396:27":199,"b:398:4:401:5:undefined:undefined:undefined:undefined":59,"s:398:4:401:5":200,"s:399:8:399:76":201,"s:400:8:400:15":202,"s:403:22:403:72":203,"s:404:29:404:60":204,"b:404:29:404:52:404:56:404:60":60,"s:406:24:406:78":205,"b:406:48:406:71:406:74:406:78":61,"s:407:25:407:57":206,"s:408:29:415:5":207,"b:409:22:409:45:409:48:409:53":62,"f:410:27:410:29":34,"b:411:12:411:53:undefined:undefined:undefined:undefined":63,"s:411:12:411:53":208,"s:411:38:411:53":209,"b:412:12:412:52:undefined:undefined:undefined:undefined":64,"s:412:12:412:52":210,"s:412:38:412:52":211,"s:413:12:413:29":212,"s:417:28:425:5":213,"s:427:4:427:40":214,"s:428:4:428:24":215,"s:429:4:429:30":216,"s:432:4:432:41":217,"f:436:9:436:26":35,"s:437:4:437:79":218,"f:441:9:441:34":36,"s:442:20:442:66":219,"b:443:4:443:25:undefined:undefined:undefined:undefined":65,"s:443:4:443:25":220,"s:443:18:443:25":221,"s:445:4:473:5":222,"s:446:50:446:69":223,"s:447:8:447:58":224,"s:450:27:452:9":225,"f:450:46:450:47":37,"s:451:12:451:76":226,"b:451:12:451:45:451:49:451:76":66,"b:454:8:468:9:undefined:undefined:undefined:undefined":67,"s:454:8:468:9":227,"s:456:32:456:86":228,"b:456:56:456:79:456:82:456:86":68,"s:457:12:465:14":229,"b:460:49:460:72:460:75:460:80":69,"s:466:12:466:45":230,"s:467:12:467:32":231,"s:470:8:470:42":232,"s:472:8:472:70":233,"f:477:9:477:23":38,"s:478:20:482:5":234,"s:483:4:483:35":235,"b:483:11:483:26:483:30:483:34":70,"f:487:9:487:24":39,"s:488:16:488:26":236,"s:489:17:489:32":237,"s:491:20:491:44":238,"s:492:18:492:44":239,"s:493:17:493:44":240,"b:495:4:495:39:undefined:undefined:undefined:undefined":71,"s:495:4:495:39":241,"s:495:21:495:39":242,"b:496:4:496:47:undefined:undefined:undefined:undefined":72,"s:496:4:496:47":243,"s:496:22:496:47":244,"b:497:4:497:43:undefined:undefined:undefined:undefined":73,"s:497:4:497:43":245,"s:497:20:497:43":246,"b:498:4:498:40:undefined:undefined:undefined:undefined":74,"s:498:4:498:40":247,"s:498:18:498:40":248,"s:499:4:499:52":249,"f:503:9:503:19":40,"s:504:16:504:45":250,"s:505:4:505:27":251,"s:506:4:506:25":252,"s:510:0:510:33":253,"s:511:0:511:43":254,"s:512:0:512:63":255,"s:513:0:513:61":256,"s:514:0:514:53":257}}}
,"C:\\Users\\torpi\\Documents\\GitHub\\OptIn\\js\\profile.js": {"path":"C:\\Users\\torpi\\Documents\\GitHub\\OptIn\\js\\profile.js","statementMap":{"0":{"start":{"line":3,"column":0},"end":{"line":11,"column":3}},"1":{"start":{"line":4,"column":4},"end":{"line":4,"column":18}},"2":{"start":{"line":5,"column":4},"end":{"line":5,"column":32}},"3":{"start":{"line":6,"column":4},"end":{"line":6,"column":28}},"4":{"start":{"line":7,"column":4},"end":{"line":7,"column":26}},"5":{"start":{"line":8,"column":4},"end":{"line":8,"column":30}},"6":{"start":{"line":9,"column":4},"end":{"line":9,"column":25}},"7":{"start":{"line":10,"column":4},"end":{"line":10,"column":23}},"8":{"start":{"line":15,"column":17},"end":{"line":15,"column":71}},"9":{"start":{"line":17,"column":4},"end":{"line":20,"column":5}},"10":{"start":{"line":18,"column":8},"end":{"line":18,"column":44}},"11":{"start":{"line":19,"column":8},"end":{"line":19,"column":15}},"12":{"start":{"line":23,"column":24},"end":{"line":23,"column":63}},"13":{"start":{"line":24,"column":4},"end":{"line":26,"column":5}},"14":{"start":{"line":25,"column":8},"end":{"line":25,"column":71}},"15":{"start":{"line":29,"column":29},"end":{"line":29,"column":74}},"16":{"start":{"line":30,"column":4},"end":{"line":32,"column":5}},"17":{"start":{"line":31,"column":8},"end":{"line":31,"column":81}},"18":{"start":{"line":37,"column":17},"end":{"line":37,"column":71}},"19":{"start":{"line":38,"column":4},"end":{"line":38,"column":22}},"20":{"start":{"line":38,"column":15},"end":{"line":38,"column":22}},"21":{"start":{"line":41,"column":20},"end":{"line":41,"column":62}},"22":{"start":{"line":44,"column":31},"end":{"line":44,"column":78}},"23":{"start":{"line":45,"column":31},"end":{"line":45,"column":79}},"24":{"start":{"line":46,"column":30},"end":{"line":46,"column":77}},"25":{"start":{"line":48,"column":4},"end":{"line":51,"column":5}},"26":{"start":{"line":49,"column":8},"end":{"line":49,"column":67}},"27":{"start":{"line":50,"column":8},"end":{"line":50,"column":124}},"28":{"start":{"line":50,"column":60},"end":{"line":50,"column":122}},"29":{"start":{"line":53,"column":4},"end":{"line":56,"column":5}},"30":{"start":{"line":54,"column":8},"end":{"line":54,"column":67}},"31":{"start":{"line":55,"column":8},"end":{"line":55,"column":124}},"32":{"start":{"line":55,"column":60},"end":{"line":55,"column":122}},"33":{"start":{"line":58,"column":4},"end":{"line":61,"column":5}},"34":{"start":{"line":59,"column":8},"end":{"line":59,"column":65}},"35":{"start":{"line":60,"column":8},"end":{"line":60,"column":121}},"36":{"start":{"line":60,"column":59},"end":{"line":60,"column":119}},"37":{"start":{"line":66,"column":17},"end":{"line":66,"column":71}},"38":{"start":{"line":67,"column":4},"end":{"line":67,"column":22}},"39":{"start":{"line":67,"column":15},"end":{"line":67,"column":22}},"40":{"start":{"line":69,"column":4},"end":{"line":69,"column":73}},"41":{"start":{"line":69,"column":31},"end":{"line":69,"column":73}},"42":{"start":{"line":70,"column":4},"end":{"line":70,"column":38}},"43":{"start":{"line":72,"column":4},"end":{"line":72,"column":40}},"44":{"start":{"line":74,"column":4},"end":{"line":74,"column":61}},"45":{"start":{"line":75,"column":4},"end":{"line":75,"column":54}},"46":{"start":{"line":78,"column":18},"end":{"line":78,"column":53}},"47":{"start":{"line":79,"column":4},"end":{"line":79,"column":23}},"48":{"start":{"line":79,"column":16},"end":{"line":79,"column":23}},"49":{"start":{"line":81,"column":4},"end":{"line":98,"column":5}},"50":{"start":{"line":82,"column":25},"end":{"line":91,"column":10}},"51":{"start":{"line":93,"column":8},"end":{"line":95,"column":9}},"52":{"start":{"line":94,"column":12},"end":{"line":94,"column":74}},"53":{"start":{"line":97,"column":8},"end":{"line":97,"column":64}},"54":{"start":{"line":103,"column":17},"end":{"line":103,"column":71}},"55":{"start":{"line":104,"column":4},"end":{"line":104,"column":22}},"56":{"start":{"line":104,"column":15},"end":{"line":104,"column":22}},"57":{"start":{"line":106,"column":24},"end":{"line":106,"column":46}},"58":{"start":{"line":109,"column":21},"end":{"line":109,"column":57}},"59":{"start":{"line":110,"column":26},"end":{"line":110,"column":67}},"60":{"start":{"line":111,"column":30},"end":{"line":111,"column":75}},"61":{"start":{"line":113,"column":4},"end":{"line":113,"column":57}},"62":{"start":{"line":113,"column":18},"end":{"line":113,"column":57}},"63":{"start":{"line":114,"column":4},"end":{"line":114,"column":72}},
[...]
{"line":89,"column":4},"end":{"line":89,"column":50}},"32":{"start":{"line":89,"column":18},"end":{"line":89,"column":50}},"33":{"start":{"line":94,"column":16},"end":{"line":94,"column":45}},"34":{"start":{"line":95,"column":4},"end":{"line":95,"column":38}},"35":{"start":{"line":96,"column":4},"end":{"line":96,"column":35}},"36":{"start":{"line":98,"column":27},"end":{"line":98,"column":59}},"37":{"start":{"line":99,"column":29},"end":{"line":99,"column":65}},"38":{"start":{"line":101,"column":28},"end":{"line":105,"column":50}},"39":{"start":{"line":107,"column":4},"end":{"line":133,"column":4}},"40":{"start":{"line":135,"column":4},"end":{"line":135,"column":15}},"41":{"start":{"line":140,"column":20},"end":{"line":144,"column":5}},"42":{"start":{"line":145,"column":4},"end":{"line":145,"column":35}},"43":{"start":{"line":150,"column":16},"end":{"line":150,"column":26}},"44":{"start":{"line":151,"column":17},"end":{"line":151,"column":32}},"45":{"start":{"line":153,"column":20},"end":{"line":153,"column":44}},"46":{"start":{"line":154,"column":18},"end":{"line":154,"column":44}},"47":{"start":{"line":155,"column":17},"end":{"line":155,"column":44}},"48":{"start":{"line":157,"column":4},"end":{"line":157,"column":39}},"49":{"start":{"line":157,"column":21},"end":{"line":157,"column":39}},"50":{"start":{"line":158,"column":4},"end":{"line":158,"column":78}},"51":{"start":{"line":158,"column":22},"end":{"line":158,"column":78}},"52":{"start":{"line":159,"column":4},"end":{"line":159,"column":70}},"53":{"start":{"line":159,"column":20},"end":{"line":159,"column":70}},"54":{"start":{"line":160,"column":4},"end":{"line":160,"column":51}},"55":{"start":{"line":165,"column":16},"end":{"line":165,"column":45}},"56":{"start":{"line":166,"column":4},"end":{"line":166,"column":27}},"57":{"start":{"line":167,"column":4},"end":{"line":167,"column":25}},"58":{"start":{"line":172,"column":17},"end":{"line":172,"column":58}},"59":{"start":{"line":173,"column":4},"end":{"line":173,"column":22}},"60":{"start":{"line":173,"column":15},"end":{"line":173,"column":22}},"61":{"start":{"line":175,"column":4},"end":{"line":175,"column":52}},"62":{"start":{"line":180,"column":4},"end":{"line":180,"column":23}},"63":{"start":{"line":182,"column":25},"end":{"line":182,"column":65}},"64":{"start":{"line":183,"column":28},"end":{"line":183,"column":71}},"65":{"start":{"line":185,"column":4},"end":{"line":185,"column":50}},"66":{"start":{"line":185,"column":43},"end":{"line":185,"column":50}},"67":{"start":{"line":187,"column":20},"end":{"line":187,"column":45}},"68":{"start":{"line":188,"column":23},"end":{"line":188,"column":44}},"69":{"start":{"line":190,"column":4},"end":{"line":193,"column":5}},"70":{"start":{"line":191,"column":8},"end":{"line":191,"column":50}},"71":{"start":{"line":192,"column":8},"end":{"line":192,"column":15}},"72":{"start":{"line":195,"column":24},"end":{"line":195,"column":78}},"73":{"start":{"line":196,"column":24},"end":{"line":196,"column":75}},"74":{"start":{"line":198,"column":21},"end":{"line":206,"column":5}},"75":{"start":{"line":209,"column":4},"end":{"line":209,"column":29}},"76":{"start":{"line":212,"column":4},"end":{"line":212,"column":65}},"77":{"start":{"line":215,"column":4},"end":{"line":215,"column":19}},"78":{"start":{"line":218,"column":18},"end":{"line":218,"column":60}},"79":{"start":{"line":219,"column":17},"end":{"line":219,"column":58}},"80":{"start":{"line":221,"column":4},"end":{"line":221,"column":48}},"81":{"start":{"line":221,"column":15},"end":{"line":221,"column":48}},"82":{"start":{"line":222,"column":4},"end":{"line":222,"column":27}},"83":{"start":{"line":222,"column":14},"end":{"line":222,"column":27}},"84":{"start":{"line":224,"column":4},"end":{"line":224,"column":48}},"85":{"start":{"line":229,"column":4},"end":{"line":235,"column":5}},"86":{"start":{"line":231,"column":8},"end":{"line":231,"column":43}},"87":{"start":{"line":234,"column":8},"end":{"line":234,"column":40}},"88":{"start":{"line":238,"column":4},"end":{"line":238,"column":88}},"89":{"start":{"line":241,"column":4},"end":{"line":241,"column":19}},"90":{"start":{"line":246,"column":18},"end":{"line":246,"column":60}},"91":{"start":{"line":247,"column":4},"end":{"line":253,"column":5}},"92":{"start":{"line":248,"column":8},"end":{"line":252,"column":9}},"93":{"start":{"line":249,"column":12},"end":{"line":249,"column":60}},"94":{"start":{"line":251,"column":12},"end":{"line":251,"column":65}},"95":{"start":{"line":258,"column":18},"end":{"line":258,"column":52}},"96":{"start":{"line":258,"column":35},"end":{"line":258,"column":51}},"97":{"start":{"line":259,"column":4},"end":{"line":259,"column":23}},"98":{"start":{"line":259,"column":16},"end":{"line":259,"column":23}},"99":{"start":{"line":262,"column":20},"end":{"line":266,"column":5}},"100":{"start":{"line":267,"column":4},"end":{"line":267,"column":76}},"101":{"start":{"line":270,"column":4},"end":{"line":270,"column":41}},"102":{"start":{"line":274,"column":0},"end":{"line":274,"column":39}},"103":{"start":{"line":275,"column":0},"end":{"line":275,"column":43}},"104":{"start":{"line":276,"column":0},"end":{"line":276,"column":39}},"105":{"start":{"line":277,"column":0},"end":{"line":277,"column":35}},"106":{"start":{"line":278,"column":0},"end":{"line":278,"column":47}},"107":{"start":{"line":279,"column":0},"end":{"line":279,"column":41}},"108":{"start":{"line":280,"column":0},"end":{"line":280,"column":31}}},"fnMap":{"0":{"name":"(anonymous_0)","decl":{"start":{"line":6,"column":46},"end":{"line":6,"column":47}},"loc":{"start":{"line":6,"column":52},"end":{"line":10,"column":1}},"line":6},"1":{"name":"loadPulses","decl":{"start":{"line":13,"column":9},"end":{"line":13,"column":19}},"loc":{"start":{"line":13,"column":22},"end":{"line":28,"column":1}},"line":13},"2":{"name":"getSamplePulses","decl":{"start":{"line":31,"column":9},"end":{"line":31,"column":24}},"loc":{"start":{"line":31,"column":27},"end":{"line":64,"column":1}},"line":31},"3":{"name":"renderPulses","decl":{"start":{"line":67,"column":9},"end":{"line":67,"column":21}},"loc":{"start":{"line":67,"column":24},"end":{"line":90,"column":1}},"line":67},"4":{"name":"(anonymous_4)","decl":{"start":{"line":81,"column":42},"end":{"line":81,"column":43}},"loc":{"start":{"line":81,"column":52},"end":{"line":81,"column":77}},"line":81},"5":{"name":"(anonymous_5)","decl":{"start":{"line":83,"column":25},"end":{"line":83,"column":30}},"loc":{"start":{"line":83,"column":34},"end":{"line":86,"column":5}},"line":83},"6":{"name":"createPulseElement","decl":{"start":{"line":93,"column":9},"end":{"line":93,"column":27}},"loc":{"start":{"line":93,"column":35},"end":{"line":136,"column":1}},"line":93},"7":{"name":"getAvatarEmoji","decl":{"start":{"line":139,"column":9},"end":{"line":139,"column":23}},"loc":{"start":{"line":139,"column":32},"end":{"line":146,"column":1}},"line":139},"8":{"name":"getRelativeTime","decl":{"start":{"line":149,"column":9},"end":{"line":149,"column":24}},"loc":{"start":{"line":149,"column":36},"end":{"line":161,"column":1}},"line":149},"9":{"name":"escapeHtml","decl":{"start":{"line":164,"column":9},"end":{"line":164,"column":19}},"loc":{"start":{"line":164,"column":26},"end":{"line":168,"column":1}},"line":164},"10":{"name":"initializePulseForm","decl":{"start":{"line":171,"column":9},"end":{"line":171,"column":28}},"loc":{"start":{"line":171,"column":31},"end":{"line":176,"column":1}},"line":171},"11":{"name":"handleNewPulse","decl":{"start":{"line":179,"column":15},"end":{"line":179,"column":29}},"loc":{"start":{"line":179,"column":33},"end":{"line":225,"column":1}},"line":179},"12":{"name":"acknowledgePulse","decl":{"start":{"line":228,"column":9},"end":{"line":228,"column":25}},"loc":{"start":{"line":228,"column":35},"end":{"line":242,"column":1}},"line":228},"13":{"name":"loadAcknowledgments","decl":{"start":{"line":245,"column":9},"end":{"line":245,"column":28}},"loc":{"start":{"line":245,"column":31},"end":{"line":254,"column":1}},"line":245},"14":{"name":"respondToPulse","decl":{"start":{"line":257,"column":9},"end":{"line":257,"column":23}},"loc":{"start":{"line":257,"column":33},"end":{"line":271,"column":1}},"line":257},"15":{"name":"(anonymous_15)","decl":{"start":{"line":258,"column":30},"end":{"line":258,"column":31}},"loc":{"start":{"line":258,"column":35},"end":{"line":258,"column":51}},"line":258}},"branchMap":{"0":{"loc":{"start":{"line":16,"column":4},"end":{"line":25,"column":5}},"type":"if","locations":[{"start":{"line":16,"column":4},"end":{"line":25,"column":5}},{"start":{"line":23,"column":11},"end":{"line":25,"column":5}}],"line":16},"1":{"loc":{"start":{"line":32,"column":24},"end":{"line":32,"column":78}},"type":"cond-expr","locations":[{"start":{"line":32,"column":48},"end":{"line":32,"column":71}},{"start":{"line":32,"column":74},"end":{"line":32,"column":78}}],"line":32},"2":{"loc":{"start":{"line":33,"column":24},"end":{"line":33,"column":69}},"type":"cond-expr","locations":[{"start":{"line":33,"column":38},"end":{"line":33,"column":61}},{"start":{"line":33,"column":64},"end":{"line":33,"column":69}}],"line":33},"3":{"loc":{"start":{"line":69,"column":4},"end":{"line":69,"column":27}},"type":"if","locations":[{"start":{"line":69,"column":4},"end":{"line":69,"column":27}},{"start":{},"end":{}}],"line":69},"4":{"loc":{"start":{"line":75,"column":4},"end":{"line":78,"column":5}},"type":"if","locations":[{"start":{"line":75,"column":4},"end":{"line":78,"column":5}},{"start":{},"end":{}}],"line":75},"5":{"loc":{"start":{"line":76,"column":8},"end":{"line":76,"column":54}},"type":"if","locations":[{"start":{"line":76,"column":8},"end":{"line":76,"column":54}},{"start":{},"end":{}}],"line":76},"6":{"loc":{"start":{"line":89,"column":4},"end":{"line":89,"column":50}},"type":"if","locations":[{"start":{"line":89,"column":4},"end":{"line":89,"column":50}},{"start":{},"end":{}}],"line":89},"7":{"loc":{"start":{"line":99,"column":29},"end":{"line":99,"column":65}},"type":"cond-expr","locations":[{"start":{"line":99,"column":46},"end":{"line":99,"column":60}},{"start":{"line":99,"column":63},"end":{"line":99,"column":65}}],"line":99},"8":{"loc":{"start":{"line":101,"column":28},"end":{"line":105,"column":50}},"type":"cond-expr","locations":[{"start":{"line":102,"column":10},"end":{"line":102,"column":65}},{"start":{"line":103,"column":10},"end":{"line":105,"column":50}}],"line":101},"9":{"loc":{"start":{"line":103,"column":10},"end":{"line":105,"column":50}},"type":"cond-expr","locations":[{"start":{"line":104,"column":14},"end":{"line":104,"column":50}},{"start":{"line":105,"column":14},"end":{"line":105,"column":50}}],"line":103},"10":{"loc":{"start":{"line":126,"column":37},"end":{"line":126,"column":84}},"type":"cond-expr","locations":[{"start":{"line":126,"column":54},"end":{"line":126,"column":68}},{"start":{"line":126,"column":71},"end":{"line":126,"column":84}}],"line":126},"11":{"loc":{"start":{"line":145,"column":11},"end":{"line":145,"column":34}},"type":"binary-expr","locations":[{"start":{"line":145,"column":11},"end":{"line":145,"column":26}},{"start":{"line":145,"column":30},"end":{"line":145,"column":34}}],"line":145},"12":{"loc":{"start":{"line":157,"column":4},"end":{"line":157,"column":39}},"type":"if","locations":[{"start":{"line":157,"column":4},"end":{"line":157,"column":39}},{"start":{},"end":{}}],"line":157},"13":{"loc":{"start":{"line":158,"column":4},"end":{"line":158,"column":78}},"type":"if","locations":[{"start":{"line":158,"column":4},"end":{"line":158,"column":78}},{"start":{},"end":{}}],"line":158},"14":{"loc":{"start":{"line":158,"column":49},"end":{"line":158,"column":71}},"type":"cond-expr","locations":[{"start":{"line":158,"column":63},"end":{"line":158,"column":66}},{"start":{"line":158,"column":69},"end":{"line":158,"column":71}}],"line":158},"15":{"loc":{"start":{"line":159,"column":4},"end":{"line":159,"column":70}},"type":"if","locations":[{"start":{"line":159,"column":4},"end":{"line":159,"column":70}},{"start":{},"end":{}}],"line":159},"16":{"loc":{"start":{"line":159,"column":43},"end":{"line":159,"column":63}},"type":"cond-expr","locations":[{"start":{"line":159,"column":55},"end":{"line":159,"column":58}},{"start":{"line":159,"column":61},"end":{"line":159,"column":63}}],"line":159},"17":{"loc":{"start":{"line":160,"column":25},"end":{"line":160,"column":44}},"type":"cond-expr","locations":[{"start":{"line":160,"column":36},"end":{"line":160,"column":39}},{"start":{"line":160,"column":42},"end":{"line":160,"column":44}}],"line":160},"18":{"loc":{"start":{"line":173,"column":4},"end":{"line":173,"column":22}},"type":"if","locations":[{"start":{"line":173,"column":4},"end":{"line":173,"column":22}},{"start":{},"end":{}}],"line":173},"19":{"loc":{"start":{"line":185,"column":4},"end":{"line":185,"column":50}},"type":"if","locations":[{"start":{"line":185,"column":4},"end":{"line":185,"column":50}},{"start":{},"end":{}}],"line":185},"20":{"loc":{"start":{"line":185,"column":8},"end":{"line":185,"column":41}},"type":"binary-expr","locations":[{"start":{"line":185,"column":8},"end":{"line":185,"column":21}},{"start":{"line":185,"column":25},"end":{"line":185,"column":41}}],"line":185},"21":{"loc":{"start":{"line":190,"column":4},"end":{"line":193,"column":5}},"type":"if","locations":[{"start":{"line":190,"column":4},"end":{"line":193,"column":5}},{"start":{},"end":{}}],"line":190},"22":{"loc":{"start":{"line":195,"column":24},"end":{"line":195,"column":78}},"type":"cond-expr","locations":[{"start":{"line":195,"column":48},"end":{"line":195,"column":71}},{"start":{"line":195,"column":74},"end":{"line":195,"column":78}}],"line":195},"23":{"loc":{"start":{"line":196,"column":24},"end":{"line":196,"column":75}},"type":"cond-expr","locations":[{"start":{"line":196,"column":38},"end":{"line":196,"column":61}},{"start":{"line":196,"column":64},"end":{"line":196,"column":75}}],"line":196},"24":{"loc":{"start":{"line":221,"column":4},"end":{"line":221,"column":48}},"type":"if","locations":[{"start":{"line":221,"column":4},"end":{"line":221,"column":48}},{"start":{},"end":{}}],"line":221},"25":{"loc":{"start":{"line":222,"column":4},"end":{"line":222,"column":27}},"type":"if","locations":[{"start":{"line":222,"column":4},"end":{"line":222,"column":27}},{"start":{},"end":{}}],"line":222},"26":{"loc":{"start":{"line":229,"column":4},"end":{"line":235,"column":5}},"type":"if","locations":[{"start":{"line":229,"column":4},"end":{"line":235,"column":5}},{"start":{"line":232,"column":11},"end":{"line":235,"column":5}}],"line":229},"27":{"loc":{"start":{"line":247,"column":4},"end":{"line":253,"column":5}},"type":"if","locations":[{"start":{"line":247,"column":4},"end":{"line":253,"column":5}},{"start":{},"end":{}}],"line":247},"28":{"loc":{"start":{"line":259,"column":4},"end":{"line":259,"column":23}},"type":"if","locations":[{"start":{"line":259,"column":4},"end":{"line":259,"column":23}},{"start":{},"end":{}}],"line":259}},"s":{"0":1,"1":1,"2":1,"3":0,"4":0,"5":0,"6":0,"7":0,"8":0,"9":0,"10":0,"11":0,"12":0,"13":0,"14":0,"15":0,"16":0,"17":3,"18":3,"19":0,"20":3,"21":3,"22":3,"23":0,"24":0,"25":0,"26":3,"27":2,"28":3,"29":5,"30":5,"31":3,"32":3,"33":6,"34":6,"35":6,"36":6,"37":6,"38":6,"39":6,"40":6,"41":6,"42":6,"43":9,"44":9,"45":9,"46":9,"47":9,"48":9,"49":7,"50":2,"51":2,"52":1,"53":1,"54":0,"55":7,"56":7,"57":7,"58":0,"59":0,"60":0,"61":0,"62":2,"63":2,"64":2,"65":2,"66":0,"67":2,"68":2,"69":2,"70":0,"71":0,"72":2,"73":2,"74":2,"75":2,"76":2,"77":2,"78":2,"79":2,"80":2,"81":2,"82":2,"83":2,"84":2,"85":1,"86":0,"87":1,"88":1,"89":1,"90":0,"91":0,"92":0,"93":0,"94":0,"95":0,"96":0,"97":0,"98":0,"99":0,"100":0,"101":0,"102":1,"103":1,"104":1,"105":1,"106":1,"107":1,"108":1},"f":{"0":0,"1":0,"2":0,"3":3,"4":2,"5":5,"6":6,"7":6,"8":9,"9":7,"10":0,"11":2,"12":1,"13":0,"14":0,"15":0},"b":{"0":[0,0],"1":[0,0],"2":[0,0],"3":[0,3],"4":[0,3],"5":[0,0],"6":[3,0],"7":[1,5],"8":[3,3],"9":[0,3],"10":[1,5],"11":[6,1],"12":[7,2],"13":[1,1],"14":[0,1],"15":[1,0],"16":[0,1],"17":[0,0],"18":[0,0],"19":[0,2],"20":[2,2],"21":[0,2],"22":[2,0],"23":[2,0],"24":[2,0],"25":[2,0],"26":[0,1],"27":[0,0],"28":[0,0]},"meta":{"lastBranch":29,"lastFunction":16,"lastStatement":109,"seen":{"s:3:13:3:15":0,"s:4:25:4:34":1,"s:6:0:10:3":2,"f:6:46:6:47":0,"s:7:4:7:17":3,"s:8:4:8:26":4,"s:9:4:9:26":5,"f:13:9:13:19":1,"s:14:24:14:60":6,"b:16:4:25:5:23:11:25:5":0,"s:16:4:25:5":7,"s:17:8:22:9":8,"s:18:12:18:45":9,"s:20:12:20:56":10,"s:21:12:21:39":11,"s:24:8:24:35":12,"s:27:4:27:19":13,"f:31:9:31:24":2,"s:32:24:32:78":14,"b:32:48:32:71:32:74:32:78":1,"s:33:24:33:69":15,"b:33:38:33:61:33:64:33:69":2,"s:35:4:63:6":16,"f:67:9:67:21":3,"s:68:22:68:59":17,"b:69:4:69:27:undefined:undefined:undefined:undefined":3,"s:69:4:69:27":18,"s:69:20:69:27":19,"s:72:21:72:57":20,"s:73:4:73:29":21,"b:75:4:78:5:undefined:undefined:undefined:undefined":4,"s:75:4:78:5":22,"b:76:8:76:54:undefined:undefined:undefined:undefined":5,"s:76:8:76:54":23,"s:76:22:76:54":24,"s:77:8:77:15":25,"s:81:25:81:78":26,"f:81:42:81:43":4,"s:81:52:81:77":27,"s:83:4:86:7":28,"f:83:25:83:30":5,"s:84:29:84:54":29,"s:85:8:85:44":30,"b:89:4:89:50:undefined:undefined:undefined:undefined":6,"s:89:4:89:50":31,"s:89:18:89:50":32,"f:93:9:93:27":6,"s:94:16:94:45":33,"s:95:4:95:38":34,"s:96:4:96:35":35,"s:98:27:98:59":36,"s:99:29:99:65":37,"b:99:46:99:60:99:63:99:65":7,"s:101:28:105:50":38,"b:102:10:102:65:103:10:105:50":8,"b:104:14:104:50:105:14:105:50":9,"s:107:4:133:4":39,"b:126:54:126:68:126:71:126:84":10,"s:135:4:135:15":40,"f:139:9:139:23":7,"s:140:20:144:5":41,"s:145:4:145:35":42,"b:145:11:145:26:145:30:145:34":11,"f:149:9:149:24":8,"s:150:16:150:26":43,"s:151:17:151:32":44,"s:153:20:153:44":45,"s:154:18:154:44":46,"s:155:17:155:44":47,"b:157:4:157:39:undefined:undefined:undefined:undefined":12,"s:157:4:157:39":48,"s:157:21:157:39":49,"b:158:4:158:78:undefined:undefined:undefined:undefined":13,"s:158:4:158:78":50,"s:158:22:158:78":51,"b:158:63:158:66:158:69:158:71":14,"b:159:4:159:70:undefined:undefined:undefined:undefined":15,"s:159:4:159:70":52,"s:159:20:159:70":53,"b:159:55:159:58:159:61:159:63":16,"s:160:4:160:51":54,"b:160:36:160:39:160:42:160:44":17,"f:164:9:164:19":9,"s:165:16:165:45":55,"s:166:4:166:27":56,"s:167:4:167:25":57,"f:171:9:171:28":10,"s:172:17:172:58":58,"b:173:4:173:22:undefined:undefined:undefined:undefined":18,"s:173:4:173:22":59,"s:173:15:173:22":60,"s:175:4:175:52":61,"f:179:15:179:29":11,"s:180:4:180:23":62,"s:182:25:182:65":63,"s:183:28:183:71":64,"b:185:4:185:50:undefined:undefined:undefined:undefined":19,"s:185:4:185:50":65,"b:185:8:185:21:185:25:185:41":20,"s:185:43:185:50":66,"s:187:20:187:45":67,"s:188:23:188:44":68,"b:190:4:193:5:undefined:undefined:undefined:undefined":21,"s:190:4:193:5":69,"s:191:8:191:50":70,"s:192:8:192:15":71,"s:195:24:195:78":72,"b:195:48:195:71:195:74:195:78":22,"s:196:24:196:75":73,"b:196:38:196:61:196:64:196:75":23,"s:198:21:206:5":74,"s:209:4:209:29":75,"s:212:4:212:65":76,"s:215:4:215:19":77,"s:218:18:218:60":78,"s:219:17:219:58":79,"b:221:4:221:48:undefined:undefined:undefined:undefined":24,"s:221:4:221:48":80,"s:221:15:221:48":81,"b:222:4:222:27:undefined:undefined:undefined:undefined":25,"s:222:4:222:27":82,"s:222:14:222:27":83,"s:224:4:224:48":84,"f:228:9:228:25":12,"b:229:4:235:5:232:11:235:5":26,"s:229:4:235:5":85,"s:231:8:231:43":86,"s:234:8:234:40":87,"s:238:4:238:88":88,"s:241:4:241:19":89,"f:245:9:245:28":13,"s:246:18:246:60":90,"b:247:4:253:5:undefined:undefined:undefined:undefined":27,"s:247:4:253:5":91,"s:248:8:252:9":92,"s:249:12:249:60":93,"s:251:12:251:65":94,"f:257:9:257:23":14,"s:258:18:258:52":95,"f:258:30:258:31":15,"s:258:35:258:51":96,"b:259:4:259:23:undefined:undefined:undefined:undefined":28,"s:259:4:259:23":97,"s:259:16:259:23":98,"s:262:20:266:5":99,"s:267:4:267:76":100,"s:270:4:270:41":101,"s:274:0:274:39":102,"s:275:0:275:43":103,"s:276:0:276:39":104,"s:277:0:277:35":105,"s:278:0:278:47":106,"s:279:0:279:41":107,"s:280:0:280:31":108}}}
}
