{"/app/js/app.js": {"path":"/app/js/app.js","statementMap":{"0":{"start":{"line":3,"column":0},"end":{"line":12,"column":null}},"1":{"start":{"line":7,"column":4},"end":{"line":7,"column":null}},"2":{"start":{"line":10,"column":4},"end":{"line":10,"column":null}},"3":{"start":{"line":11,"column":4},"end":{"line":11,"column":null}},"4":{"start":{"line":16,"column":28},"end":{"line":16,"column":67}},"5":{"start":{"line":18,"column":4},"end":{"line":22,"column":null}},"6":{"start":{"line":20,"column":8},"end":{"line":20,"column":null}},"7":{"start":{"line":21,"column":8},"end":{"line":21,"column":null}},"8":{"start":{"line":24,"column":4},"end":{"line":24,"column":null}},"9":{"start":{"line":30,"column":24},"end":{"line":30,"column":64}},"10":{"start":{"line":31,"column":26},"end":{"line":31,"column":68}},"11":{"start":{"line":32,"column":28},"end":{"line":32,"column":72}},"12":{"start":{"line":33,"column":27},"end":{"line":33,"column":70}},"13":{"start":{"line":35,"column":4},"end":{"line":53,"column":null}},"14":{"start":{"line":36,"column":8},"end":{"line":38,"column":null}},"15":{"start":{"line":37,"column":12},"end":{"line":37,"column":null}},"16":{"start":{"line":40,"column":29},"end":{"line":42,"column":9}},"17":{"start":{"line":41,"column":12},"end":{"line":41,"column":null}},"18":{"start":{"line":44,"column":8},"end":{"line":44,"column":null}},"19":{"start":{"line":44,"column":29},"end":{"line":44,"column":null}},"20":{"start":{"line":45,"column":8},"end":{"line":45,"column":null}},"21":{"start":{"line":45,"column":28},"end":{"line":45,"column":null}},"22":{"start":{"line":48,"column":8},"end":{"line":52,"column":null}},"23":{"start":{"line":49,"column":12},"end":{"line":51,"column":null}},"24":{"start":{"line":50,"column":16},"end":{"line":50,"column":null}},"25":{"start":{"line":56,"column":24},"end":{"line":56,"column":63}},"26":{"start":{"line":57,"column":26},"end":{"line":57,"column":67}},"27":{"start":{"line":58,"column":31},"end":{"line":58,"column":78}},"28":{"start":{"line":60,"column":4},"end":{"line":76,"column":null}},"29":{"start":{"line":61,"column":8},"end":{"line":63,"column":null}},"30":{"start":{"line":62,"column":12},"end":{"line":62,"column":null}},"31":{"start":{"line":65,"column":29},"end":{"line":67,"column":9}},"32":{"start":{"line":66,"column":12},"end":{"line":66,"column":null}},"33":{"start":{"line":69,"column":8},"end":{"line":69,"column":null}},"34":{"start":{"line":69,"column":32},"end":{"line":69,"column":null}},"35":{"start":{"line":71,"column":8},"end":{"line":75,"column":null}},"36":{"start":{"line":72,"column":12},"end":{"line":74,"column":null}},"37":{"start":{"line":73,"column":16},"end":{"line":73,"column":null}},"38":{"start":{"line":79,"column":22},"end":{"line":79,"column":59}},"39":{"start":{"line":80,"column":4},"end":{"line":82,"column":null}},"40":{"start":{"line":81,"column":8},"end":{"line":81,"column":null}},"41":{"start":{"line":87,"column":4},"end":{"line":87,"column":null}},"42":{"start":{"line":88,"column":4},"end":{"line":88,"column":null}},"43":{"start":{"line":89,"column":4},"end":{"line":89,"column":null}},"44":{"start":{"line":90,"column":4},"end":{"line":90,"column":null}},"45":{"start":{"line":95,"column":4},"end":{"line":95,"column":null}},"46":{"start":{"line":100,"column":28},"end":{"line":100,"column":68}},"47":{"start":{"line":101,"column":33},"end":{"line":101,"column":79}},"48":{"start":{"line":104,"column":26},"end":{"line":104,"column":79}},"49":{"start":{"line":106,"column":4},"end":{"line":108,"column":null}},"50":{"start":{"line":107,"column":8},"end":{"line":107,"column":null}},"51":{"start":{"line":111,"column":4},"end":{"line":111,"column":null}},"52":{"start":{"line":114,"column":4},"end":{"line":116,"column":null}},"53":{"start":{"line":115,"column":8},"end":{"line":115,"column":null}},"54":{"start":{"line":118,"column":4},"end":{"line":127,"column":null}},"55":{"start":{"line":119,"column":8},"end":{"line":126,"column":null}},"56":{"start":{"line":120,"column":12},"end":{"line":120,"column":null}},"57":{"start":{"line":121,"column":12},"end":{"line":125,"column":null}},"58":{"start":{"line":122,"column":16},"end":{"line":122,"column":null}},"59":{"start":{"line":124,"column":16},"end":{"line":124,"column":null}},"60":{"start":{"line":130,"column":4},"end":{"line":130,"column":null}},"61":{"start":{"line":134,"column":26},"end":{"line":134,"column":79}},"62":{"start":{"line":136,"column":4},"end":{"line":139,"column":null}},"63":{"start":{"line":137,"column":8},"end":{"line":137,"column":null}},"64":{"start":{"line":138,"column":8},"end":{"line":138,"column":null}},"65":{"start":{"line":141,"column":16},"end":{"line":141,"column":26}},"66":{"start":{"line":142,"column":27},"end":{"line":142,"column":65}},"67":{"start":{"line":145,"column":21},"end":{"line":145,"column":67}},"68":{"start":{"line":146,"column":19},"end":{"line":146,"column":63}},"69":{"start":{"line":148,"column":37},"end":{"line":148,"column":68}},"70":{"start":{"line":149,"column":33},"end":{"line":149,"column":62}},"71":{"start":{"line":151,"column":25},"end":{"line":151,"column":53}},"72":{"start":{"line":152,"column":23},"end":{"line":152,"column":47}},"73":{"start":{"line":154,"column":24},"end":{"line":154,"column":29}},"74":{"start":{"line":156,"column":4},"end":{"line":162,"column":null}},"75":{"start":{"line":158,"column":8},"end":{"line":158,"column":null}},"76":{"start":{"line":161,"column":8},"end":{"line":161,"column":null}},"77":{"start":{"line":164,"column":4},"end":{"line":168,"column":null}},"78":{"start":{"line":165,"column":8},"end":{"line":165,"column":null}},"79":{"start":{"line":167,"column":8},"end":{"line":167,"column":null}},"80":{"start":{"line":172,"column":4},"end":{"line":172,"column":null}},"81":{"start":{"line":175,"column":21},"end":{"line":175,"column":70}},"82":{"start":{"line":176,"column":4},"end":{"line":176,"column":null}},"83":{"start":{"line":178,"column":19},"end":{"line":178,"column":65}},"84":{"start":{"line":179,"column":4},"end":{"line":181,"column":null}},"85":{"start":{"line":180,"column":8},"end":{"line":180,"column":null}},"86":{"start":{"line":186,"column":24},"end":{"line":186,"column":58}},"87":{"start":{"line":187,"column":4},"end":{"line":194,"column":null}},"88":{"start":{"line":188,"column":8},"end":{"line":193,"column":null}},"89":{"start":{"line":189,"column":12},"end":{"line":189,"column":null}},"90":{"start":{"line":191,"column":12},"end":{"line":191,"column":null}},"91":{"start":{"line":192,"column":12},"end":{"line":192,"column":null}},"92":{"start":{"line":195,"column":4},"end":{"line":195,"column":null}},"93":{"start":{"line":199,"column":0},"end":{"line":199,"column":null}},"94":{"start":{"line":200,"column":0},"end":{"line":200,"column":null}},"95":{"start":{"line":201,"column":0},"end":{"line":201,"column":null}},"96":{"start":{"line":202,"column":0},"end":{"line":202,"column":null}}},"fnMap":{"0":{"name":"(anonymous_0)","decl":{"start":{"line":3,"column":46},"end":{"line":3,"column":47}},"loc":{"start":{"line":3,"column":52},"end":{"line":12,"column":1}},"line":3},"1":{"name":"checkAuth","decl":{"start":{"line":15,"column":9},"end":{"line":15,"column":18}},"loc":{"start":{"line":15,"column":21},"end":{"line":25,"column":null}},"line":15},"2":{"name":"initializeModals","decl":{"start":{"line":28,"column":9},"end":{"line":28,"column":25}},"loc":{"start":{"line":28,"column":28},"end":{"line":83,"column":null}},"line":28},"3":{"name":"(anonymous_3)","decl":{"start":{"line":36,"column":46},"end":{"line":36,"column":47}},"loc":{"start":{"line":36,"column":52},"end":{"line":38,"column":9}},"line":36},"4":{"name":"(anonymous_4)","decl":{"start":{"line":40,"column":29},"end":{"line":40,"column":30}},"loc":{"start":{"line":40,"column":35},"end":{"line":42,"column":9}},"line":40},"5":{"name":"(anonymous_5)","decl":{"start":{"line":48,"column":48},"end":{"line":48,"column":49}},"loc":{"start":{"line":48,"column":55},"end":{"line":52,"column":9}},"line":48},"6":{"name":"(anonymous_6)","decl":{"start":{"line":61,"column":46},"end":{"line":61,"column":47}},"loc":{"start":{"line":61,"column":52},"end":{"line":63,"column":9}},"line":61},"7":{"name":"(anonymous_7)","decl":{"start":{"line":65,"column":29},"end":{"line":65,"column":30}},"loc":{"start":{"line":65,"column":35},"end":{"line":67,"column":9}},"line":65},"8":{"name":"(anonymous_8)","decl":{"start":{"line":71,"column":48},"end":{"line":71,"column":49}},"loc":{"start":{"line":71,"column":55},"end":{"line":75,"column":9}},"line":71},"9":{"name":"logout","decl":{"start":{"line":86,"column":9},"end":{"line":86,"column":15}},"loc":{"start":{"line":86,"column":18},"end":{"line":91,"column":null}},"line":86},"10":{"name":"navigate","decl":{"start":{"line":94,"column":9},"end":{"line":94,"column":17}},"loc":{"start":{"line":94,"column":23},"end":{"line":96,"column":null}},"line":94},"11":{"name":"initializeSunsetTimer","decl":{"start":{"line":99,"column":9},"end":{"line":99,"column":30}},"loc":{"start":{"line":99,"column":33},"end":{"line":131,"column":null}},"line":99},"12":{"name":"(anonymous_12)","decl":{"start":{"line":119,"column":56},"end":{"line":119,"column":57}},"loc":{"start":{"line":119,"column":63},"end":{"line":126,"column":9}},"line":119},"13":{"name":"checkAndApplySunsetMode","decl":{"start":{"line":133,"column":9},"end":{"line":133,"column":32}},"loc":{"start":{"line":133,"column":35},"end":{"line":169,"column":null}},"line":133},"14":{"name":"toggleSunsetMode","decl":{"start":{"line":171,"column":9},"end":{"line":171,"column":25}},"loc":{"start":{"line":171,"column":28},"end":{"line":182,"column":null}},"line":171},"15":{"name":"getCurrentUser","decl":{"start":{"line":185,"column":9},"end":{"line":185,"column":23}},"loc":{"start":{"line":185,"column":26},"end":{"line":196,"column":null}},"line":185}},"branchMap":{"0":{"loc":{"start":{"line":18,"column":4},"end":{"line":22,"column":null}},"type":"if","locations":[{"start":{"line":18,"column":4},"end":{"line":22,"column":null}},{"start":{},"end":{}}],"line":18},"1":{"loc":{"start":{"line":18,"column":8},"end":{"line":18,"column":54}},"type":"binary-expr","locations":[{"start":{"line":18,"column":8},"end":{"line":18,"column":24}},{"start":{"line":18,"column":28},"end":{"line":18,"column":54}}],"line":18},"2":{"loc":{"start":{"line":35,"column":4},"end":{"line":53,"column":null}},"type":"if","locations":[{"start":{"line":35,"column":4},"end":{"line":53,"column":null}},{"start":{},"end":{}}],"line":35},"3":{"loc":{"start":{"line":35,"column":8},"end":{"line":35,"column":36}},"type":"binary-expr","locations":[{"start":{"line":35,"column":8},"end":{"line":35,"column":19}},{"start":{"line":35,"column":23},"end":{"line":35,"column":36}}],"line":35},"4":{"loc":{"start":{"line":44,"column":8},"end":{"line":44,"column":null}},"type":"if","locations":[{"start":{"line":44,"column":8},"end":{"line":44,"column":null}},{"start":{},"end":{}}],"line":44},"5":{"loc":{"start":{"line":45,"column":8},"end":{"line":45,"column":null}},"type":"if","locations":[{"start":{"line":45,"column":8},"end":{"line":45,"column":null}},{"start":{},"end":{}}],"line":45},"6":{"loc":{"start":{"line":49,"column":12},"end":{"line":51,"column":null}},"type":"if","locations":[{"start":{"line":49,"column":12},"end":{"line":51,"column":null}},{"start":{},"end":{}}],"line":49},"7":{"loc":{"start":{"line":60,"column":4},"end":{"line":76,"column":null}},"type":"if","locations":[{"start":{"line":60,"column":4},"end":{"line":76,"column":null}},{"start":{},"end":{}}],"line":60},"8":{"loc":{"start":{"line":60,"column":8},"end":{"line":60,"column":36}},"type":"binary-expr","locations":[{"start":{"line":60,"column":8},"end":{"line":60,"column":19}},{"start":{"line":60,"column":23},"end":{"line":60,"column":36}}],"line":60},"9":{"loc":{"start":{"line":69,"column":8},"end":{"line":69,"column":null}},"type":"if","locations":[{"start":{"line":69,"column":8},"end":{"line":69,"column":null}},{"start":{},"end":{}}],"line":69},"10":{"loc":{"start":{"line":72,"column":12},"end":{"line":74,"column":null}},"type":"if","locations":[{"start":{"line":72,"column":12},"end":{"line":74,"column":null}},{"start":{},"end":{}}],"line":72},"11":{"loc":{"start":{"line":80,"column":4},"end":{"line":82,"column":null}},"type":"if","locations":[{"start":{"line":80,"column":4},"end":{"line":82,"column":null}},{"start":{},"end":{}}],"line":80},"12":{"loc":{"start":{"line":106,"column":4},"end":{"line":108,"column":null}},"type":"if","locations":[{"start":{"line":106,"column":4},"end":{"line":108,"column":null}},{"start":{},"end":{}}],"line":106},"13":{"loc":{"start":{"line":114,"column":4},"end":{"line":116,"column":null}},"type":"if","locations":[{"start":{"line":114,"column":4},"end":{"line":116,"column":null}},{"start":{},"end":{}}],"line":114},"14":{"loc":{"start":{"line":118,"column":4},"end":{"line":127,"column":null}},"type":"if","locations":[{"start":{"line":118,"column":4},"end":{"line":127,"column":null}},{"start":{},"end":{}}],"line":118},"15":{"loc":{"start":{"line":121,"column":12},"end":{"line":125,"column":null}},"type":"if","locations":[{"start":{"line":121,"column":12},"end":{"line":125,"column":null}},{"start":{"line":123,"column":19},"end":{"line":125,"column":null}}],"line":121},"16":{"loc":{"start":{"line":136,"column":4},"end":{"line":139,"column":null}},"type":"if","locations":[{"start":{"line":136,"column":4},"end":{"line":139,"column":null}},{"start":{},"end":{}}],"line":136},"17":{"loc":{"start":{"line":145,"column":21},"end":{"line":145,"column":67}},"type":"binary-expr","locations":[{"start":{"line":145,"column":21},"end":{"line":145,"column":56}},{"start":{"line":145,"column":60},"end":{"line":145,"column":67}}],"line":145},"18":{"loc":{"start":{"line":146,"column":19},"end":{"line":146,"column":63}},"type":"binary-expr","locations":[{"start":{"line":146,"column":19},"end":{"line":146,"column":52}},{"start":{"line":146,"column":56},"end":{"line":146,"column":63}}],"line":146},"19":{"loc":{"start":{"line":156,"column":4},"end":{"line":162,"column":null}},"type":"if","locations":[{"start":{"line":156,"column":4},"end":{"line":162,"column":null}},{"start":{"line":159,"column":11},"end":{"line":162,"column":null}}],"line":156},"20":{"loc":{"start":{"line":158,"column":24},"end":{"line":158,"column":85}},"type":"binary-expr","locations":[{"start":{"line":158,"column":24},"end":{"line":158,"column":54}},{"start":{"line":158,"column":58},"end":{"line":158,"column":85}}],"line":158},"21":{"loc":{"start":{"line":161,"column":24},"end":{"line":161,"column":85}},"type":"binary-expr","locations":[{"start":{"line":161,"column":24},"end":{"line":161,"column":54}},{"start":{"line":161,"column":58},"end":{"line":161,"column":85}}],"line":161},"22":{"loc":{"start":{"line":164,"column":4},"end":{"line":168,"column":null}},"type":"if","locations":[{"start":{"line":164,"column":4},"end":{"line":168,"column":null}},{"start":{"line":166,"column":11},"end":{"line":168,"column":null}}],"line":164},"23":{"loc":{"start":{"line":179,"column":4},"end":{"line":181,"column":null}},"type":"if","locations":[{"start":{"line":179,"column":4},"end":{"line":181,"column":null}},{"start":{},"end":{}}],"line":179},"24":{"loc":{"start":{"line":187,"column":4},"end":{"line":194,"column":null}},"type":"if","locations":[{"start":{"line":187,"column":4},"end":{"line":194,"column":null}},{"start":{},"end":{}}],"line":187}},"s":{"0":0,"1":0,"2":0,"3":0,"4":0,"5":0,"6":0,"7":0,"8":0,"9":0,"10":0,"11":0,"12":0,"13":0,"14":0,"15":0,"16":0,"17":0,"18":0,"19":0,"20":0,"21":0,"22":0,"23":0,"24":0,"25":0,"26":0,"27":0,"28":0,"29":0,"30":0,"31":0,"32":0,"33":0,"34":0,"35":0,"36":0,"37":0,"38":0,"39":0,"40":0,"41":0,"42":0,"43":0,"44":0,"45":0,"46":0,"47":0,"48":0,"49":0,"50":0,"51":0,"52":0,"53":0,"54":0,"55":0,"56":0,"57":0,"58":0,"59":0,"60":0,"61":0,"62":0,"63":0,"64":0,"65":0,"66":0,"67":0,"68":0,"69":0,"70":0,"71":0,"72":0,"73":0,"74":0,"75":0,"76":0,"77":0,"78":0,"79":0,"80":0,"81":0,"82":0,"83":0,"84":0,"85":0,"86":0,"87":0,"88":0,"89":0,"90":0,"91":0,"92":0,"93":0,"94":0,"95":0,"96":0},"f":{"0":0,"1":0,"2":0,"3":0,"4":0,"5":0,"6":0,"7":0,"8":0,"9":0,"10":0,"11":0,"12":0,"13":0,"14":0,"15":0},"b":{"0":[0,0],"1":[0,0],"2":[0,0],"3":[0,0],"4":[0,0],"5":[0,0],"6":[0,0],"7":[0,0],"8":[0,0],"9":[0,0],"10":[0,0],"11":[0,0],"12":[0,0],"13":[0,0],"14":[0,0],"15":[0,0],"16":[0,0],"17":[0,0],"18":[0,0],"19":[0,0],"20":[0,0],"21":[0,0],"22":[0,0],"23":[0,0],"24":[0,0]},"meta":{"lastBranch":25,"lastFunction":16,"lastStatement":97,"seen":{"s:3:0:12:Infinity":0,"f:3:46:3:47":0,"s:7:4:7:Infinity":1,"s:10:4:10:Infinity":2,"s:11:4:11:Infinity":3,"f:15:9:15:18":1,"s:16:28:16:67":4,"b:18:4:22:Infinity:undefined:undefined:undefined:undefined":0,"s:18:4:22:Infinity":5,"b:18:8:18:24:18:28:18:54":1,"s:20:8:20:Infinity":6,"s:21:8:21:Infinity":7,"s:24:4:24:Infinity":8,"f:28:9:28:25":2,"s:30:24:30:64":9,"s:31:26:31:68":10,"s:32:28:32:72":11,"s:33:27:33:70":12,"b:35:4:53:Infinity:undefined:undefined:undefined:undefined":2,"s:35:4:53:Infinity":13,"b:35:8:35:19:35:23:35:36":3,"s:36:8:38:Infinity":14,"f:36:46:36:47":3,"s:37:12:37:Infinity":15,"s:40:29:42:9":16,"f:40:29:40:30":4,"s:41:12:41:Infinity":17,"b:44:8:44:Infinity:undefined:undefined:undefined:undefined":4,"s:44:8:44:Infinity":18,"s:44:29:44:Infinity":19,"b:45:8:45:Infinity:undefined:undefined:undefined:undefined":5,"s:45:8:45:Infinity":20,"s:45:28:45:Infinity":21,"s:48:8:52:Infinity":22,"f:48:48:48:49":5,"b:49:12:51:Infinity:undefined:undefined:undefined:undefined":6,"s:49:12:51:Infinity":23,"s:50:16:50:Infinity":24,"s:56:24:56:63":25,"s:57:26:57:67":26,"s:58:31:58:78":27,"b:60:4:76:Infinity:undefined:undefined:undefined:undefined":7,"s:60:4:76:Infinity":28,"b:60:8:60:19:60:23:60:36":8,"s:61:8:63:Infinity":29,"f:61:46:61:47":6,"s:62:12:62:Infinity":30,"s:65:29:67:9":31,"f:65:29:65:30":7,"s:66:12:66:Infinity":32,"b:69:8:69:Infinity:undefined:undefined:undefined:undefined":9,"s:69:8:69:Infinity":33,"s:69:32:69:Infinity":34,"s:71:8:75:Infinity":35,"f:71:48:71:49":8,"b:72:12:74:Infinity:undefined:undefined:undefined:undefined":10,"s:72:12:74:Infinity":36,"s:73:16:73:Infinity":37,"s:79:22:79:59":38,"b:80:4:82:Infinity:undefined:undefined:undefined:undefined":11,"s:80:4:82:Infinity":39,"s:81:8:81:Infinity":40,"f:86:9:86:15":9,"s:87:4:87:Infinity":41,"s:88:4:88:Infinity":42,"s:89:4:89:Infinity":43,"s:90:4:90:Infinity":44,"f:94:9:94:17":10,"s:95:4:95:Infinity":45,"f:99:9:99:30":11,"s:100:28:100:68":46,"s:101:33:101:79":47,"s:104:26:104:79":48,"b:106:4:108:Infinity:undefined:undefined:undefined:undefined":12,"s:106:4:108:Infinity":49,"s:107:8:107:Infinity":50,"s:111:4:111:Infinity":51,"b:114:4:116:Infinity:undefined:undefined:undefined:undefined":13,"s:114:4:116:Infinity":52,"s:115:8:115:Infinity":53,"b:118:4:127:Infinity:undefined:undefined:undefined:undefined":14,"s:118:4:127:Infinity":54,"s:119:8:126:Infinity":55,"f:119:56:119:57":12,"s:120:12:120:Infinity":56,"b:121:12:125:Infinity:123:19:125:Infinity":15,"s:121:12:125:Infinity":57,"s:122:16:122:Infinity":58,"s:124:16:124:Infinity":59,"s:130:4:130:Infinity":60,"f:133:9:133:32":13,"s:134:26:134:79":61,"b:136:4:139:Infinity:undefined:undefined:undefined:undefined":16,"s:136:4:139:Infinity":62,"s:137:8:137:Infinity":63,"s:138:8:138:Infinity":64,"s:141:16:141:26":65,"s:142:27:142:65":66,"s:145:21:145:67":67,"b:145:21:145:56:145:60:145:67":17,"s:146:19:146:63":68,"b:146:19:146:52:146:56:146:63":18,"s:148:37:148:68":69,"s:149:33:149:62":70,"s:151:25:151:53":71,"s:152:23:152:47":72,"s:154:24:154:29":73,"b:156:4:162:Infinity:159:11:162:Infinity":19,"s:156:4:162:Infinity":74,"s:158:8:158:Infinity":75,"b:158:24:158:54:158:58:158:85":20,"s:161:8:161:Infinity":76,"b:161:24:161:54:161:58:161:85":21,"b:164:4:168:Infinity:166:11:168:Infinity":22,"s:164:4:168:Infinity":77,"s:165:8:165:Infinity":78,"s:167:8:167:Infinity":79,"f:171:9:171:25":14,"s:172:4:172:Infinity":80,"s:175:21:175:70":81,"s:176:4:176:Infinity":82,"s:178:19:178:65":83,"b:179:4:181:Infinity:undefined:undefined:undefined:undefined":23,"s:179:4:181:Infinity":84,"s:180:8:180:Infinity":85,"f:185:9:185:23":15,"s:186:24:186:58":86,"b:187:4:194:Infinity:undefined:undefined:undefined:undefined":24,"s:187:4:194:Infinity":87,"s:188:8:193:Infinity":88,"s:189:12:189:Infinity":89,"s:191:12:191:Infinity":90,"s:192:12:192:Infinity":91,"s:195:4:195:Infinity":92,"s:199:0:199:Infinity":93,"s:200:0:200:Infinity":94,"s:201:0:201:Infinity":95,"s:202:0:202:Infinity":96}}}
,"/app/js/parlor.js": {"path":"/app/js/parlor.js","statementMap":{"0":{"start":{"line":3,"column":20},"end":{"line":3,"column":22}},"1":{"start":{"line":4,"column":28},"end":{"line":4,"column":32}},"2":{"start":{"line":5,"column":23},"end":{"line":5,"column":27}},"3":{"start":{"line":7,"column":0},"end":{"line":15,"column":null}},"4":{"start":{"line":8,"column":4},"end":{"line":8,"column":null}},"5":{"start":{"line":9,"column":4},"end":{"line":9,"column":null}},"6":{"start":{"line":10,"column":4},"end":{"line":10,"column":null}},"7":{"start":{"line":11,"column":4},"end":{"line":11,"column":null}},"8":{"start":{"line":14,"column":4},"end":{"line":14,"column":null}},"9":{"start":{"line":19,"column":24},"end":{"line":19,"column":61}},"10":{"start":{"line":20,"column":24},"end":{"line":20,"column":63}},"11":{"start":{"line":23,"column":4},"end":{"line":23,"column":null}},"12":{"start":{"line":25,"column":4},"end":{"line":36,"column":null}},"13":{"start":{"line":26,"column":8},"end":{"line":26,"column":null}},"14":{"start":{"line":28,"column":8},"end":{"line":35,"column":null}},"15":{"start":{"line":29,"column":12},"end":{"line":29,"column":null}},"16":{"start":{"line":30,"column":12},"end":{"line":30,"column":null}},"17":{"start":{"line":32,"column":12},"end":{"line":34,"column":null}},"18":{"start":{"line":33,"column":16},"end":{"line":33,"column":null}},"19":{"start":{"line":38,"column":4},"end":{"line":40,"column":null}},"20":{"start":{"line":39,"column":8},"end":{"line":39,"column":null}},"21":{"start":{"line":45,"column":18},"end":{"line":45,"column":61}},"22":{"start":{"line":47,"column":4},"end":{"line":56,"column":null}},"23":{"start":{"line":48,"column":8},"end":{"line":53,"column":null}},"24":{"start":{"line":49,"column":12},"end":{"line":49,"column":null}},"25":{"start":{"line":51,"column":12},"end":{"line":51,"column":null}},"26":{"start":{"line":52,"column":12},"end":{"line":52,"column":null}},"27":{"start":{"line":55,"column":8},"end":{"line":55,"column":null}},"28":{"start":{"line":58,"column":4},"end":{"line":58,"column":null}},"29":{"start":{"line":63,"column":24},"end":{"line":63,"column":78}},"30":{"start":{"line":64,"column":21},"end":{"line":64,"column":66}},"31":{"start":{"line":66,"column":4},"end":{"line":111,"column":null}},"32":{"start":{"line":116,"column":26},"end":{"line":116,"column":71}},"33":{"start":{"line":117,"column":23},"end":{"line":117,"column":69}},"34":{"start":{"line":119,"column":4},"end":{"line":119,"column":null}},"35":{"start":{"line":119,"column":24},"end":{"line":119,"column":null}},"36":{"start":{"line":121,"column":4},"end":{"line":125,"column":null}},"37":{"start":{"line":122,"column":8},"end":{"line":122,"column":null}},"38":{"start":{"line":123,"column":8},"end":{"line":123,"column":null}},"39":{"start":{"line":123,"column":24},"end":{"line":123,"column":null}},"40":{"start":{"line":124,"column":8},"end":{"line":124,"column":null}},"41":{"start":{"line":127,"column":4},"end":{"line":127,"column":null}},"42":{"start":{"line":128,"column":4},"end":{"line":128,"column":null}},"43":{"start":{"line":128,"column":20},"end":{"line":128,"column":null}},"44":{"start":{"line":131,"column":19},"end":{"line":131,"column":85}},"45":{"start":{"line":131,"column":53},"end":{"line":131,"column":84}},"46":{"start":{"line":133,"column":4},"end":{"line":133,"column":null}},"47":{"start":{"line":135,"column":4},"end":{"line":138,"column":null}},"48":{"start":{"line":136,"column":21},"end":{"line":136,"column":53}},"49":{"start":{"line":137,"column":8},"end":{"line":137,"column":null}},"50":{"start":{"line":143,"column":16},"end":{"line":143,"column":45}},"51":{"start":{"line":144,"column":4},"end":{"line":144,"column":null}},"52":{"start":{"line":145,"column":4},"end":{"line":145,"column":null}},"53":{"start":{"line":145,"column":24},"end":{"line":145,"column":49}},"54":{"start":{"line":147,"column":30},"end":{"line":150,"column":6}},"55":{"start":{"line":148,"column":28},"end":{"line":148,"column":82}},"56":{"start":{"line":149,"column":8},"end":{"line":149,"column":null}},"57":{"start":{"line":152,"column":24},"end":{"line":152,"column":65}},"58":{"start":{"line":153,"column":24},"end":{"line":153,"column":63}},"59":{"start":{"line":155,"column":4},"end":{"line":170,"column":null}},"60":{"start":{"line":159,"column":52},"end":{"line":161,"column":11}},"61":{"start":{"line":172,"column":4},"end":{"line":172,"column":null}},"62":{"start":{"line":177,"column":4},"end":{"line":177,"column":null}},"63":{"start":{"line":178,"column":25},"end":{"line":178,"column":73}},"64":{"start":{"line":178,"column":49},"end":{"line":178,"column":72}},"65":{"start":{"line":180,"column":4},"end":{"line":180,"column":null}},"66":{"start":{"line":180,"column":23},"end":{"line":180,"column":null}},"67":{"start":{"line":183,"column":4},"end":{"line":183,"column":null}},"68":{"start":{"line":184,"column":4},"end":{"line":184,"column":null}},"69":{"start":{"line":187,"column":30},"end":{"line":187,"column":75}},"70":{"start":{"line":188,"column":29},"end":{"line":188,"column":73}},"71":{"start":{"line":190,"column":4},"end":{"line":190,"column":null}},"72":{"start":{"line":190,"column":27},"end":{"line":190,"column":null}},"73":{"start":{"line":191,"column":4},"end":{"line":191,"column":null}},"74":{"start":{"line":191,"column":26},"end":{"line":191,"column":null}},"75":{"start":{"line":194,"column":30},"end":{"line":197,"column":6}},"76":{"start":{"line":195,"column":28},"end":{"line":195,"column":82}},"77":{"start":{"line":196,"column":8},"end":{"line":196,"column":null}},"78":{"start":{"line":199,"column":24},"end":{"line":199,"column":73}},"79":{"start":{"line":200,"column":19},"end":{"line":200,"column":63}},"80":{"start":{"line":201,"column":20},"end":{"line":201,"column":72}},"81":{"start":{"line":203,"column":4},"end":{"line":203,"column":null}},"82":{"start":{"line":203,"column":16},"end":{"line":203,"column":null}},"83":{"start":{"line":204,"column":4},"end":{"line":204,"column":null}},"84":{"start":{"line":204,"column":17},"end":{"line":204,"column":null}},"85":{"start":{"line":207,"column":4},"end":{"line":207,"column":null}},"86":{"start":{"line":210,"column":4},"end":{"line":215,"column":null}},"87":{"start":{"line":211,"column":26},"end":{"line":211,"column":71}},"88":{"start":{"line":212,"column":8},"end":{"line":214,"column":null}},"89":{"start":{"line":213,"column":12},"end":{"line":213,"column":null}},"90":{"start":{"line":220,"column":22},"end":{"line":220,"column":67}},"91":{"start":{"line":221,"column":4},"end":{"line":221,"column":null}},"92":{"start":{"line":221,"column":20},"end":{"line":221,"column":null}},"93":{"start":{"line":223,"column":24},"end":{"line":223,"column":78}},"94":{"start":{"line":224,"column":26},"end":{"line":224,"column":40}},"95":{"start":{"line":226,"column":4},"end":{"line":226,"column":null}},"96":{"start":{"line":228,"column":4},"end":{"line":251,"column":null}},"97":{"start":{"line":229,"column":20},"end":{"line":229,"column":49}},"98":{"start":{"line":230,"column":8},"end":{"line":230,"column":null}},"99":{"start":{"line":232,"column":8},"end":{"line":248,"column":null}},"100":{"start":{"line":250,"column":8},"end":{"line":250,"column":null}},"101":{"start":{"line":255,"column":0},"end":{"line":260,"column":null}},"102":{"start":{"line":256,"column":4},"end":{"line":256,"column":null}},"103":{"start":{"line":257,"column":4},"end":{"line":257,"column":null}},"104":{"start":{"line":258,"column":4},"end":{"line":258,"column":null}},"105":{"start":{"line":259,"column":4},"end":{"line":259,"column":null}},"106":{"start":{"line":264,"column":17},"end":{"line":264,"column":56}},"107":{"start":{"line":265,"column":24},"end":{"line":265,"column":63}},"108":{"start":{"line":266,"column":25},"end":{"line":266,"column":65}},"109":{"start":{"line":267,"column":28},"end":{"line":267,"column":72}},"110":{"start":{"line":268,"column":27},"end":{"line":268,"column":66}},"111":{"start":{"line":270,"column":24},"end":{"line":270,"column":28}},"112":{"start":{"line":272,"column":4},"end":{"line":285,"column":null}},"113":{"start":{"line":273,"column":8},"end":{"line":284,"column":null}},"114":{"start":{"line":274,"column":25},"end":{"line":274,"column":42}},"115":{"start":{"line":275,"column":12},"end":{"line":275,"column":null}},"116":{"start":{"line":275,"column":23},"end":{"line":275,"column":null}},"117":{"start":{"line":277,"column":27},"end":{"line":277,"column":43}},"118":{"start":{"line":278,"column":12},"end":{"line":282,"column":null}},"119":{"start":{"line":279,"column":16},"end":{"line":279,"column":null}},"120":{"start":{"line":280,"column":16},"end":{"line":280,"column":null}},"121":{"start":{"line":280,"column":37},"end":{"line":280,"column":null}},"122":{"start":{"line":281,"column":16},"end":{"line":281,"column":null}},"123":{"start":{"line":281,"column":34},"end":{"line":281,"column":null}},"124":{"start":{"line":283,"column":12},"end":{"line":283,"column":null}},"125":{"start":{"line":287,"column":4},"end":{"line":293,"column":null}},"126":{"start":{"line":288,"column":8},"end":{"line":292,"column":null}},"127":{"start":{"line":289,"column":12},"end":{"line":289,"column":null}},"128":{"start":{"line":290,"column":12},"end":{"line":290,"column":null}},"129":{"start":{"line":290,"column":29},"end":{"line":290,"column":null}},"130":{"start":{"line":291,"column":12},"end":{"line":291,"column":null}},"131":{"start":{"line":291,"column":30},"end":{"line":291,"column":null}},"132":{"start":{"line":295,"column":4},"end":{"line":304,"column":null}},"133":{"start":{"line":296,"column":8},"end":{"line":303,"column":null}},"134":{"start":{"line":297,"column":12},"end":{"line":297,"column":null}},"135":{"start":{"line":298,"column":12},"end":{"line":298,"column":null}},"136":{"start":{"line":300,"column":12},"end":{"line":300,"column":null}},"137":{"start":{"line":301,"column":12},"end":{"line":301,"column":null}},"138":{"start":{"line":301,"column":29},"end":{"line":301,"column":null}},"139":{"start":{"line":302,"column":12},"end":{"line":302,"column":null}},"140":{"start":{"line":302,"column":30},"end":{"line":302,"column":null}},"141":{"start":{"line":309,"column":18},"end":{"line":309,"column":58}},"142":{"start":{"line":310,"column":29},"end":{"line":310,"column":72}},"143":{"start":{"line":311,"column":4},"end":{"line":311,"column":null}},"144":{"start":{"line":311,"column":16},"end":{"line":311,"column":null}},"145":{"start":{"line":313,"column":20},"end":{"line":313,"column":38}},"146":{"start":{"line":315,"column":4},"end":{"line":315,"column":null}},"147":{"start":{"line":315,"column":31},"end":{"line":315,"column":null}},"148":{"start":{"line":316,"column":4},"end":{"line":316,"column":null}},"149":{"start":{"line":316,"column":32},"end":{"line":316,"column":null}},"150":{"start":{"line":318,"column":25},"end":{"line":318,"column":80}},"151":{"start":{"line":318,"column":49},"end":{"line":318,"column":79}},"152":{"start":{"line":319,"column":4},"end":{"line":319,"column":null}},"153":{"start":{"line":319,"column":23},"end":{"line":319,"column":null}},"154":{"start":{"line":322,"column":25},"end":{"line":322,"column":29}},"155":{"start":{"line":323,"column":4},"end":{"line":334,"column":null}},"156":{"start":{"line":324,"column":32},"end":{"line":324,"column":54}},"157":{"start":{"line":325,"column":8},"end":{"line":333,"column":null}},"158":{"start":{"line":326,"column":24},"end":{"line":326,"column":34}},"159":{"start":{"line":327,"column":27},"end":{"line":327,"column":28}},"160":{"start":{"line":328,"column":12},"end":{"line":330,"column":null}},"161":{"start":{"line":328,"column":42},"end":{"line":328,"column":null}},"162":{"start":{"line":329,"column":17},"end":{"line":330,"column":null}},"163":{"start":{"line":329,"column":48},"end":{"line":329,"column":null}},"164":{"start":{"line":330,"column":17},"end":{"line":330,"column":null}},"165":{"start":{"line":330,"column":47},"end":{"line":330,"column":null}},"166":{"start":{"line":332,"column":12},"end":{"line":332,"column":null}},"167":{"start":{"line":336,"column":24},"end":{"line":336,"column":78}},"168":{"start":{"line":337,"column":23},"end":{"line":345,"column":5}},"169":{"start":{"line":347,"column":4},"end":{"line":347,"column":null}},"170":{"start":{"line":348,"column":4},"end":{"line":348,"column":null}},"171":{"start":{"line":350,"column":4},"end":{"line":350,"column":null}},"172":{"start":{"line":351,"column":4},"end":{"line":351,"column":null}},"173":{"start":{"line":353,"column":4},"end":{"line":353,"column":null}},"174":{"start":{"line":356,"column":4},"end":{"line":361,"column":null}},"175":{"start":{"line":357,"column":26},"end":{"line":357,"column":71}},"176":{"start":{"line":358,"column":8},"end":{"line":360,"column":null}},"177":{"start":{"line":359,"column":12},"end":{"line":359,"column":null}},"178":{"start":{"line":366,"column":23},"end":{"line":366,"column":70}},"179":{"start":{"line":367,"column":18},"end":{"line":367,"column":67}},"180":{"start":{"line":368,"column":21},"end":{"line":368,"column":72}},"181":{"start":{"line":369,"column":22},"end":{"line":369,"column":72}},"182":{"start":{"line":370,"column":17},"end":{"line":370,"column":65}},"183":{"start":{"line":372,"column":22},"end":{"line":372,"column":58}},"184":{"start":{"line":372,"column":28},"end":{"line":372,"column":58}},"185":{"start":{"line":373,"column":23},"end":{"line":376,"column":5}},"186":{"start":{"line":374,"column":8},"end":{"line":374,"column":null}},"187":{"start":{"line":375,"column":8},"end":{"line":375,"column":null}},"188":{"start":{"line":378,"column":4},"end":{"line":378,"column":null}},"189":{"start":{"line":379,"column":4},"end":{"line":379,"column":null}},"190":{"start":{"line":380,"column":4},"end":{"line":380,"column":null}},"191":{"start":{"line":382,"column":4},"end":{"line":384,"column":null}},"192":{"start":{"line":383,"column":8},"end":{"line":383,"column":null}},"193":{"start":{"line":383,"column":32},"end":{"line":383,"column":null}},"194":{"start":{"line":386,"column":4},"end":{"line":390,"column":null}},"195":{"start":{"line":387,"column":8},"end":{"line":387,"column":null}},"196":{"start":{"line":388,"column":8},"end":{"line":388,"column":null}},"197":{"start":{"line":389,"column":8},"end":{"line":389,"column":null}},"198":{"start":{"line":395,"column":24},"end":{"line":396,"column":28}},"199":{"start":{"line":396,"column":19},"end":{"line":396,"column":27}},"200":{"start":{"line":398,"column":4},"end":{"line":401,"column":null}},"201":{"start":{"line":399,"column":8},"end":{"line":399,"column":null}},"202":{"start":{"line":400,"column":8},"end":{"line":400,"column":null}},"203":{"start":{"line":403,"column":22},"end":{"line":403,"column":72}},"204":{"start":{"line":404,"column":29},"end":{"line":404,"column":60}},"205":{"start":{"line":406,"column":24},"end":{"line":406,"column":78}},"206":{"start":{"line":407,"column":25},"end":{"line":407,"column":57}},"207":{"start":{"line":408,"column":29},"end":{"line":415,"column":5}},"208":{"start":{"line":411,"column":12},"end":{"line":411,"column":null}},"209":{"start":{"line":411,"column":38},"end":{"line":411,"column":null}},"210":{"start":{"line":412,"column":12},"end":{"line":412,"column":null}},"211":{"start":{"line":412,"column":38},"end":{"line":412,"column":null}},"212":{"start":{"line":413,"column":12},"end":{"line":413,"column":null}},"213":{"start":{"line":417,"column":28},"end":{"line":425,"column":5}},"214":{"start":{"line":427,"column":4},"end":{"line":427,"column":null}},"215":{"start":{"line":428,"column":4},"end":{"line":428,"column":null}},"216":{"start":{"line":429,"column":4},"end":{"line":429,"column":null}},"217":{"start":{"line":432,"column":4},"end":{"line":432,"column":null}},"218":{"start":{"line":437,"column":4},"end":{"line":437,"column":null}},"219":{"start":{"line":442,"column":20},"end":{"line":442,"column":66}},"220":{"start":{"line":443,"column":4},"end":{"line":443,"column":null}},"221":{"start":{"line":443,"column":18},"end":{"line":443,"column":null}},"222":{"start":{"line":445,"column":4},"end":{"line":473,"column":null}},"223":{"start":{"line":446,"column":50},"end":{"line":446,"column":69}},"224":{"start":{"line":447,"column":8},"end":{"line":447,"column":null}},"225":{"start":{"line":450,"column":27},"end":{"line":452,"column":9}},"226":{"start":{"line":451,"column":12},"end":{"line":451,"column":null}},"227":{"start":{"line":454,"column":8},"end":{"line":468,"column":null}},"228":{"start":{"line":456,"column":32},"end":{"line":456,"column":86}},"229":{"start":{"line":457,"column":12},"end":{"line":465,"column":null}},"230":{"start":{"line":466,"column":12},"end":{"line":466,"column":null}},"231":{"start":{"line":467,"column":12},"end":{"line":467,"column":null}},"232":{"start":{"line":470,"column":8},"end":{"line":470,"column":null}},"233":{"start":{"line":472,"column":8},"end":{"line":472,"column":null}},"234":{"start":{"line":478,"column":20},"end":{"line":482,"column":5}},"235":{"start":{"line":483,"column":4},"end":{"line":483,"column":null}},"236":{"start":{"line":488,"column":16},"end":{"line":488,"column":26}},"237":{"start":{"line":489,"column":17},"end":{"line":489,"column":32}},"238":{"start":{"line":491,"column":20},"end":{"line":491,"column":44}},"239":{"start":{"line":492,"column":18},"end":{"line":492,"column":44}},"240":{"start":{"line":493,"column":17},"end":{"line":493,"column":44}},"241":{"start":{"line":495,"column":4},"end":{"line":495,"column":null}},"242":{"start":{"line":495,"column":21},"end":{"line":495,"column":null}},"243":{"start":{"line":496,"column":4},"end":{"line":496,"column":null}},"244":{"start":{"line":496,"column":22},"end":{"line":496,"column":null}},"245":{"start":{"line":497,"column":4},"end":{"line":497,"column":null}},"246":{"start":{"line":497,"column":20},"end":{"line":497,"column":null}},"247":{"start":{"line":498,"column":4},"end":{"line":498,"column":null}},"248":{"start":{"line":498,"column":18},"end":{"line":498,"column":null}},"249":{"start":{"line":499,"column":4},"end":{"line":499,"column":null}},"250":{"start":{"line":504,"column":16},"end":{"line":504,"column":45}},"251":{"start":{"line":505,"column":4},"end":{"line":505,"column":null}},"252":{"start":{"line":506,"column":4},"end":{"line":506,"column":null}},"253":{"start":{"line":510,"column":0},"end":{"line":510,"column":null}},"254":{"start":{"line":511,"column":0},"end":{"line":511,"column":null}},"255":{"start":{"line":512,"column":0},"end":{"line":512,"column":null}},"256":{"start":{"line":513,"column":0},"end":{"line":513,"column":null}},"257":{"start":{"line":514,"column":0},"end":{"line":514,"column":null}}},"fnMap":{"0":{"name":"(anonymous_0)","decl":{"start":{"line":7,"column":46},"end":{"line":7,"column":47}},"loc":{"start":{"line":7,"column":52},"end":{"line":15,"column":1}},"line":7},"1":{"name":"initializeQuietMode","decl":{"start":{"line":18,"column":9},"end":{"line":18,"column":28}},"loc":{"start":{"line":18,"column":31},"end":{"line":41,"column":null}},"line":18},"2":{"name":"(anonymous_2)","decl":{"start":{"line":28,"column":47},"end":{"line":28,"column":48}},"loc":{"start":{"line":28,"column":54},"end":{"line":35,"column":9}},"line":28},"3":{"name":"loadConversations","decl":{"start":{"line":44,"column":9},"end":{"line":44,"column":26}},"loc":{"start":{"line":44,"column":29},"end":{"line":59,"column":null}},"line":44},"4":{"name":"getSampleConversations","decl":{"start":{"line":62,"column":9},"end":{"line":62,"column":31}},"loc":{"start":{"line":62,"column":34},"end":{"line":112,"column":null}},"line":62},"5":{"name":"renderConversationsList","decl":{"start":{"line":115,"column":9},"end":{"line":115,"column":32}},"loc":{"start":{"line":115,"column":35},"end":{"line":139,"column":null}},"line":115},"6":{"name":"(anonymous_6)","decl":{"start":{"line":131,"column":43},"end":{"line":131,"column":44}},"loc":{"start":{"line":131,"column":53},"end":{"line":131,"column":84}},"line":131},"7":{"name":"(anonymous_7)","decl":{"start":{"line":135,"column":19},"end":{"line":135,"column":23}},"loc":{"start":{"line":135,"column":27},"end":{"line":138,"column":5}},"line":135},"8":{"name":"createConversationListItem","decl":{"start":{"line":142,"column":9},"end":{"line":142,"column":35}},"loc":{"start":{"line":142,"column":42},"end":{"line":173,"column":null}},"line":142},"9":{"name":"(anonymous_9)","decl":{"start":{"line":145,"column":18},"end":{"line":145,"column":19}},"loc":{"start":{"line":145,"column":24},"end":{"line":145,"column":49}},"line":145},"10":{"name":"(anonymous_10)","decl":{"start":{"line":147,"column":59},"end":{"line":147,"column":63}},"loc":{"start":{"line":147,"column":67},"end":{"line":150,"column":5}},"line":147},"11":{"name":"(anonymous_11)","decl":{"start":{"line":159,"column":46},"end":{"line":159,"column":48}},"loc":{"start":{"line":159,"column":52},"end":{"line":161,"column":11}},"line":159},"12":{"name":"openConversation","decl":{"start":{"line":176,"column":9},"end":{"line":176,"column":25}},"loc":{"start":{"line":176,"column":42},"end":{"line":216,"column":null}},"line":176},"13":{"name":"(anonymous_13)","decl":{"start":{"line":178,"column":44},"end":{"line":178,"column":45}},"loc":{"start":{"line":178,"column":49},"end":{"line":178,"column":72}},"line":178},"14":{"name":"(anonymous_14)","decl":{"start":{"line":194,"column":67},"end":{"line":194,"column":71}},"loc":{"start":{"line":194,"column":75},"end":{"line":197,"column":5}},"line":194},"15":{"name":"(anonymous_15)","decl":{"start":{"line":210,"column":15},"end":{"line":210,"column":16}},"loc":{"start":{"line":210,"column":21},"end":{"line":215,"column":5}},"line":210},"16":{"name":"renderMessages","decl":{"start":{"line":219,"column":9},"end":{"line":219,"column":23}},"loc":{"start":{"line":219,"column":38},"end":{"line":252,"column":null}},"line":219},"17":{"name":"(anonymous_17)","decl":{"start":{"line":228,"column":34},"end":{"line":228,"column":37}},"loc":{"start":{"line":228,"column":41},"end":{"line":251,"column":5}},"line":228},"18":{"name":"(anonymous_18)","decl":{"start":{"line":255,"column":76},"end":{"line":255,"column":77}},"loc":{"start":{"line":255,"column":82},"end":{"line":260,"column":1}},"line":255},"19":{"name":"initializeMessageForm","decl":{"start":{"line":263,"column":9},"end":{"line":263,"column":30}},"loc":{"start":{"line":263,"column":33},"end":{"line":305,"column":null}},"line":263},"20":{"name":"(anonymous_20)","decl":{"start":{"line":273,"column":47},"end":{"line":273,"column":48}},"loc":{"start":{"line":273,"column":54},"end":{"line":284,"column":9}},"line":273},"21":{"name":"(anonymous_21)","decl":{"start":{"line":278,"column":28},"end":{"line":278,"column":29}},"loc":{"start":{"line":278,"column":35},"end":{"line":282,"column":13}},"line":278},"22":{"name":"(anonymous_22)","decl":{"start":{"line":288,"column":49},"end":{"line":288,"column":50}},"loc":{"start":{"line":288,"column":55},"end":{"line":292,"column":9}},"line":288},"23":{"name":"(anonymous_23)","decl":{"start":{"line":296,"column":40},"end":{"line":296,"column":41}},"loc":{"start":{"line":296,"column":47},"end":{"line":303,"column":9}},"line":296},"24":{"name":"sendMessage","decl":{"start":{"line":308,"column":9},"end":{"line":308,"column":20}},"loc":{"start":{"line":308,"column":38},"end":{"line":362,"column":null}},"line":308},"25":{"name":"(anonymous_25)","decl":{"start":{"line":318,"column":44},"end":{"line":318,"column":45}},"loc":{"start":{"line":318,"column":49},"end":{"line":318,"column":79}},"line":318},"26":{"name":"(anonymous_26)","decl":{"start":{"line":356,"column":15},"end":{"line":356,"column":16}},"loc":{"start":{"line":356,"column":21},"end":{"line":361,"column":5}},"line":356},"27":{"name":"initializeConversationModal","decl":{"start":{"line":365,"column":9},"end":{"line":365,"column":36}},"loc":{"start":{"line":365,"column":39},"end":{"line":391,"column":null}},"line":365},"28":{"name":"(anonymous_28)","decl":{"start":{"line":372,"column":22},"end":{"line":372,"column":23}},"loc":{"start":{"line":372,"column":28},"end":{"line":372,"column":58}},"line":372},"29":{"name":"(anonymous_29)","decl":{"start":{"line":373,"column":23},"end":{"line":373,"column":24}},"loc":{"start":{"line":373,"column":29},"end":{"line":376,"column":5}},"line":373},"30":{"name":"(anonymous_30)","decl":{"start":{"line":382,"column":37},"end":{"line":382,"column":38}},"loc":{"start":{"line":382,"column":44},"end":{"line":384,"column":5}},"line":382},"31":{"name":"(anonymous_31)","decl":{"start":{"line":386,"column":37},"end":{"line":386,"column":38}},"loc":{"start":{"line":386,"column":44},"end":{"line":390,"column":5}},"line":386},"32":{"name":"createNewConversation","decl":{"start":{"line":394,"column":9},"end":{"line":394,"column":30}},"loc":{"start":{"line":394,"column":33},"end":{"line":433,"column":null}},"line":394},"33":{"name":"(anonymous_33)","decl":{"start":{"line":396,"column":13},"end":{"line":396,"column":15}},"loc":{"start":{"line":396,"column":19},"end":{"line":396,"column":27}},"line":396},"34":{"name":"(anonymous_34)","decl":{"start":{"line":410,"column":27},"end":{"line":410,"column":29}},"loc":{"start":{"line":410,"column":33},"end":{"line":414,"column":9}},"line":410},"35":{"name":"saveConversations","decl":{"start":{"line":436,"column":9},"end":{"line":436,"column":26}},"loc":{"start":{"line":436,"column":29},"end":{"line":438,"column":null}},"line":436},"36":{"name":"checkPulseResponseContext","decl":{"start":{"line":441,"column":9},"end":{"line":441,"column":34}},"loc":{"start":{"line":441,"column":37},"end":{"line":474,"column":null}},"line":441},"37":{"name":"(anonymous_37)","decl":{"start":{"line":450,"column":46},"end":{"line":450,"column":47}},"loc":{"start":{"line":451,"column":12},"end":{"line":451,"column":null}},"line":451},"38":{"name":"getAvatarEmoji","decl":{"start":{"line":477,"column":9},"end":{"line":477,"column":23}},"loc":{"start":{"line":477,"column":32},"end":{"line":484,"column":null}},"line":477},"39":{"name":"getRelativeTime","decl":{"start":{"line":487,"column":9},"end":{"line":487,"column":24}},"loc":{"start":{"line":487,"column":36},"end":{"line":500,"column":null}},"line":487},"40":{"name":"escapeHtml","decl":{"start":{"line":503,"column":9},"end":{"line":503,"column":19}},"loc":{"start":{"line":503,"column":26},"end":{"line":507,"column":null}},"line":503}},"branchMap":{"0":{"loc":{"start":{"line":25,"column":4},"end":{"line":36,"column":null}},"type":"if","locations":[{"start":{"line":25,"column":4},"end":{"line":36,"column":null}},{"start":{},"end":{}}],"line":25},"1":{"loc":{"start":{"line":32,"column":12},"end":{"line":34,"column":null}},"type":"if","locations":[{"start":{"line":32,"column":12},"end":{"line":34,"column":null}},{"start":{},"end":{}}],"line":32},"2":{"loc":{"start":{"line":33,"column":44},"end":{"line":33,"column":78}},"type":"cond-expr","locations":[{"start":{"line":33,"column":63},"end":{"line":33,"column":69}},{"start":{"line":33,"column":72},"end":{"line":33,"column":78}}],"line":33},"3":{"loc":{"start":{"line":38,"column":4},"end":{"line":40,"column":null}},"type":"if","locations":[{"start":{"line":38,"column":4},"end":{"line":40,"column":null}},{"start":{},"end":{}}],"line":38},"4":{"loc":{"start":{"line":39,"column":36},"end":{"line":39,"column":70}},"type":"cond-expr","locations":[{"start":{"line":39,"column":55},"end":{"line":39,"column":61}},{"start":{"line":39,"column":64},"end":{"line":39,"column":70}}],"line":39},"5":{"loc":{"start":{"line":47,"column":4},"end":{"line":56,"column":null}},"type":"if","locations":[{"start":{"line":47,"column":4},"end":{"line":56,"column":null}},{"start":{"line":54,"column":11},"end":{"line":56,"column":null}}],"line":47},"6":{"loc":{"start":{"line":63,"column":24},"end":{"line":63,"column":78}},"type":"cond-expr","locations":[{"start":{"line":63,"column":48},"end":{"line":63,"column":71}},{"start":{"line":63,"column":74},"end":{"line":63,"column":78}}],"line":63},"7":{"loc":{"start":{"line":64,"column":21},"end":{"line":64,"column":66}},"type":"cond-expr","locations":[{"start":{"line":64,"column":35},"end":{"line":64,"column":58}},{"start":{"line":64,"column":61},"end":{"line":64,"column":66}}],"line":64},"8":{"loc":{"start":{"line":119,"column":4},"end":{"line":119,"column":null}},"type":"if","locations":[{"start":{"line":119,"column":4},"end":{"line":119,"column":null}},{"start":{},"end":{}}],"line":119},"9":{"loc":{"start":{"line":121,"column":4},"end":{"line":125,"column":null}},"type":"if","locations":[{"start":{"line":121,"column":4},"end":{"line":125,"column":null}},{"start":{},"end":{}}],"line":121},"10":{"loc":{"start":{"line":123,"column":8},"end":{"line":123,"column":null}},"type":"if","locations":[{"start":{"line":123,"column":8},"end":{"line":123,"column":null}},{"start":{},"end":{}}],"line":123},"11":{"loc":{"start":{"line":128,"column":4},"end":{"line":128,"column":null}},"type":"if","locations":[{"start":{"line":128,"column":4},"end":{"line":128,"column":null}},{"start":{},"end":{}}],"line":128},"12":{"loc":{"start":{"line":144,"column":46},"end":{"line":144,"column":73}},"type":"cond-expr","locations":[{"start":{"line":144,"column":60},"end":{"line":144,"column":68}},{"start":{"line":144,"column":71},"end":{"line":144,"column":73}}],"line":144},"13":{"loc":{"start":{"line":148,"column":28},"end":{"line":148,"column":82}},"type":"cond-expr","locations":[{"start":{"line":148,"column":52},"end":{"line":148,"column":75}},{"start":{"line":148,"column":78},"end":{"line":148,"column":82}}],"line":148},"14":{"loc":{"start":{"line":149,"column":25},"end":{"line":149,"column":70}},"type":"cond-expr","locations":[{"start":{"line":149,"column":39},"end":{"line":149,"column":62}},{"start":{"line":149,"column":65},"end":{"line":149,"column":70}}],"line":149},"15":{"loc":{"start":{"line":152,"column":24},"end":{"line":152,"column":65}},"type":"binary-expr","locations":[{"start":{"line":152,"column":24},"end":{"line":152,"column":33}},{"start":{"line":152,"column":37},"end":{"line":152,"column":65}}],"line":152},"16":{"loc":{"start":{"line":167,"column":37},"end":{"line":167,"column":64}},"type":"cond-expr","locations":[{"start":{"line":167,"column":51},"end":{"line":167,"column":59}},{"start":{"line":167,"column":62},"end":{"line":167,"column":64}}],"line":167},"17":{"loc":{"start":{"line":168,"column":8},"end":{"line":168,"column":93}},"type":"cond-expr","locations":[{"start":{"line":168,"column":22},"end":{"line":168,"column":73}},{"start":{"line":168,"column":76},"end":{"line":168,"column":93}}],"line":168},"18":{"loc":{"start":{"line":180,"column":4},"end":{"line":180,"column":null}},"type":"if","locations":[{"start":{"line":180,"column":4},"end":{"line":180,"column":null}},{"start":{},"end":{}}],"line":180},"19":{"loc":{"start":{"line":190,"column":4},"end":{"line":190,"column":null}},"type":"if","locations":[{"start":{"line":190,"column":4},"end":{"line":190,"column":null}},{"start":{},"end":{}}],"line":190},"20":{"loc":{"start":{"line":191,"column":4},"end":{"line":191,"column":null}},"type":"if","locations":[{"start":{"line":191,"column":4},"end":{"line":191,"column":null}},{"start":{},"end":{}}],"line":191},"21":{"loc":{"start":{"line":195,"column":28},"end":{"line":195,"column":82}},"type":"cond-expr","locations":[{"start":{"line":195,"column":52},"end":{"line":195,"column":75}},{"start":{"line":195,"column":78},"end":{"line":195,"column":82}}],"line":195},"22":{"loc":{"start":{"line":196,"column":25},"end":{"line":196,"column":70}},"type":"cond-expr","locations":[{"start":{"line":196,"column":39},"end":{"line":196,"column":62}},{"start":{"line":196,"column":65},"end":{"line":196,"column":70}}],"line":196},"23":{"loc":{"start":{"line":199,"column":24},"end":{"line":199,"column":73}},"type":"binary-expr","locations":[{"start":{"line":199,"column":24},"end":{"line":199,"column":41}},{"start":{"line":199,"column":45},"end":{"line":199,"column":73}}],"line":199},"24":{"loc":{"start":{"line":203,"column":4},"end":{"line":203,"column":null}},"type":"if","locations":[{"start":{"line":203,"column":4},"end":{"line":203,"column":null}},{"start":{},"end":{}}],"line":203},"25":{"loc":{"start":{"line":204,"column":4},"end":{"line":204,"column":null}},"type":"if","locations":[{"start":{"line":204,"column":4},"end":{"line":204,"column":null}},{"start":{},"end":{}}],"line":204},"26":{"loc":{"start":{"line":204,"column":89},"end":{"line":204,"column":136}},"type":"cond-expr","locations":[{"start":{"line":204,"column":128},"end":{"line":204,"column":131}},{"start":{"line":204,"column":134},"end":{"line":204,"column":136}}],"line":204},"27":{"loc":{"start":{"line":212,"column":8},"end":{"line":214,"column":null}},"type":"if","locations":[{"start":{"line":212,"column":8},"end":{"line":214,"column":null}},{"start":{},"end":{}}],"line":212},"28":{"loc":{"start":{"line":221,"column":4},"end":{"line":221,"column":null}},"type":"if","locations":[{"start":{"line":221,"column":4},"end":{"line":221,"column":null}},{"start":{},"end":{}}],"line":221},"29":{"loc":{"start":{"line":223,"column":24},"end":{"line":223,"column":78}},"type":"cond-expr","locations":[{"start":{"line":223,"column":48},"end":{"line":223,"column":71}},{"start":{"line":223,"column":74},"end":{"line":223,"column":78}}],"line":223},"30":{"loc":{"start":{"line":230,"column":35},"end":{"line":230,"column":86}},"type":"cond-expr","locations":[{"start":{"line":230,"column":68},"end":{"line":230,"column":81}},{"start":{"line":230,"column":84},"end":{"line":230,"column":86}}],"line":230},"31":{"loc":{"start":{"line":237,"column":12},"end":{"line":241,"column":16}},"type":"cond-expr","locations":[{"start":{"line":237,"column":27},"end":{"line":241,"column":11}},{"start":{"line":241,"column":14},"end":{"line":241,"column":16}}],"line":237},"32":{"loc":{"start":{"line":244,"column":12},"end":{"line":244,"column":105}},"type":"cond-expr","locations":[{"start":{"line":244,"column":45},"end":{"line":244,"column":100}},{"start":{"line":244,"column":103},"end":{"line":244,"column":105}}],"line":244},"33":{"loc":{"start":{"line":272,"column":4},"end":{"line":285,"column":null}},"type":"if","locations":[{"start":{"line":272,"column":4},"end":{"line":285,"column":null}},{"start":{},"end":{}}],"line":272},"34":{"loc":{"start":{"line":275,"column":12},"end":{"line":275,"column":null}},"type":"if","locations":[{"start":{"line":275,"column":12},"end":{"line":275,"column":null}},{"start":{},"end":{}}],"line":275},"35":{"loc":{"start":{"line":280,"column":16},"end":{"line":280,"column":null}},"type":"if","locations":[{"start":{"line":280,"column":16},"end":{"line":280,"column":null}},{"start":{},"end":{}}],"line":280},"36":{"loc":{"start":{"line":281,"column":16},"end":{"line":281,"column":null}},"type":"if","locations":[{"start":{"line":281,"column":16},"end":{"line":281,"column":null}},{"start":{},"end":{}}],"line":281},"37":{"loc":{"start":{"line":287,"column":4},"end":{"line":293,"column":null}},"type":"if","locations":[{"start":{"line":287,"column":4},"end":{"line":293,"column":null}},{"start":{},"end":{}}],"line":287},"38":{"loc":{"start":{"line":290,"column":12},"end":{"line":290,"column":null}},"type":"if","locations":[{"start":{"line":290,"column":12},"end":{"line":290,"column":null}},{"start":{},"end":{}}],"line":290},"39":{"loc":{"start":{"line":291,"column":12},"end":{"line":291,"column":null}},"type":"if","locations":[{"start":{"line":291,"column":12},"end":{"line":291,"column":null}},{"start":{},"end":{}}],"line":291},"40":{"loc":{"start":{"line":295,"column":4},"end":{"line":304,"column":null}},"type":"if","locations":[{"start":{"line":295,"column":4},"end":{"line":304,"column":null}},{"start":{},"end":{}}],"line":295},"41":{"loc":{"start":{"line":301,"column":12},"end":{"line":301,"column":null}},"type":"if","locations":[{"start":{"line":301,"column":12},"end":{"line":301,"column":null}},{"start":{},"end":{}}],"line":301},"42":{"loc":{"start":{"line":302,"column":12},"end":{"line":302,"column":null}},"type":"if","locations":[{"start":{"line":302,"column":12},"end":{"line":302,"column":null}},{"start":{},"end":{}}],"line":302},"43":{"loc":{"start":{"line":308,"column":21},"end":{"line":308,"column":36}},"type":"default-arg","locations":[{"start":{"line":308,"column":32},"end":{"line":308,"column":36}}],"line":308},"44":{"loc":{"start":{"line":311,"column":4},"end":{"line":311,"column":null}},"type":"if","locations":[{"start":{"line":311,"column":4},"end":{"line":311,"column":null}},{"start":{},"end":{}}],"line":311},"45":{"loc":{"start":{"line":315,"column":4},"end":{"line":315,"column":null}},"type":"if","locations":[{"start":{"line":315,"column":4},"end":{"line":315,"column":null}},{"start":{},"end":{}}],"line":315},"46":{"loc":{"start":{"line":315,"column":8},"end":{"line":315,"column":29}},"type":"binary-expr","locations":[{"start":{"line":315,"column":8},"end":{"line":315,"column":16}},{"start":{"line":315,"column":20},"end":{"line":315,"column":29}}],"line":315},"47":{"loc":{"start":{"line":316,"column":4},"end":{"line":316,"column":null}},"type":"if","locations":[{"start":{"line":316,"column":4},"end":{"line":316,"column":null}},{"start":{},"end":{}}],"line":316},"48":{"loc":{"start":{"line":319,"column":4},"end":{"line":319,"column":null}},"type":"if","locations":[{"start":{"line":319,"column":4},"end":{"line":319,"column":null}},{"start":{},"end":{}}],"line":319},"49":{"loc":{"start":{"line":323,"column":4},"end":{"line":334,"column":null}},"type":"if","locations":[{"start":{"line":323,"column":4},"end":{"line":334,"column":null}},{"start":{},"end":{}}],"line":323},"50":{"loc":{"start":{"line":323,"column":8},"end":{"line":323,"column":36}},"type":"binary-expr","locations":[{"start":{"line":323,"column":8},"end":{"line":323,"column":16}},{"start":{"line":323,"column":20},"end":{"line":323,"column":36}}],"line":323},"51":{"loc":{"start":{"line":325,"column":8},"end":{"line":333,"column":null}},"type":"if","locations":[{"start":{"line":325,"column":8},"end":{"line":333,"column":null}},{"start":{},"end":{}}],"line":325},"52":{"loc":{"start":{"line":328,"column":12},"end":{"line":330,"column":null}},"type":"if","locations":[{"start":{"line":328,"column":12},"end":{"line":330,"column":null}},{"start":{"line":329,"column":17},"end":{"line":330,"column":null}}],"line":328},"53":{"loc":{"start":{"line":329,"column":17},"end":{"line":330,"column":null}},"type":"if","locations":[{"start":{"line":329,"column":17},"end":{"line":330,"column":null}},{"start":{"line":330,"column":17},"end":{"line":330,"column":null}}],"line":329},"54":{"loc":{"start":{"line":330,"column":17},"end":{"line":330,"column":null}},"type":"if","locations":[{"start":{"line":330,"column":17},"end":{"line":330,"column":null}},{"start":{},"end":{}}],"line":330},"55":{"loc":{"start":{"line":336,"column":24},"end":{"line":336,"column":78}},"type":"cond-expr","locations":[{"start":{"line":336,"column":48},"end":{"line":336,"column":71}},{"start":{"line":336,"column":74},"end":{"line":336,"column":78}}],"line":336},"56":{"loc":{"start":{"line":340,"column":20},"end":{"line":340,"column":65}},"type":"cond-expr","locations":[{"start":{"line":340,"column":34},"end":{"line":340,"column":57}},{"start":{"line":340,"column":60},"end":{"line":340,"column":65}}],"line":340},"57":{"loc":{"start":{"line":358,"column":8},"end":{"line":360,"column":null}},"type":"if","locations":[{"start":{"line":358,"column":8},"end":{"line":360,"column":null}},{"start":{},"end":{}}],"line":358},"58":{"loc":{"start":{"line":383,"column":8},"end":{"line":383,"column":null}},"type":"if","locations":[{"start":{"line":383,"column":8},"end":{"line":383,"column":null}},{"start":{},"end":{}}],"line":383},"59":{"loc":{"start":{"line":398,"column":4},"end":{"line":401,"column":null}},"type":"if","locations":[{"start":{"line":398,"column":4},"end":{"line":401,"column":null}},{"start":{},"end":{}}],"line":398},"60":{"loc":{"start":{"line":404,"column":29},"end":{"line":404,"column":60}},"type":"binary-expr","locations":[{"start":{"line":404,"column":29},"end":{"line":404,"column":52}},{"start":{"line":404,"column":56},"end":{"line":404,"column":60}}],"line":404},"61":{"loc":{"start":{"line":406,"column":24},"end":{"line":406,"column":78}},"type":"cond-expr","locations":[{"start":{"line":406,"column":48},"end":{"line":406,"column":71}},{"start":{"line":406,"column":74},"end":{"line":406,"column":78}}],"line":406},"62":{"loc":{"start":{"line":409,"column":8},"end":{"line":409,"column":53}},"type":"cond-expr","locations":[{"start":{"line":409,"column":22},"end":{"line":409,"column":45}},{"start":{"line":409,"column":48},"end":{"line":409,"column":53}}],"line":409},"63":{"loc":{"start":{"line":411,"column":12},"end":{"line":411,"column":null}},"type":"if","locations":[{"start":{"line":411,"column":12},"end":{"line":411,"column":null}},{"start":{},"end":{}}],"line":411},"64":{"loc":{"start":{"line":412,"column":12},"end":{"line":412,"column":null}},"type":"if","locations":[{"start":{"line":412,"column":12},"end":{"line":412,"column":null}},{"start":{},"end":{}}],"line":412},"65":{"loc":{"start":{"line":443,"column":4},"end":{"line":443,"column":null}},"type":"if","locations":[{"start":{"line":443,"column":4},"end":{"line":443,"column":null}},{"start":{},"end":{}}],"line":443},"66":{"loc":{"start":{"line":451,"column":12},"end":{"line":451,"column":null}},"type":"binary-expr","locations":[{"start":{"line":451,"column":12},"end":{"line":451,"column":45}},{"start":{"line":451,"column":49},"end":{"line":451,"column":null}}],"line":451},"67":{"loc":{"start":{"line":454,"column":8},"end":{"line":468,"column":null}},"type":"if","locations":[{"start":{"line":454,"column":8},"end":{"line":468,"column":null}},{"start":{},"end":{}}],"line":454},"68":{"loc":{"start":{"line":456,"column":32},"end":{"line":456,"column":86}},"type":"cond-expr","locations":[{"start":{"line":456,"column":56},"end":{"line":456,"column":79}},{"start":{"line":456,"column":82},"end":{"line":456,"column":86}}],"line":456},"69":{"loc":{"start":{"line":460,"column":35},"end":{"line":460,"column":80}},"type":"cond-expr","locations":[{"start":{"line":460,"column":49},"end":{"line":460,"column":72}},{"start":{"line":460,"column":75},"end":{"line":460,"column":80}}],"line":460},"70":{"loc":{"start":{"line":483,"column":11},"end":{"line":483,"column":34}},"type":"binary-expr","locations":[{"start":{"line":483,"column":11},"end":{"line":483,"column":26}},{"start":{"line":483,"column":30},"end":{"line":483,"column":34}}],"line":483},"71":{"loc":{"start":{"line":495,"column":4},"end":{"line":495,"column":null}},"type":"if","locations":[{"start":{"line":495,"column":4},"end":{"line":495,"column":null}},{"start":{},"end":{}}],"line":495},"72":{"loc":{"start":{"line":496,"column":4},"end":{"line":496,"column":null}},"type":"if","locations":[{"start":{"line":496,"column":4},"end":{"line":496,"column":null}},{"start":{},"end":{}}],"line":496},"73":{"loc":{"start":{"line":497,"column":4},"end":{"line":497,"column":null}},"type":"if","locations":[{"start":{"line":497,"column":4},"end":{"line":497,"column":null}},{"start":{},"end":{}}],"line":497},"74":{"loc":{"start":{"line":498,"column":4},"end":{"line":498,"column":null}},"type":"if","locations":[{"start":{"line":498,"column":4},"end":{"line":498,"column":null}},{"start":{},"end":{}}],"line":498}},"s":{"0":0,"1":0,"2":0,"3":0,"4":0,"5":0,"6":0,"7":0,"8":0,"9":0,"10":0,"11":0,"12":0,"13":0,"14":0,"15":0,"16":0,"17":0,"18":0,"19":0,"20":0,"21":0,"22":0,"23":0,"24":0,"25":0,"26":0,"27":0,"28":0,"29":0,"30":0,"31":0,"32":0,"33":0,"34":0,"35":0,"36":0,"37":0,"38":0,"39":0,"40":0,"41":0,"42":0,"43":0,"44":0,"45":0,"46":0,"47":0,"48":0,"49":0,"50":0,"51":0,"52":0,"53":0,"54":0,"55":0,"56":0,"57":0,"58":0,"59":0,"60":0,"61":0,"62":0,"63":0,"64":0,"65":0,"66":0,"67":0,"68":0,"69":0,"70":0,"71":0,"72":0,"73":0,"74":0,"75":0,"76":0,"77":0,"78":0,"79":0,"80":0,"81":0,"82":0,"83":0,"84":0,"85":0,"86":0,"87":0,"88":0,"89":0,"90":0,"91":0,"92":0,"93":0,"94":0,"95":0,"96":0,"97":0,"98":0,"99":0,"100":0,"101":0,"102":0,"103":0,"104":0,"105":0,"106":0,"107":0,"108":0,"109":0,"110":0,"111":0,"112":0,"113":0,"114":0,"115":0,"116":0,"117":0,"118":0,"119":0,"120":0,"121":0,"122":0,"123":0,"124":0,"125":0,"126":0,"127":0,"128":0,"129":0,"130":0,"131":0,"132":0,"133":0,"134":0,"135":0,"136":0,"137":0,"138":0,"139":0,"140":0,"141":0,"142":0,"143":0,"144":0,"145":0,"146":0,"147":0,"148":0,"149":0,"150":0,"151":0,"152":0,"153":0,"154":0,"155":0,"156":0,"157":0,"158":0,"159":0,"160":0,"161":0,"162":0,"163":0,"164":0,"165":0,"166":0,"167":0,"168":0,"169":0,"170":0,"171":0,"172":0,"173":0,"174":0,"175":0,"176":0,"177":0,"178":0,"179":0,"180":0,"181":0,"182":0,"183":0,"184":0,"185":0,"186":0,"187":0,"188":0,"189":0,"190":0,"191":0,"192":0,"193":0,"194":0,"195":0,"196":0,"197":0,"198":0,"199":0,"200":0,"201":0,"202":0,"203":0,"204":0,"205":0,"206":0,"207":0,"208":0,"209":0,"210":0,"211":0,"212":0,"213":0,"214":0,"215":0,"216":0,"217":0,"218":0,"219":0,"220":0,"221":0,"222":0,"223":0,"224":0,"225":0,"226":0,"227":0,"228":0,"229":0,"230":0,"231":0,"232":0,"233":0,"234":0,"235":0,"236":0,"237":0,"238":0,"239":0,"240":0,"241":0,"242":0,"243":0,"244":0,"245":0,"246":0,"247":0,"248":0,"249":0,"250":0,"251":0,"252":0,"253":0,"254":0,"255":0,"256":0,"257":0},"f":{"0":0,"1":0,"2":0,"3":0,"4":0,"5":0,"6":0,"7":0,"8":0,"9":0,"10":0,"11":0,"12":0,"13":0,"14":0,"15":0,"16":0,"17":0,"18":0,"19":0,"20":0,"21":0,"22":0,"23":0,"24":0,"25":0,"26":0,"27":0,"28":0,"29":0,"30":0,"31":0,"32":0,"33":0,"34":0,"35":0,"36":0,"37":0,"38":0,"39":0,"40":0},"b":{"0":[0,0],"1":[0,0],"2":[0,0],"3":[0,0],"4":[0,0],"5":[0,0],"6":[0,0],"7":[0,0],"8":[0,0],"9":[0,0],"10":[0,0],"11":[0,0],"12":[0,0],"13":[0,0],"14":[0,0],"15":[0,0],"16":[0,0],"17":[0,0],"18":[0,0],"19":[0,0],"20":[0,0],"21":[0,0],"22":[0,0],"23":[0,0],"24":[0,0],"25":[0,0],"26":[0,0],"27":[0,0],"28":[0,0],"29":[0,0],"30":[0,0],"31":[0,0],"32":[0,0],"33":[0,0],"34":[0,0],"35":[0,0],"36":[0,0],"37":[0,0],"38":[0,0],"39":[0,0],"40":[0,0],"41":[0,0],"42":[0,0],"43":[0],"44":[0,0],"45":[0,0],"46":[0,0],"47":[0,0],"48":[0,0],"49":[0,0],"50":[0,0],"51":[0,0],"52":[0,0],"53":[0,0],"54":[0,0],"55":[0,0],"56":[0,0],"57":[0,0],"58":[0,0],"59":[0,0],"60":[0,0],"61":[0,0],"62":[0,0],"63":[0,0],"64":[0,0],"65":[0,0],"66":[0,0],"67":[0,0],"68":[0,0],"69":[0,0],"70":[0,0],"71":[0,0],"72":[0,0],"73":[0,0],"74":[0,0]},"meta":{"lastBranch":75,"lastFunction":41,"lastStatement":258,"seen":{"s:3:20:3:22":0,"s:4:28:4:32":1,"s:5:23:5:27":2,"s:7:0:15:Infinity":3,"f:7:46:7:47":0,"s:8:4:8:Infinity":4,"s:9:4:9:Infinity":5,"s:10:4:10:Infinity":6,"s:11:4:11:Infinity":7,"s:14:4:14:Infinity":8,"f:18:9:18:28":1,"s:19:24:19:61":9,"s:20:24:20:63":10,"s:23:4:23:Infinity":11,"b:25:4:36:Infinity:undefined:undefined:undefined:undefined":0,"s:25:4:36:Infinity":12,"s:26:8:26:Infinity":13,"s:28:8:35:Infinity":14,"f:28:47:28:48":2,"s:29:12:29:Infinity":15,"s:30:12:30:Infinity":16,"b:32:12:34:Infinity:undefined:undefined:undefined:undefined":1,"s:32:12:34:Infinity":17,"s:33:16:33:Infinity":18,"b:33:63:33:69:33:72:33:78":2,"b:38:4:40:Infinity:undefined:undefined:undefined:undefined":3,"s:38:4:40:Infinity":19,"s:39:8:39:Infinity":20,"b:39:55:39:61:39:64:39:70":4,"f:44:9:44:26":3,"s:45:18:45:61":21,"b:47:4:56:Infinity:54:11:56:Infinity":5,"s:47:4:56:Infinity":22,"s:48:8:53:Infinity":23,"s:49:12:49:Infinity":24,"s:51:12:51:Infinity":25,"s:52:12:52:Infinity":26,"s:55:8:55:Infinity":27,"s:58:4:58:Infinity":28,"f:62:9:62:31":4,"s:63:24:63:78":29,"b:63:48:63:71:63:74:63:78":6,"s:64:21:64:66":30,"b:64:35:64:58:64:61:64:66":7,"s:66:4:111:Infinity":31,"f:115:9:115:32":5,"s:116:26:116:71":32,"s:117:23:117:69":33,"b:119:4:119:Infinity:undefined:undefined:undefined:undefined":8,"s:119:4:119:Infinity":34,"s:119:24:119:Infinity":35,"b:121:4:125:Infinity:undefined:undefined:undefined:undefined":9,"s:121:4:125:Infinity":36,"s:122:8:122:Infinity":37,"b:123:8:123:Infinity:undefined:undefined:undefined:undefined":10,"s:123:8:123:Infinity":38,"s:123:24:123:Infinity":39,"s:124:8:124:Infinity":40,"s:127:4:127:Infinity":41,"b:128:4:128:Infinity:undefined:undefined:undefined:undefined":11,"s:128:4:128:Infinity":42,"s:128:20:128:Infinity":43,"s:131:19:131:85":44,"f:131:43:131:44":6,"s:131:53:131:84":45,"s:133:4:133:Infinity":46,"s:135:4:138:Infinity":47,"f:135:19:135:23":7,"s:136:21:136:53":48,"s:137:8:137:Infinity":49,"f:142:9:142:35":8,"s:143:16:143:45":50,"s:144:4:144:Infinity":51,"b:144:60:144:68:144:71:144:73":12,"s:145:4:145:Infinity":52,"f:145:18:145:19":9,"s:145:24:145:49":53,"s:147:30:150:6":54,"f:147:59:147:63":10,"s:148:28:148:82":55,"b:148:52:148:75:148:78:148:82":13,"s:149:8:149:Infinity":56,"b:149:39:149:62:149:65:149:70":14,"s:152:24:152:65":57,"b:152:24:152:33:152:37:152:65":15,"s:153:24:153:63":58,"s:155:4:170:Infinity":59,"f:159:46:159:48":11,"s:159:52:161:11":60,"b:167:51:167:59:167:62:167:64":16,"b:168:22:168:73:168:76:168:93":17,"s:172:4:172:Infinity":61,"f:176:9:176:25":12,"s:177:4:177:Infinity":62,"s:178:25:178:73":63,"f:178:44:178:45":13,"s:178:49:178:72":64,"b:180:4:180:Infinity:undefined:undefined:undefined:undefined":18,"s:180:4:180:Infinity":65,"s:180:23:180:Infinity":66,"s:183:4:183:Infinity":67,"s:184:4:184:Infinity":68,"s:187:30:187:75":69,"s:188:29:188:73":70,"b:190:4:190:Infinity:undefined:undefined:undefined:undefined":19,"s:190:4:190:Infinity":71,"s:190:27:190:Infinity":72,"b:191:4:191:Infinity:undefined:undefined:undefined:undefined":20,"s:191:4:191:Infinity":73,"s:191:26:191:Infinity":74,"s:194:30:197:6":75,"f:194:67:194:71":14,"s:195:28:195:82":76,"b:195:52:195:75:195:78:195:82":21,"s:196:8:196:Infinity":77,"b:196:39:196:62:196:65:196:70":22,"s:199:24:199:73":78,"b:199:24:199:41:199:45:199:73":23,"s:200:19:200:63":79,"s:201:20:201:72":80,"b:203:4:203:Infinity:undefined:undefined:undefined:undefined":24,"s:203:4:203:Infinity":81,"s:203:16:203:Infinity":82,"b:204:4:204:Infinity:undefined:undefined:undefined:undefined":25,"s:204:4:204:Infinity":83,"s:204:17:204:Infinity":84,"b:204:128:204:131:204:134:204:136":26,"s:207:4:207:Infinity":85,"s:210:4:215:Infinity":86,"f:210:15:210:16":15,"s:211:26:211:71":87,"b:212:8:214:Infinity:undefined:undefined:undefined:undefined":27,"s:212:8:214:Infinity":88,"s:213:12:213:Infinity":89,"f:219:9:219:23":16,"s:220:22:220:67":90,"b:221:4:221:Infinity:undefined:undefined:undefined:undefined":28,"s:221:4:221:Infinity":91,"s:221:20:221:Infinity":92,"s:223:24:223:78":93,"b:223:48:223:71:223:74:223:78":29,"s:224:26:224:40":94,"s:226:4:226:Infinity":95,"s:228:4:251:Infinity":96,"f:228:34:228:37":17,"s:229:20:229:49":97,"s:230:8:230:Infinity":98,"b:230:68:230:81:230:84:230:86":30,"s:232:8:248:Infinity":99,"b:237:27:241:11:241:14:241:16":31,"b:244:45:244:100:244:103:244:105":32,"s:250:8:250:Infinity":100,"s:255:0:260:Infinity":101,"f:255:76:255:77":18,"s:256:4:256:Infinity":102,"s:257:4:257:Infinity":103,"s:258:4:258:Infinity":104,"s:259:4:259:Infinity":105,"f:263:9:263:30":19,"s:264:17:264:56":106,"s:265:24:265:63":107,"s:266:25:266:65":108,"s:267:28:267:72":109,"s:268:27:268:66":110,"s:270:24:270:28":111,"b:272:4:285:Infinity:undefined:undefined:undefined:undefined":33,"s:272:4:285:Infinity":112,"s:273:8:284:Infinity":113,"f:273:47:273:48":20,"s:274:25:274:42":114,"b:275:12:275:Infinity:undefined:undefined:undefined:undefined":34,"s:275:12:275:Infinity":115,"s:275:23:275:Infinity":116,"s:277:27:277:43":117,"s:278:12:282:Infinity":118,"f:278:28:278:29":21,"s:279:16:279:Infinity":119,"b:280:16:280:Infinity:undefined:undefined:undefined:undefined":35,"s:280:16:280:Infinity":120,"s:280:37:280:Infinity":121,"b:281:16:281:Infinity:undefined:undefined:undefined:undefined":36,"s:281:16:281:Infinity":122,"s:281:34:281:Infinity":123,"s:283:12:283:Infinity":124,"b:287:4:293:Infinity:undefined:undefined:undefined:undefined":37,"s:287:4:293:Infinity":125,"s:288:8:292:Infinity":126,"f:288:49:288:50":22,"s:289:12:289:Infinity":127,"b:290:12:290:Infinity:undefined:undefined:undefined:undefined":38,"s:290:12:290:Infinity":128,"s:290:29:290:Infinity":129,"b:291:12:291:Infinity:undefined:undefined:undefined:undefined":39,"s:291:12:291:Infinity":130,"s:291:30:291:Infinity":131,"b:295:4:304:Infinity:undefined:undefined:undefined:undefined":40,"s:295:4:304:Infinity":132,"s:296:8:303:Infinity":133,"f:296:40:296:41":23,"s:297:12:297:Infinity":134,"s:298:12:298:Infinity":135,"s:300:12:300:Infinity":136,"b:301:12:301:Infinity:undefined:undefined:undefined:undefined":41,"s:301:12:301:Infinity":137,"s:301:29:301:Infinity":138,"b:302:12:302:Infinity:undefined:undefined:undefined:undefined":42,"s:302:12:302:Infinity":139,"s:302:30:302:Infinity":140,"f:308:9:308:20":24,"b:308:32:308:36":43,"s:309:18:309:58":141,"s:310:29:310:72":142,"b:311:4:311:Infinity:undefined:undefined:undefined:undefined":44,"s:311:4:311:Infinity":143,"s:311:16:311:Infinity":144,"s:313:20:313:38":145,"b:315:4:315:Infinity:undefined:undefined:undefined:undefined":45,"s:315:4:315:Infinity":146,"b:315:8:315:16:315:20:315:29":46,"s:315:31:315:Infinity":147,"b:316:4:316:Infinity:undefined:undefined:undefined:undefined":47,"s:316:4:316:Infinity":148,"s:316:32:316:Infinity":149,"s:318:25:318:80":150,"f:318:44:318:45":25,"s:318:49:318:79":151,"b:319:4:319:Infinity:undefined:undefined:undefined:undefined":48,"s:319:4:319:Infinity":152,"s:319:23:319:Infinity":153,"s:322:25:322:29":154,"b:323:4:334:Infinity:undefined:undefined:undefined:undefined":49,"s:323:4:334:Infinity":155,"b:323:8:323:16:323:20:323:36":50,"s:324:32:324:54":156,"b:325:8:333:Infinity:undefined:undefined:undefined:undefined":51,"s:325:8:333:Infinity":157,"s:326:24:326:34":158,"s:327:27:327:28":159,"b:328:12:330:Infinity:329:17:330:Infinity":52,"s:328:12:330:Infinity":160,"s:328:42:328:Infinity":161,"b:329:17:330:Infinity:330:17:330:Infinity":53,"s:329:17:330:Infinity":162,"s:329:48:329:Infinity":163,"b:330:17:330:Infinity:undefined:undefined:undefined:undefined":54,"s:330:17:330:Infinity":164,"s:330:47:330:Infinity":165,"s:332:12:332:Infinity":166,"s:336:24:336:78":167,"b:336:48:336:71:336:74:336:78":55,"s:337:23:345:5":168,"b:340:34:340:57:340:60:340:65":56,"s:347:4:347:Infinity":169,"s:348:4:348:Infinity":170,"s:350:4:350:Infinity":171,"s:351:4:351:Infinity":172,"s:353:4:353:Infinity":173,"s:356:4:361:Infinity":174,"f:356:15:356:16":26,"s:357:26:357:71":175,"b:358:8:360:Infinity:undefined:undefined:undefined:undefined":57,"s:358:8:360:Infinity":176,"s:359:12:359:Infinity":177,"f:365:9:365:36":27,"s:366:23:366:70":178,"s:367:18:367:67":179,"s:368:21:368:72":180,"s:369:22:369:72":181,"s:370:17:370:65":182,"s:372:22:372:58":183,"f:372:22:372:23":28,"s:372:28:372:58":184,"s:373:23:376:5":185,"f:373:23:373:24":29,"s:374:8:374:Infinity":186,"s:375:8:375:Infinity":187,"s:378:4:378:Infinity":188,"s:379:4:379:Infinity":189,"s:380:4:380:Infinity":190,"s:382:4:384:Infinity":191,"f:382:37:382:38":30,"b:383:8:383:Infinity:undefined:undefined:undefined:undefined":58,"s:383:8:383:Infinity":192,"s:383:32:383:Infinity":193,"s:386:4:390:Infinity":194,"f:386:37:386:38":31,"s:387:8:387:Infinity":195,"s:388:8:388:Infinity":196,"s:389:8:389:Infinity":197,"f:394:9:394:30":32,"s:395:24:396:28":198,"f:396:13:396:15":33,"s:396:19:396:27":199,"b:398:4:401:Infinity:undefined:undefined:undefined:undefined":59,"s:398:4:401:Infinity":200,"s:399:8:399:Infinity":201,"s:400:8:400:Infinity":202,"s:403:22:403:72":203,"s:404:29:404:60":204,"b:404:29:404:52:404:56:404:60":60,"s:406:24:406:78":205,"b:406:48:406:71:406:74:406:78":61,"s:407:25:407:57":206,"s:408:29:415:5":207,"b:409:22:409:45:409:48:409:53":62,"f:410:27:410:29":34,"b:411:12:411:Infinity:undefined:undefined:undefined:undefined":63,"s:411:12:411:Infinity":208,"s:411:38:411:Infinity":209,"b:412:12:412:Infinity:undefined:undefined:undefined:undefined":64,"s:412:12:412:Infinity":210,"s:412:38:412:Infinity":211,"s:413:12:413:Infinity":212,"s:417:28:425:5":213,"s:427:4:427:Infinity":214,"s:428:4:428:Infinity":215,"s:429:4:429:Infinity":216,"s:432:4:432:Infinity":217,"f:436:9:436:26":35,"s:437:4:437:Infinity":218,"f:441:9:441:34":36,"s:442:20:442:66":219,"b:443:4:443:Infinity:undefined:undefined:undefined:undefined":65,"s:443:4:443:Infinity":220,"s:443:18:443:Infinity":221,"s:445:4:473:Infinity":222,"s:446:50:446:69":223,"s:447:8:447:Infinity":224,"s:450:27:452:9":225,"f:450:46:450:47":37,"s:451:12:451:Infinity":226,"b:451:12:451:45:451:49:451:Infinity":66,"b:454:8:468:Infinity:undefined:undefined:undefined:undefined":67,"s:454:8:468:Infinity":227,"s:456:32:456:86":228,"b:456:56:456:79:456:82:456:86":68,"s:457:12:465:Infinity":229,"b:460:49:460:72:460:75:460:80":69,"s:466:12:466:Infinity":230,"s:467:12:467:Infinity":231,"s:470:8:470:Infinity":232,"s:472:8:472:Infinity":233,"f:477:9:477:23":38,"s:478:20:482:5":234,"s:483:4:483:Infinity":235,"b:483:11:483:26:483:30:483:34":70,"f:487:9:487:24":39,"s:488:16:488:26":236,"s:489:17:489:32":237,"s:491:20:491:44":238,"s:492:18:492:44":239,"s:493:17:493:44":240,"b:495:4:495:Infinity:undefined:undefined:undefined:undefined":71,"s:495:4:495:Infinity":241,"s:495:21:495:Infinity":242,"b:496:4:496:Infinity:undefined:undefined:undefined:undefined":72,"s:496:4:496:Infinity":243,"s:496:22:496:Infinity":244,"b:497:4:497:Infinity:undefined:undefined:undefined:undefined":73,"s:497:4:497:Infinity":245,"s:497:20:497:Infinity":246,"b:498:4:498:Infinity:undefined:undefined:undefined:undefined":74,"s:498:4:498:Infinity":247,"s:498:18:498:Infinity":248,"s:499:4:499:Infinity":249,"f:503:9:503:19":40,"s:504:16:504:45":250,"s:505:4:505:Infinity":251,"s:506:4:506:Infinity":252,"s:510:0:510:Infinity":253,"s:511:0:511:Infinity":254,"s:512:0:512:Infinity":255,"s:513:0:513:Infinity":256,"s:514:0:514:Infinity":257}}}
[...]
}}],"line":166},"16":{"loc":{"start":{"line":167,"column":4},"end":{"line":167,"column":null}},"type":"if","locations":[{"start":{"line":167,"column":4},"end":{"line":167,"column":null}},{"start":{},"end":{}}],"line":167},"17":{"loc":{"start":{"line":167,"column":43},"end":{"line":167,"column":63}},"type":"cond-expr","locations":[{"start":{"line":167,"column":55},"end":{"line":167,"column":58}},{"start":{"line":167,"column":61},"end":{"line":167,"column":63}}],"line":167},"18":{"loc":{"start":{"line":168,"column":25},"end":{"line":168,"column":44}},"type":"cond-expr","locations":[{"start":{"line":168,"column":36},"end":{"line":168,"column":39}},{"start":{"line":168,"column":42},"end":{"line":168,"column":44}}],"line":168},"19":{"loc":{"start":{"line":181,"column":4},"end":{"line":181,"column":null}},"type":"if","locations":[{"start":{"line":181,"column":4},"end":{"line":181,"column":null}},{"start":{},"end":{}}],"line":181},"20":{"loc":{"start":{"line":194,"column":4},"end":{"line":194,"column":null}},"type":"if","locations":[{"start":{"line":194,"column":4},"end":{"line":194,"column":null}},{"start":{},"end":{}}],"line":194},"21":{"loc":{"start":{"line":194,"column":8},"end":{"line":194,"column":41}},"type":"binary-expr","locations":[{"start":{"line":194,"column":8},"end":{"line":194,"column":21}},{"start":{"line":194,"column":25},"end":{"line":194,"column":41}}],"line":194},"22":{"loc":{"start":{"line":198,"column":21},"end":{"line":198,"column":65}},"type":"cond-expr","locations":[{"start":{"line":198,"column":37},"end":{"line":198,"column":56}},{"start":{"line":198,"column":59},"end":{"line":198,"column":65}}],"line":198},"23":{"loc":{"start":{"line":200,"column":4},"end":{"line":203,"column":null}},"type":"if","locations":[{"start":{"line":200,"column":4},"end":{"line":203,"column":null}},{"start":{},"end":{}}],"line":200},"24":{"loc":{"start":{"line":205,"column":24},"end":{"line":205,"column":78}},"type":"cond-expr","locations":[{"start":{"line":205,"column":48},"end":{"line":205,"column":71}},{"start":{"line":205,"column":74},"end":{"line":205,"column":78}}],"line":205},"25":{"loc":{"start":{"line":206,"column":24},"end":{"line":206,"column":75}},"type":"cond-expr","locations":[{"start":{"line":206,"column":38},"end":{"line":206,"column":61}},{"start":{"line":206,"column":64},"end":{"line":206,"column":75}}],"line":206},"26":{"loc":{"start":{"line":232,"column":4},"end":{"line":232,"column":null}},"type":"if","locations":[{"start":{"line":232,"column":4},"end":{"line":232,"column":null}},{"start":{},"end":{}}],"line":232},"27":{"loc":{"start":{"line":233,"column":4},"end":{"line":233,"column":null}},"type":"if","locations":[{"start":{"line":233,"column":4},"end":{"line":233,"column":null}},{"start":{},"end":{}}],"line":233},"28":{"loc":{"start":{"line":240,"column":4},"end":{"line":246,"column":null}},"type":"if","locations":[{"start":{"line":240,"column":4},"end":{"line":246,"column":null}},{"start":{"line":243,"column":11},"end":{"line":246,"column":null}}],"line":240},"29":{"loc":{"start":{"line":258,"column":4},"end":{"line":264,"column":null}},"type":"if","locations":[{"start":{"line":258,"column":4},"end":{"line":264,"column":null}},{"start":{},"end":{}}],"line":258},"30":{"loc":{"start":{"line":270,"column":4},"end":{"line":270,"column":null}},"type":"if","locations":[{"start":{"line":270,"column":4},"end":{"line":270,"column":null}},{"start":{},"end":{}}],"line":270}},"s":{"0":0,"1":0,"2":0,"3":0,"4":0,"5":0,"6":0,"7":0,"8":0,"9":0,"10":0,"11":0,"12":0,"13":0,"14":0,"15":0,"16":0,"17":0,"18":0,"19":0,"20":0,"21":0,"22":0,"23":0,"24":0,"25":0,"26":0,"27":0,"28":0,"29":0,"30":0,"31":0,"32":0,"33":0,"34":0,"35":0,"36":0,"37":0,"38":0,"39":0,"40":0,"41":0,"42":0,"43":0,"44":0,"45":0,"46":0,"47":0,"48":0,"49":0,"50":0,"51":0,"52":0,"53":0,"54":0,"55":0,"56":0,"57":0,"58":0,"59":0,"60":0,"61":0,"62":0,"63":0,"64":0,"65":0,"66":0,"67":0,"68":0,"69":0,"70":0,"71":0,"72":0,"73":0,"74":0,"75":0,"76":0,"77":0,"78":0,"79":0,"80":0,"81":0,"82":0,"83":0,"84":0,"85":0,"86":0,"87":0,"88":0,"89":0,"90":0,"91":0,"92":0,"93":0,"94":0,"95":0,"96":0,"97":0,"98":0,"99":0,"100":0,"101":0,"102":0,"103":0,"104":0,"105":0,"106":0,"107":0,"108":0,"109":0,"110":0,"111":0},"f":{"0":0,"1":0,"2":0,"3":0,"4":0,"5":0,"6":0,"7":0,"8":0,"9":0,"10":0,"11":0,"12":0,"13":0,"14":0,"15":0},"b":{"0":[0,0],"1":[0,0],"2":[0,0],"3":[0,0],"4":[0,0],"5":[0,0],"6":[0,0],"7":[0,0],"8":[0,0],"9":[0,0],"10":[0,0],"11":[0,0],"12":[0,0],"13":[0,0],"14":[0,0],"15":[0,0],"16":[0,0],"17":[0,0],"18":[0,0],"19":[0,0],"20":[0,0],"21":[0,0],"22":[0,0],"23":[0,0],"24":[0,0],"25":[0,0],"26":[0,0],"27":[0,0],"28":[0,0],"29":[0,0],"30":[0,0]},"meta":{"lastBranch":31,"lastFunction":16,"lastStatement":112,"seen":{"s:3:13:3:15":0,"s:4:25:4:34":1,"s:6:0:10:Infinity":2,"f:6:46:6:47":0,"s:7:4:7:Infinity":3,"s:8:4:8:Infinity":4,"s:9:4:9:Infinity":5,"f:13:9:13:19":1,"s:14:24:14:60":6,"b:16:4:25:Infinity:23:11:25:Infinity":0,"s:16:4:25:Infinity":7,"s:17:8:22:Infinity":8,"s:18:12:18:Infinity":9,"s:20:12:20:Infinity":10,"s:21:12:21:Infinity":11,"s:24:8:24:Infinity":12,"s:27:4:27:Infinity":13,"f:31:9:31:24":2,"s:32:24:32:78":14,"b:32:48:32:71:32:74:32:78":1,"s:33:24:33:69":15,"b:33:38:33:61:33:64:33:69":2,"s:35:4:66:Infinity":16,"f:70:9:70:21":3,"s:71:22:71:59":17,"b:72:4:72:Infinity:undefined:undefined:undefined:undefined":3,"s:72:4:72:Infinity":18,"s:72:20:72:Infinity":19,"s:75:21:75:57":20,"s:76:4:76:Infinity":21,"b:78:4:81:Infinity:undefined:undefined:undefined:undefined":4,"s:78:4:81:Infinity":22,"b:79:8:79:Infinity:undefined:undefined:undefined:undefined":5,"s:79:8:79:Infinity":23,"s:79:22:79:Infinity":24,"s:80:8:80:Infinity":25,"s:84:25:84:78":26,"f:84:42:84:43":4,"s:84:52:84:77":27,"s:86:4:89:Infinity":28,"f:86:25:86:30":5,"s:87:29:87:54":29,"s:88:8:88:Infinity":30,"b:92:4:92:Infinity:undefined:undefined:undefined:undefined":6,"s:92:4:92:Infinity":31,"s:92:18:92:Infinity":32,"f:96:9:96:27":6,"s:97:16:97:45":33,"s:98:4:98:Infinity":34,"s:99:4:99:Infinity":35,"s:101:27:101:59":36,"s:102:29:102:65":37,"b:102:46:102:60:102:63:102:65":7,"s:104:28:108:50":38,"b:105:10:105:Infinity:106:10:108:50":8,"b:107:14:107:Infinity:108:14:108:50":9,"s:110:26:112:12":39,"b:111:10:111:Infinity:112:10:112:12":10,"s:114:4:141:Infinity":40,"b:133:54:133:68:133:71:133:84":11,"s:143:4:143:Infinity":41,"f:147:9:147:23":7,"s:148:20:152:5":42,"s:153:4:153:Infinity":43,"b:153:11:153:26:153:30:153:34":12,"f:157:9:157:24":8,"s:158:16:158:26":44,"s:159:17:159:32":45,"s:161:20:161:44":46,"s:162:18:162:44":47,"s:163:17:163:44":48,"b:165:4:165:Infinity:undefined:undefined:undefined:undefined":13,"s:165:4:165:Infinity":49,"s:165:21:165:Infinity":50,"b:166:4:166:Infinity:undefined:undefined:undefined:undefined":14,"s:166:4:166:Infinity":51,"s:166:22:166:Infinity":52,"b:166:63:166:66:166:69:166:71":15,"b:167:4:167:Infinity:undefined:undefined:undefined:undefined":16,"s:167:4:167:Infinity":53,"s:167:20:167:Infinity":54,"b:167:55:167:58:167:61:167:63":17,"s:168:4:168:Infinity":55,"b:168:36:168:39:168:42:168:44":18,"f:172:9:172:19":9,"s:173:16:173:45":56,"s:174:4:174:Infinity":57,"s:175:4:175:Infinity":58,"f:179:9:179:28":10,"s:180:17:180:58":59,"b:181:4:181:Infinity:undefined:undefined:undefined:undefined":19,"s:181:4:181:Infinity":60,"s:181:15:181:Infinity":61,"s:183:4:183:Infinity":62,"f:187:15:187:29":11,"s:188:4:188:Infinity":63,"s:190:25:190:65":64,"s:191:28:191:71":65,"s:192:26:192:67":66,"b:194:4:194:Infinity:undefined:undefined:undefined:undefined":20,"s:194:4:194:Infinity":67,"b:194:8:194:21:194:25:194:41":21,"s:194:43:194:Infinity":68,"s:196:20:196:45":69,"s:197:23:197:44":70,"s:198:21:198:65":71,"b:198:37:198:56:198:59:198:65":22,"b:200:4:203:Infinity:undefined:undefined:undefined:undefined":23,"s:200:4:203:Infinity":72,"s:201:8:201:Infinity":73,"s:202:8:202:Infinity":74,"s:205:24:205:78":75,"b:205:48:205:71:205:74:205:78":24,"s:206:24:206:75":76,"b:206:38:206:61:206:64:206:75":25,"s:208:21:217:5":77,"s:220:4:220:Infinity":78,"s:223:4:223:Infinity":79,"s:226:4:226:Infinity":80,"s:229:18:229:60":81,"s:230:17:230:58":82,"b:232:4:232:Infinity:undefined:undefined:undefined:undefined":26,"s:232:4:232:Infinity":83,"s:232:15:232:Infinity":84,"b:233:4:233:Infinity:undefined:undefined:undefined:undefined":27,"s:233:4:233:Infinity":85,"s:233:14:233:Infinity":86,"s:235:4:235:Infinity":87,"f:239:9:239:25":12,"b:240:4:246:Infinity:243:11:246:Infinity":28,"s:240:4:246:Infinity":88,"s:242:8:242:Infinity":89,"s:245:8:245:Infinity":90,"s:249:4:249:Infinity":91,"s:252:4:252:Infinity":92,"f:256:9:256:28":13,"s:257:18:257:60":93,"b:258:4:264:Infinity:undefined:undefined:undefined:undefined":29,"s:258:4:264:Infinity":94,"s:259:8:263:Infinity":95,"s:260:12:260:Infinity":96,"s:262:12:262:Infinity":97,"f:268:9:268:23":14,"s:269:18:269:52":98,"f:269:30:269:31":15,"s:269:35:269:51":99,"b:270:4:270:Infinity:undefined:undefined:undefined:undefined":30,"s:270:4:270:Infinity":100,"s:270:16:270:Infinity":101,"s:273:20:277:5":102,"s:278:4:278:Infinity":103,"s:281:4:281:Infinity":104,"s:285:0:285:Infinity":105,"s:286:0:286:Infinity":106,"s:287:0:287:Infinity":107,"s:288:0:288:Infinity":108,"s:289:0:289:Infinity":109,"s:290:0:290:Infinity":110,"s:291:0:291:Infinity":111}}}
,"/app/js/reset-password.js": {"path":"/app/js/reset-password.js","statementMap":{"0":{"start":{"line":2,"column":0},"end":{"line":28,"column":null}},"1":{"start":{"line":3,"column":22},"end":{"line":3,"column":65}},"2":{"start":{"line":4,"column":18},"end":{"line":4,"column":40}},"3":{"start":{"line":6,"column":29},"end":{"line":6,"column":74}},"4":{"start":{"line":7,"column":31},"end":{"line":7,"column":78}},"5":{"start":{"line":8,"column":24},"end":{"line":8,"column":63}},"6":{"start":{"line":10,"column":29},"end":{"line":10,"column":74}},"7":{"start":{"line":11,"column":31},"end":{"line":11,"column":78}},"8":{"start":{"line":13,"column":4},"end":{"line":19,"column":null}},"9":{"start":{"line":14,"column":8},"end":{"line":14,"column":null}},"10":{"start":{"line":15,"column":8},"end":{"line":15,"column":null}},"11":{"start":{"line":17,"column":8},"end":{"line":17,"column":null}},"12":{"start":{"line":18,"column":8},"end":{"line":18,"column":null}},"13":{"start":{"line":21,"column":4},"end":{"line":23,"column":null}},"14":{"start":{"line":22,"column":8},"end":{"line":22,"column":null}},"15":{"start":{"line":25,"column":4},"end":{"line":27,"column":null}},"16":{"start":{"line":26,"column":8},"end":{"line":26,"column":null}},"17":{"start":{"line":26,"column":61},"end":{"line":26,"column":91}},"18":{"start":{"line":31,"column":4},"end":{"line":31,"column":null}},"19":{"start":{"line":32,"column":4},"end":{"line":32,"column":null}},"20":{"start":{"line":33,"column":4},"end":{"line":33,"column":null}},"21":{"start":{"line":35,"column":4},"end":{"line":35,"column":null}},"22":{"start":{"line":36,"column":4},"end":{"line":36,"column":null}},"23":{"start":{"line":40,"column":4},"end":{"line":40,"column":null}},"24":{"start":{"line":41,"column":18},"end":{"line":41,"column":56}},"25":{"start":{"line":42,"column":22},"end":{"line":42,"column":69}},"26":{"start":{"line":43,"column":25},"end":{"line":43,"column":46}},"27":{"start":{"line":45,"column":4},"end":{"line":48,"column":null}},"28":{"start":{"line":46,"column":8},"end":{"line":46,"column":null}},"29":{"start":{"line":47,"column":8},"end":{"line":47,"column":null}},"30":{"start":{"line":50,"column":4},"end":{"line":50,"column":null}},"31":{"start":{"line":51,"column":4},"end":{"line":51,"column":null}},"32":{"start":{"line":53,"column":4},"end":{"line":73,"column":null}},"33":{"start":{"line":54,"column":25},"end":{"line":58,"column":10}},"34":{"start":{"line":60,"column":21},"end":{"line":60,"column":42}},"35":{"start":{"line":62,"column":8},"end":{"line":64,"column":null}},"36":{"start":{"line":63,"column":12},"end":{"line":63,"column":null}},"37":{"start":{"line":66,"column":8},"end":{"line":66,"column":null}},"38":{"start":{"line":69,"column":8},"end":{"line":69,"column":null}},"39":{"start":{"line":70,"column":8},"end":{"line":70,"column":null}},"40":{"start":{"line":71,"column":8},"end":{"line":71,"column":null}},"41":{"start":{"line":72,"column":8},"end":{"line":72,"column":null}},"42":{"start":{"line":77,"column":4},"end":{"line":77,"column":null}},"43":{"start":{"line":78,"column":24},"end":{"line":78,"column":69}},"44":{"start":{"line":79,"column":28},"end":{"line":79,"column":77}},"45":{"start":{"line":80,"column":22},"end":{"line":80,"column":69}},"46":{"start":{"line":81,"column":25},"end":{"line":81,"column":46}},"47":{"start":{"line":83,"column":4},"end":{"line":86,"column":null}},"48":{"start":{"line":84,"column":8},"end":{"line":84,"column":null}},"49":{"start":{"line":85,"column":8},"end":{"line":85,"column":null}},"50":{"start":{"line":88,"column":4},"end":{"line":91,"column":null}},"51":{"start":{"line":89,"column":8},"end":{"line":89,"column":null}},"52":{"start":{"line":90,"column":8},"end":{"line":90,"column":null}},"53":{"start":{"line":93,"column":4},"end":{"line":93,"column":null}},"54":{"start":{"line":94,"column":4},"end":{"line":94,"column":null}},"55":{"start":{"line":96,"column":4},"end":{"line":116,"column":null}},"56":{"start":{"line":97,"column":25},"end":{"line":101,"column":10}},"57":{"start":{"line":103,"column":21},"end":{"line":103,"column":42}},"58":{"start":{"line":105,"column":8},"end":{"line":107,"column":null}},"59":{"start":{"line":106,"column":12},"end":{"line":106,"column":null}},"60":{"start":{"line":109,"column":8},"end":{"line":109,"column":null}},"61":{"start":{"line":112,"column":8},"end":{"line":112,"column":null}},"62":{"start":{"line":113,"column":8},"end":{"line":113,"column":null}},"63":{"start":{"line":114,"column":8},"end":{"line":114,"column":null}},"64":{"start":{"line":115,"column":8},"end":{"line":115,"column":null}}},"fnMap":{"0":{"name":"(anonymous_0)","decl":{"start":{"line":2,"column":46},"end":{"line":2,"column":47}},"loc":{"start":{"line":2,"column":52},"end":{"line":28,"column":1}},"line":2},"1":{"name":"(anonymous_1)","decl":{"start":{"line":26,"column":54},"end":{"line":26,"column":55}},"loc":{"start":{"line":26,"column":61},"end":{"line":26,"column":91}},"line":26},"2":{"name":"showMessage","decl":{"start":{"line":30,"column":9},"end":{"line":30,"column":20}},"loc":{"start":{"line":30,"column":34},"end":{"line":37,"column":null}},"line":30},"3":{"name":"handleRequestReset","decl":{"start":{"line":39,"column":15},"end":{"line":39,"column":33}},"loc":{"start":{"line":39,"column":37},"end":{"line":74,"column":null}},"line":39},"4":{"name":"handleSubmitPassword","decl":{"start":{"line":76,"column":15},"end":{"line":76,"column":35}},"loc":{"start":{"line":76,"column":46},"end":{"line":117,"column":null}},"line":76}},"branchMap":{"0":{"loc":{"start":{"line":13,"column":4},"end":{"line":19,"column":null}},"type":"if","locations":[{"start":{"line":13,"column":4},"end":{"line":19,"column":null}},{"start":{"line":16,"column":11},"end":{"line":19,"column":null}}],"line":13},"1":{"loc":{"start":{"line":21,"column":4},"end":{"line":23,"column":null}},"type":"if","locations":[{"start":{"line":21,"column":4},"end":{"line":23,"column":null}},{"start":{},"end":{}}],"line":21},"2":{"loc":{"start":{"line":25,"column":4},"end":{"line":27,"column":null}},"type":"if","locations":[{"start":{"line":25,"column":4},"end":{"line":27,"column":null}},{"start":{},"end":{}}],"line":25},"3":{"loc":{"start":{"line":45,"column":4},"end":{"line":48,"column":null}},"type":"if","locations":[{"start":{"line":45,"column":4},"end":{"line":48,"column":null}},{"start":{},"end":{}}],"line":45},"4":{"loc":{"start":{"line":62,"column":8},"end":{"line":64,"column":null}},"type":"if","locations":[{"start":{"line":62,"column":8},"end":{"line":64,"column":null}},{"start":{},"end":{}}],"line":62},"5":{"loc":{"start":{"line":63,"column":28},"end":{"line":63,"column":67}},"type":"binary-expr","locations":[{"start":{"line":63,"column":28},"end":{"line":63,"column":38}},{"start":{"line":63,"column":42},"end":{"line":63,"column":67}}],"line":63},"6":{"loc":{"start":{"line":66,"column":40},"end":{"line":66,"column":107}},"type":"binary-expr","locations":[{"start":{"line":66,"column":40},"end":{"line":66,"column":52}},{"start":{"line":66,"column":56},"end":{"line":66,"column":107}}],"line":66},"7":{"loc":{"start":{"line":83,"column":4},"end":{"line":86,"column":null}},"type":"if","locations":[{"start":{"line":83,"column":4},"end":{"line":86,"column":null}},{"start":{},"end":{}}],"line":83},"8":{"loc":{"start":{"line":88,"column":4},"end":{"line":91,"column":null}},"type":"if","locations":[{"start":{"line":88,"column":4},"end":{"line":91,"column":null}},{"start":{},"end":{}}],"line":88},"9":{"loc":{"start":{"line":105,"column":8},"end":{"line":107,"column":null}},"type":"if","locations":[{"start":{"line":105,"column":8},"end":{"line":107,"column":null}},{"start":{},"end":{}}],"line":105},"10":{"loc":{"start":{"line":106,"column":28},"end":{"line":106,"column":68}},"type":"binary-expr","locations":[{"start":{"line":106,"column":28},"end":{"line":106,"column":38}},{"start":{"line":106,"column":42},"end":{"line":106,"column":68}}],"line":106}},"s":{"0":0,"1":0,"2":0,"3":0,"4":0,"5":0,"6":0,"7":0,"8":0,"9":0,"10":0,"11":0,"12":0,"13":0,"14":0,"15":0,"16":0,"17":0,"18":0,"19":0,"20":0,"21":0,"22":0,"23":0,"24":0,"25":0,"26":0,"27":0,"28":0,"29":0,"30":0,"31":0,"32":0,"33":0,"34":0,"35":0,"36":0,"37":0,"38":0,"39":0,"40":0,"41":0,"42":0,"43":0,"44":0,"45":0,"46":0,"47":0,"48":0,"49":0,"50":0,"51":0,"52":0,"53":0,"54":0,"55":0,"56":0,"57":0,"58":0,"59":0,"60":0,"61":0,"62":0,"63":0,"64":0},"f":{"0":0,"1":0,"2":0,"3":0,"4":0},"b":{"0":[0,0],"1":[0,0],"2":[0,0],"3":[0,0],"4":[0,0],"5":[0,0],"6":[0,0],"7":[0,0],"8":[0,0],"9":[0,0],"10":[0,0]},"meta":{"lastBranch":11,"lastFunction":5,"lastStatement":65,"seen":{"s:2:0:28:Infinity":0,"f:2:46:2:47":0,"s:3:22:3:65":1,"s:4:18:4:40":2,"s:6:29:6:74":3,"s:7:31:7:78":4,"s:8:24:8:63":5,"s:10:29:10:74":6,"s:11:31:11:78":7,"b:13:4:19:Infinity:16:11:19:Infinity":0,"s:13:4:19:Infinity":8,"s:14:8:14:Infinity":9,"s:15:8:15:Infinity":10,"s:17:8:17:Infinity":11,"s:18:8:18:Infinity":12,"b:21:4:23:Infinity:undefined:undefined:undefined:undefined":1,"s:21:4:23:Infinity":13,"s:22:8:22:Infinity":14,"b:25:4:27:Infinity:undefined:undefined:undefined:undefined":2,"s:25:4:27:Infinity":15,"s:26:8:26:Infinity":16,"f:26:54:26:55":1,"s:26:61:26:91":17,"f:30:9:30:20":2,"s:31:4:31:Infinity":18,"s:32:4:32:Infinity":19,"s:33:4:33:Infinity":20,"s:35:4:35:Infinity":21,"s:36:4:36:Infinity":22,"f:39:15:39:33":3,"s:40:4:40:Infinity":23,"s:41:18:41:56":24,"s:42:22:42:69":25,"s:43:25:43:46":26,"b:45:4:48:Infinity:undefined:undefined:undefined:undefined":3,"s:45:4:48:Infinity":27,"s:46:8:46:Infinity":28,"s:47:8:47:Infinity":29,"s:50:4:50:Infinity":30,"s:51:4:51:Infinity":31,"s:53:4:73:Infinity":32,"s:54:25:58:10":33,"s:60:21:60:42":34,"b:62:8:64:Infinity:undefined:undefined:undefined:undefined":4,"s:62:8:64:Infinity":35,"s:63:12:63:Infinity":36,"b:63:28:63:38:63:42:63:67":5,"s:66:8:66:Infinity":37,"b:66:40:66:52:66:56:66:107":6,"s:69:8:69:Infinity":38,"s:70:8:70:Infinity":39,"s:71:8:71:Infinity":40,"s:72:8:72:Infinity":41,"f:76:15:76:35":4,"s:77:4:77:Infinity":42,"s:78:24:78:69":43,"s:79:28:79:77":44,"s:80:22:80:69":45,"s:81:25:81:46":46,"b:83:4:86:Infinity:undefined:undefined:undefined:undefined":7,"s:83:4:86:Infinity":47,"s:84:8:84:Infinity":48,"s:85:8:85:Infinity":49,"b:88:4:91:Infinity:undefined:undefined:undefined:undefined":8,"s:88:4:91:Infinity":50,"s:89:8:89:Infinity":51,"s:90:8:90:Infinity":52,"s:93:4:93:Infinity":53,"s:94:4:94:Infinity":54,"s:96:4:116:Infinity":55,"s:97:25:101:10":56,"s:103:21:103:42":57,"b:105:8:107:Infinity:undefined:undefined:undefined:undefined":9,"s:105:8:107:Infinity":58,"s:106:12:106:Infinity":59,"b:106:28:106:38:106:42:106:68":10,"s:109:8:109:Infinity":60,"s:112:8:112:Infinity":61,"s:113:8:113:Infinity":62,"s:114:8:114:Infinity":63,"s:115:8:115:Infinity":64}}}
}
